<?xml version="1.0" encoding="UTF-8" ?>
<testsuite failures="1" time="7.338" errors="0" skipped="15" tests="17" name="org.jboss.as.messaging.test.MessagingSubsystem20TestCase">
  <properties>
    <property name="java.runtime.name" value="Java(TM) SE Runtime Environment"/>
    <property name="sun.boot.library.path" value="/usr/java/jdk1.7.0_45/jre/lib/amd64"/>
    <property name="java.vm.version" value="24.45-b08"/>
    <property name="java.vm.vendor" value="Oracle Corporation"/>
    <property name="java.vendor.url" value="http://java.oracle.com/"/>
    <property name="path.separator" value=":"/>
    <property name="guice.disable.misplaced.annotation.check" value="true"/>
    <property name="java.vm.name" value="Java HotSpot(TM) 64-Bit Server VM"/>
    <property name="file.encoding.pkg" value="sun.io"/>
    <property name="user.country" value="US"/>
    <property name="sun.java.launcher" value="SUN_STANDARD"/>
    <property name="sun.os.patch.level" value="unknown"/>
    <property name="test" value="MessagingSubsystem20TestCase"/>
    <property name="java.vm.specification.name" value="Java Virtual Machine Specification"/>
    <property name="user.dir" value="/home/avoka/git/wildfly/messaging"/>
    <property name="java.runtime.version" value="1.7.0_45-b18"/>
    <property name="java.awt.graphicsenv" value="sun.awt.X11GraphicsEnvironment"/>
    <property name="java.endorsed.dirs" value="/usr/java/jdk1.7.0_45/jre/lib/endorsed"/>
    <property name="os.arch" value="amd64"/>
    <property name="java.io.tmpdir" value="/tmp"/>
    <property name="line.separator" value="
"/>
    <property name="java.vm.specification.vendor" value="Oracle Corporation"/>
    <property name="os.name" value="Linux"/>
    <property name="classworlds.conf" value="/home/avoka/maven/bin/m2.conf"/>
    <property name="sun.jnu.encoding" value="UTF-8"/>
    <property name="java.library.path" value="/usr/java/packages/lib/amd64:/usr/lib64:/lib64:/lib:/usr/lib"/>
    <property name="java.specification.name" value="Java Platform API Specification"/>
    <property name="java.class.version" value="51.0"/>
    <property name="sun.management.compiler" value="HotSpot 64-Bit Tiered Compilers"/>
    <property name="os.version" value="3.11.7-200.fc19.x86_64"/>
    <property name="user.home" value="/home/avoka"/>
    <property name="user.timezone" value="Europe/Zurich"/>
    <property name="java.awt.printerjob" value="sun.print.PSPrinterJob"/>
    <property name="file.encoding" value="UTF-8"/>
    <property name="java.specification.version" value="1.7"/>
    <property name="user.name" value="avoka"/>
    <property name="java.class.path" value="/home/avoka/maven/boot/plexus-classworlds-2.5.1.jar"/>
    <property name="org.slf4j.simpleLogger.defaultLogLevel" value="info"/>
    <property name="java.vm.specification.version" value="1.7"/>
    <property name="sun.arch.data.model" value="64"/>
    <property name="java.home" value="/usr/java/jdk1.7.0_45/jre"/>
    <property name="sun.java.command" value="org.codehaus.plexus.classworlds.launcher.Launcher test -Dtest=MessagingSubsystem20TestCase"/>
    <property name="java.specification.vendor" value="Oracle Corporation"/>
    <property name="user.language" value="en"/>
    <property name="awt.toolkit" value="sun.awt.X11.XToolkit"/>
    <property name="java.vm.info" value="mixed mode"/>
    <property name="java.version" value="1.7.0_45"/>
    <property name="java.ext.dirs" value="/usr/java/jdk1.7.0_45/jre/lib/ext:/usr/java/packages/lib/ext"/>
    <property name="securerandom.source" value="file:/dev/./urandom"/>
    <property name="sun.boot.class.path" value="/usr/java/jdk1.7.0_45/jre/lib/resources.jar:/usr/java/jdk1.7.0_45/jre/lib/rt.jar:/usr/java/jdk1.7.0_45/jre/lib/sunrsasign.jar:/usr/java/jdk1.7.0_45/jre/lib/jsse.jar:/usr/java/jdk1.7.0_45/jre/lib/jce.jar:/usr/java/jdk1.7.0_45/jre/lib/charsets.jar:/usr/java/jdk1.7.0_45/jre/lib/jfr.jar:/usr/java/jdk1.7.0_45/jre/classes"/>
    <property name="java.vendor" value="Oracle Corporation"/>
    <property name="maven.home" value="/home/avoka/maven"/>
    <property name="file.separator" value="/"/>
    <property name="java.vendor.url.bug" value="http://bugreport.sun.com/bugreport/"/>
    <property name="sun.cpu.endian" value="little"/>
    <property name="sun.io.unicode.encoding" value="UnicodeLittle"/>
    <property name="sun.desktop" value="gnome"/>
    <property name="sun.cpu.isalist" value=""/>
  </properties>
  <testcase time="0" classname="org.jboss.as.messaging.test.MessagingSubsystem20TestCase" name="testTransformersAS712">
    <skipped/>
  </testcase>
  <testcase time="0.002" classname="org.jboss.as.messaging.test.MessagingSubsystem20TestCase" name="testTransformersAS713">
    <skipped/>
  </testcase>
  <testcase time="5.129" classname="org.jboss.as.messaging.test.MessagingSubsystem20TestCase" name="testTransformersAS720">
    <failure message="hornetq-server/default/: {
    &quot;allow-failback&quot; =&gt; false,
    &quot;async-connection-execution-enabled&quot; =&gt; false,
    &quot;backup&quot; =&gt; false,
    &quot;backup-group-name&quot; =&gt; undefined,
    &quot;check-for-live-server&quot; =&gt; false,
    &quot;cluster-password&quot; =&gt; expression &quot;${messaging.cluster.user.password}&quot;,
    &quot;cluster-user&quot; =&gt; expression &quot;${messaging.cluster.user.name}&quot;,
    &quot;clustered&quot; =&gt; false,
    &quot;connection-ttl-override&quot; =&gt; 5432L,
    &quot;create-bindings-dir&quot; =&gt; false,
    &quot;create-journal-dir&quot; =&gt; true,
    &quot;failback-delay&quot; =&gt; 9876L,
    &quot;failover-on-shutdown&quot; =&gt; true,
    &quot;id-cache-size&quot; =&gt; 102030,
    &quot;jmx-domain&quot; =&gt; &quot;my.jmx.domain&quot;,
    &quot;jmx-management-enabled&quot; =&gt; false,
    &quot;journal-buffer-size&quot; =&gt; 2468L,
    &quot;journal-buffer-timeout&quot; =&gt; 1357L,
    &quot;journal-compact-min-files&quot; =&gt; 2,
    &quot;journal-compact-percentage&quot; =&gt; 83,
    &quot;journal-file-size&quot; =&gt; 102400L,
    &quot;journal-max-io&quot; =&gt; 50,
    &quot;journal-min-files&quot; =&gt; 2,
    &quot;journal-sync-non-transactional&quot; =&gt; true,
    &quot;journal-sync-transactional&quot; =&gt; false,
    &quot;journal-type&quot; =&gt; &quot;NIO&quot;,
    &quot;log-journal-write-rate&quot; =&gt; true,
    &quot;management-address&quot; =&gt; &quot;my.management.address&quot;,
    &quot;management-notification-address&quot; =&gt; &quot;my.management.notif.address&quot;,
    &quot;memory-measure-interval&quot; =&gt; 2048L,
    &quot;memory-warning-threshold&quot; =&gt; 1024,
    &quot;message-counter-enabled&quot; =&gt; true,
    &quot;message-counter-max-day-history&quot; =&gt; 23,
    &quot;message-counter-sample-period&quot; =&gt; 7654L,
    &quot;message-expiry-scan-period&quot; =&gt; 7654L,
    &quot;message-expiry-thread-priority&quot; =&gt; 7,
    &quot;page-max-concurrent-io&quot; =&gt; 10,
    &quot;perf-blast-pages&quot; =&gt; 70,
    &quot;persist-delivery-count-before-delivery&quot; =&gt; true,
    &quot;persist-id-cache&quot; =&gt; false,
    &quot;persistence-enabled&quot; =&gt; false,
    &quot;remoting-incoming-interceptors&quot; =&gt; undefined,
    &quot;remoting-interceptors&quot; =&gt; [
        &quot;foo.bar&quot;,
        &quot;bar.foo&quot;
    ],
    &quot;remoting-outgoing-interceptors&quot; =&gt; undefined,
    &quot;replication-clustername&quot; =&gt; undefined,
    &quot;run-sync-speed-test&quot; =&gt; false,
    &quot;runtime-queue&quot; =&gt; undefined,
    &quot;scheduled-thread-pool-max-size&quot; =&gt; expression &quot;${messaging.scheduled.thread.pool.max.size:6}&quot;,
    &quot;security-domain&quot; =&gt; &quot;someDomain&quot;,
    &quot;security-enabled&quot; =&gt; false,
    &quot;security-invalidation-interval&quot; =&gt; 1234L,
    &quot;server-dump-interval&quot; =&gt; 8642L,
    &quot;shared-store&quot; =&gt; true,
    &quot;thread-pool-max-size&quot; =&gt; expression &quot;${messaging.thread.pool.max.size:5}&quot;,
    &quot;transaction-timeout&quot; =&gt; 4321L,
    &quot;transaction-timeout-scan-period&quot; =&gt; 5432L,
    &quot;wild-card-routing-enabled&quot; =&gt; false,
    &quot;acceptor&quot; =&gt; {&quot;myacceptor&quot; =&gt; {
        &quot;factory-class&quot; =&gt; &quot;org.hornetq.core.remoting.impl.netty.NettyAcceptorFactory&quot;,
        &quot;socket-binding&quot; =&gt; undefined,
        &quot;param&quot; =&gt; {&quot;batch-delay&quot; =&gt; {&quot;value&quot; =&gt; &quot;50&quot;}}
    }},
    &quot;address-setting&quot; =&gt; {&quot;#&quot; =&gt; {
        &quot;address-full-policy&quot; =&gt; &quot;BLOCK&quot;,
        &quot;dead-letter-address&quot; =&gt; &quot;jms.queue.DLQ&quot;,
        &quot;expiry-address&quot; =&gt; &quot;jms.queue.ExpiryQueue&quot;,
        &quot;last-value-queue&quot; =&gt; false,
        &quot;max-delivery-attempts&quot; =&gt; 5,
        &quot;max-size-bytes&quot; =&gt; 10485760L,
        &quot;message-counter-history-day-limit&quot; =&gt; 10,
        &quot;page-max-cache-size&quot; =&gt; 7,
        &quot;page-size-bytes&quot; =&gt; 10485760L,
        &quot;redelivery-delay&quot; =&gt; 0L,
        &quot;redistribution-delay&quot; =&gt; 0L,
        &quot;send-to-dla-on-no-route&quot; =&gt; false
    }},
    &quot;bridge&quot; =&gt; {
        &quot;bridge1&quot; =&gt; {
            &quot;check-period&quot; =&gt; 666L,
            &quot;confirmation-window-size&quot; =&gt; 350,
            &quot;connection-ttl&quot; =&gt; 36000L,
            &quot;discovery-group-name&quot; =&gt; undefined,
            &quot;filter&quot; =&gt; &quot;afilter&quot;,
            &quot;forwarding-address&quot; =&gt; &quot;forwardingaddress1&quot;,
            &quot;ha&quot; =&gt; true,
            &quot;max-retry-interval&quot; =&gt; 3000L,
            &quot;min-large-message-size&quot; =&gt; 10240,
            &quot;password&quot; =&gt; expression &quot;${password:secret}&quot;,
            &quot;queue-name&quot; =&gt; &quot;coreQueueA&quot;,
            &quot;reconnect-attempts&quot; =&gt; 3,
            &quot;retry-interval&quot; =&gt; 750L,
            &quot;retry-interval-multiplier&quot; =&gt; big decimal 2,
            &quot;static-connectors&quot; =&gt; [
                &quot;in-vm&quot;,
                &quot;netty&quot;
            ],
            &quot;transformer-class-name&quot; =&gt; &quot;foo.bar&quot;,
            &quot;use-duplicate-detection&quot; =&gt; true,
            &quot;user&quot; =&gt; expression &quot;${user:Brian}&quot;
        },
        &quot;bridge2&quot; =&gt; {
            &quot;check-period&quot; =&gt; 30000L,
            &quot;confirmation-window-size&quot; =&gt; 1048576,
            &quot;connection-ttl&quot; =&gt; 60000L,
            &quot;discovery-group-name&quot; =&gt; &quot;groupC&quot;,
            &quot;filter&quot; =&gt; undefined,
            &quot;forwarding-address&quot; =&gt; undefined,
            &quot;ha&quot; =&gt; false,
            &quot;max-retry-interval&quot; =&gt; 2000L,
            &quot;min-large-message-size&quot; =&gt; 102400,
            &quot;password&quot; =&gt; &quot;CHANGE ME!!&quot;,
            &quot;queue-name&quot; =&gt; &quot;coreQueueB&quot;,
            &quot;reconnect-attempts&quot; =&gt; -1,
            &quot;retry-interval&quot; =&gt; 2000L,
            &quot;retry-interval-multiplier&quot; =&gt; 1.0,
            &quot;static-connectors&quot; =&gt; undefined,
            &quot;transformer-class-name&quot; =&gt; undefined,
            &quot;use-duplicate-detection&quot; =&gt; true,
            &quot;user&quot; =&gt; &quot;HORNETQ.CLUSTER.ADMIN.USER&quot;
        }
    },
    &quot;broadcast-group&quot; =&gt; {
        &quot;groupA&quot; =&gt; {
            &quot;broadcast-period&quot; =&gt; 2500L,
            &quot;connectors&quot; =&gt; [
                &quot;netty&quot;,
                &quot;netty-throughput&quot;
            ],
            &quot;group-address&quot; =&gt; &quot;224.0.1.105&quot;,
            &quot;group-port&quot; =&gt; 23456,
            &quot;local-bind-address&quot; =&gt; &quot;localhost&quot;,
            &quot;local-bind-port&quot; =&gt; 12345
        },
        &quot;groupB&quot; =&gt; {
            &quot;broadcast-period&quot; =&gt; 2000L,
            &quot;group-address&quot; =&gt; &quot;224.0.1.105&quot;,
            &quot;group-port&quot; =&gt; 34567,
            &quot;local-bind-port&quot; =&gt; -1
        },
        &quot;groupS&quot; =&gt; {
            &quot;broadcast-period&quot; =&gt; 2000L,
            &quot;local-bind-port&quot; =&gt; -1,
            &quot;socket-binding&quot; =&gt; &quot;group-s-binding&quot;
        }
    },
    &quot;cluster-connection&quot; =&gt; {
        &quot;cc1&quot; =&gt; {
            &quot;allow-direct-connections-only&quot; =&gt; false,
            &quot;call-failover-timeout&quot; =&gt; -1L,
            &quot;call-timeout&quot; =&gt; 3456L,
            &quot;check-period&quot; =&gt; 2345L,
            &quot;cluster-connection-address&quot; =&gt; &quot;cc1-address&quot;,
            &quot;confirmation-window-size&quot; =&gt; 459,
            &quot;connection-ttl&quot; =&gt; 1234L,
            &quot;connector-ref&quot; =&gt; &quot;netty&quot;,
            &quot;discovery-group-name&quot; =&gt; undefined,
            &quot;forward-when-no-consumers&quot; =&gt; true,
            &quot;max-hops&quot; =&gt; 7,
            &quot;max-retry-interval&quot; =&gt; 3600L,
            &quot;min-large-message-size&quot; =&gt; 10245,
            &quot;notification-attempts&quot; =&gt; 2,
            &quot;notification-interval&quot; =&gt; 1000L,
            &quot;reconnect-attempts&quot; =&gt; -1,
            &quot;retry-interval&quot; =&gt; 987L,
            &quot;retry-interval-multiplier&quot; =&gt; big decimal 3.0,
            &quot;static-connectors&quot; =&gt; [
                &quot;in-vm&quot;,
                &quot;netty&quot;
            ],
            &quot;use-duplicate-detection&quot; =&gt; true
        },
        &quot;cc2&quot; =&gt; {
            &quot;allow-direct-connections-only&quot; =&gt; true,
            &quot;call-failover-timeout&quot; =&gt; -1L,
            &quot;call-timeout&quot; =&gt; 30000L,
            &quot;check-period&quot; =&gt; 30000L,
            &quot;cluster-connection-address&quot; =&gt; &quot;cc2-address&quot;,
            &quot;confirmation-window-size&quot; =&gt; 1048576,
            &quot;connection-ttl&quot; =&gt; 60000L,
            &quot;connector-ref&quot; =&gt; &quot;netty&quot;,
            &quot;discovery-group-name&quot; =&gt; undefined,
            &quot;forward-when-no-consumers&quot; =&gt; false,
            &quot;max-hops&quot; =&gt; 1,
            &quot;max-retry-interval&quot; =&gt; 2000L,
            &quot;min-large-message-size&quot; =&gt; 102400,
            &quot;notification-attempts&quot; =&gt; 2,
            &quot;notification-interval&quot; =&gt; 1000L,
            &quot;reconnect-attempts&quot; =&gt; -1,
            &quot;retry-interval&quot; =&gt; 500L,
            &quot;retry-interval-multiplier&quot; =&gt; 1.0,
            &quot;static-connectors&quot; =&gt; [
                &quot;in-vm&quot;,
                &quot;netty&quot;
            ],
            &quot;use-duplicate-detection&quot; =&gt; true
        },
        &quot;cc3&quot; =&gt; {
            &quot;allow-direct-connections-only&quot; =&gt; false,
            &quot;call-failover-timeout&quot; =&gt; -1L,
            &quot;call-timeout&quot; =&gt; 30000L,
            &quot;check-period&quot; =&gt; 30000L,
            &quot;cluster-connection-address&quot; =&gt; &quot;cc3-address&quot;,
            &quot;confirmation-window-size&quot; =&gt; 1048576,
            &quot;connection-ttl&quot; =&gt; 60000L,
            &quot;connector-ref&quot; =&gt; &quot;netty&quot;,
            &quot;discovery-group-name&quot; =&gt; &quot;groupC&quot;,
            &quot;forward-when-no-consumers&quot; =&gt; false,
            &quot;max-hops&quot; =&gt; 1,
            &quot;max-retry-interval&quot; =&gt; 2000L,
            &quot;min-large-message-size&quot; =&gt; 102400,
            &quot;notification-attempts&quot; =&gt; 2,
            &quot;notification-interval&quot; =&gt; 1000L,
            &quot;reconnect-attempts&quot; =&gt; -1,
            &quot;retry-interval&quot; =&gt; 500L,
            &quot;retry-interval-multiplier&quot; =&gt; 1.0,
            &quot;static-connectors&quot; =&gt; undefined,
            &quot;use-duplicate-detection&quot; =&gt; true
        },
        &quot;cc4&quot; =&gt; {
            &quot;allow-direct-connections-only&quot; =&gt; false,
            &quot;call-failover-timeout&quot; =&gt; -1L,
            &quot;call-timeout&quot; =&gt; 30000L,
            &quot;check-period&quot; =&gt; 30000L,
            &quot;cluster-connection-address&quot; =&gt; &quot;cc4-address&quot;,
            &quot;confirmation-window-size&quot; =&gt; 1048576,
            &quot;connection-ttl&quot; =&gt; 60000L,
            &quot;connector-ref&quot; =&gt; &quot;netty-throughput&quot;,
            &quot;discovery-group-name&quot; =&gt; undefined,
            &quot;forward-when-no-consumers&quot; =&gt; false,
            &quot;max-hops&quot; =&gt; 1,
            &quot;max-retry-interval&quot; =&gt; 2000L,
            &quot;min-large-message-size&quot; =&gt; 102400,
            &quot;notification-attempts&quot; =&gt; 2,
            &quot;notification-interval&quot; =&gt; 1000L,
            &quot;reconnect-attempts&quot; =&gt; -1,
            &quot;retry-interval&quot; =&gt; 500L,
            &quot;retry-interval-multiplier&quot; =&gt; 1.0,
            &quot;static-connectors&quot; =&gt; [
                &quot;in-vm&quot;,
                &quot;netty&quot;
            ],
            &quot;use-duplicate-detection&quot; =&gt; true
        },
        &quot;cc5&quot; =&gt; {
            &quot;allow-direct-connections-only&quot; =&gt; false,
            &quot;call-failover-timeout&quot; =&gt; -1L,
            &quot;call-timeout&quot; =&gt; 30000L,
            &quot;check-period&quot; =&gt; 30000L,
            &quot;cluster-connection-address&quot; =&gt; &quot;cc3-address&quot;,
            &quot;confirmation-window-size&quot; =&gt; 1048576,
            &quot;connection-ttl&quot; =&gt; 60000L,
            &quot;connector-ref&quot; =&gt; &quot;netty&quot;,
            &quot;discovery-group-name&quot; =&gt; undefined,
            &quot;forward-when-no-consumers&quot; =&gt; false,
            &quot;max-hops&quot; =&gt; 1,
            &quot;max-retry-interval&quot; =&gt; 2000L,
            &quot;min-large-message-size&quot; =&gt; 102400,
            &quot;notification-attempts&quot; =&gt; 2,
            &quot;notification-interval&quot; =&gt; 1000L,
            &quot;reconnect-attempts&quot; =&gt; -1,
            &quot;retry-interval&quot; =&gt; 500L,
            &quot;retry-interval-multiplier&quot; =&gt; 1.0,
            &quot;static-connectors&quot; =&gt; undefined,
            &quot;use-duplicate-detection&quot; =&gt; true
        }
    },
    &quot;connection-factory&quot; =&gt; {
        &quot;InVmConnectionFactory&quot; =&gt; {
            &quot;auto-group&quot; =&gt; false,
            &quot;block-on-acknowledge&quot; =&gt; false,
            &quot;block-on-durable-send&quot; =&gt; true,
            &quot;block-on-non-durable-send&quot; =&gt; false,
            &quot;cache-large-message-client&quot; =&gt; false,
            &quot;call-failover-timeout&quot; =&gt; -1L,
            &quot;call-timeout&quot; =&gt; 30000L,
            &quot;client-failure-check-period&quot; =&gt; 30000L,
            &quot;client-id&quot; =&gt; undefined,
            &quot;compress-large-messages&quot; =&gt; false,
            &quot;confirmation-window-size&quot; =&gt; -1,
            &quot;connection-load-balancing-policy-class-name&quot; =&gt; &quot;org.hornetq.api.core.client.loadbalance.RoundRobinConnectionLoadBalancingPolicy&quot;,
            &quot;connection-ttl&quot; =&gt; 60000L,
            &quot;connector&quot; =&gt; {&quot;in-vm&quot; =&gt; undefined},
            &quot;consumer-max-rate&quot; =&gt; -1,
            &quot;consumer-window-size&quot; =&gt; 1048576,
            &quot;discovery-group-name&quot; =&gt; undefined,
            &quot;discovery-initial-wait-timeout&quot; =&gt; undefined,
            &quot;dups-ok-batch-size&quot; =&gt; 1048576,
            &quot;entries&quot; =&gt; [&quot;java:/ConnectionFactory&quot;],
            &quot;factory-type&quot; =&gt; &quot;GENERIC&quot;,
            &quot;failover-on-initial-connection&quot; =&gt; false,
            &quot;failover-on-server-shutdown&quot; =&gt; undefined,
            &quot;group-id&quot; =&gt; undefined,
            &quot;ha&quot; =&gt; false,
            &quot;max-retry-interval&quot; =&gt; 2000L,
            &quot;min-large-message-size&quot; =&gt; 102400,
            &quot;pre-acknowledge&quot; =&gt; false,
            &quot;producer-max-rate&quot; =&gt; -1,
            &quot;producer-window-size&quot; =&gt; 65536,
            &quot;reconnect-attempts&quot; =&gt; 0,
            &quot;retry-interval&quot; =&gt; 2000L,
            &quot;retry-interval-multiplier&quot; =&gt; 1.0,
            &quot;scheduled-thread-pool-max-size&quot; =&gt; 5,
            &quot;thread-pool-max-size&quot; =&gt; 30,
            &quot;transaction-batch-size&quot; =&gt; 1048576,
            &quot;use-global-pools&quot; =&gt; true
        },
        &quot;RemoteConnectionFactory&quot; =&gt; {
            &quot;auto-group&quot; =&gt; false,
            &quot;block-on-acknowledge&quot; =&gt; false,
            &quot;block-on-durable-send&quot; =&gt; true,
            &quot;block-on-non-durable-send&quot; =&gt; false,
            &quot;cache-large-message-client&quot; =&gt; false,
            &quot;call-failover-timeout&quot; =&gt; -1L,
            &quot;call-timeout&quot; =&gt; 30000L,
            &quot;client-failure-check-period&quot; =&gt; 30000L,
            &quot;client-id&quot; =&gt; &quot;testClient&quot;,
            &quot;compress-large-messages&quot; =&gt; false,
            &quot;confirmation-window-size&quot; =&gt; -1,
            &quot;connection-load-balancing-policy-class-name&quot; =&gt; &quot;org.hornetq.api.core.client.loadbalance.RoundRobinConnectionLoadBalancingPolicy&quot;,
            &quot;connection-ttl&quot; =&gt; 60000L,
            &quot;connector&quot; =&gt; {&quot;netty&quot; =&gt; undefined},
            &quot;consumer-max-rate&quot; =&gt; -1,
            &quot;consumer-window-size&quot; =&gt; 1048576,
            &quot;discovery-group-name&quot; =&gt; undefined,
            &quot;discovery-initial-wait-timeout&quot; =&gt; undefined,
            &quot;dups-ok-batch-size&quot; =&gt; 1048576,
            &quot;entries&quot; =&gt; [&quot;RemoteConnectionFactory&quot;],
            &quot;factory-type&quot; =&gt; &quot;XA_QUEUE&quot;,
            &quot;failover-on-initial-connection&quot; =&gt; false,
            &quot;failover-on-server-shutdown&quot; =&gt; undefined,
            &quot;group-id&quot; =&gt; undefined,
            &quot;ha&quot; =&gt; false,
            &quot;max-retry-interval&quot; =&gt; 2000L,
            &quot;min-large-message-size&quot; =&gt; 102400,
            &quot;pre-acknowledge&quot; =&gt; false,
            &quot;producer-max-rate&quot; =&gt; -1,
            &quot;producer-window-size&quot; =&gt; 65536,
            &quot;reconnect-attempts&quot; =&gt; 0,
            &quot;retry-interval&quot; =&gt; 2000L,
            &quot;retry-interval-multiplier&quot; =&gt; 1.0,
            &quot;scheduled-thread-pool-max-size&quot; =&gt; 5,
            &quot;thread-pool-max-size&quot; =&gt; 30,
            &quot;transaction-batch-size&quot; =&gt; 1048576,
            &quot;use-global-pools&quot; =&gt; true
        },
        &quot;otherConnectionFactory&quot; =&gt; {
            &quot;auto-group&quot; =&gt; true,
            &quot;block-on-acknowledge&quot; =&gt; false,
            &quot;block-on-durable-send&quot; =&gt; false,
            &quot;block-on-non-durable-send&quot; =&gt; false,
            &quot;cache-large-message-client&quot; =&gt; false,
            &quot;call-failover-timeout&quot; =&gt; -1L,
            &quot;call-timeout&quot; =&gt; 123L,
            &quot;client-failure-check-period&quot; =&gt; 12345L,
            &quot;client-id&quot; =&gt; &quot;myClientID&quot;,
            &quot;compress-large-messages&quot; =&gt; false,
            &quot;confirmation-window-size&quot; =&gt; -1,
            &quot;connection-load-balancing-policy-class-name&quot; =&gt; &quot;not.a.real.Class&quot;,
            &quot;connection-ttl&quot; =&gt; 56789L,
            &quot;connector&quot; =&gt; undefined,
            &quot;consumer-max-rate&quot; =&gt; 789,
            &quot;consumer-window-size&quot; =&gt; 456,
            &quot;discovery-group-name&quot; =&gt; &quot;groupC&quot;,
            &quot;discovery-initial-wait-timeout&quot; =&gt; undefined,
            &quot;dups-ok-batch-size&quot; =&gt; 256,
            &quot;entries&quot; =&gt; [&quot;otherConnectionFactory&quot;],
            &quot;factory-type&quot; =&gt; &quot;GENERIC&quot;,
            &quot;failover-on-initial-connection&quot; =&gt; true,
            &quot;failover-on-server-shutdown&quot; =&gt; true,
            &quot;group-id&quot; =&gt; &quot;myGroup&quot;,
            &quot;ha&quot; =&gt; true,
            &quot;max-retry-interval&quot; =&gt; 10000L,
            &quot;min-large-message-size&quot; =&gt; 2048,
            &quot;pre-acknowledge&quot; =&gt; true,
            &quot;producer-max-rate&quot; =&gt; 1024,
            &quot;producer-window-size&quot; =&gt; -1,
            &quot;reconnect-attempts&quot; =&gt; 2,
            &quot;retry-interval&quot; =&gt; 500L,
            &quot;retry-interval-multiplier&quot; =&gt; big decimal 2.5,
            &quot;scheduled-thread-pool-max-size&quot; =&gt; 24,
            &quot;thread-pool-max-size&quot; =&gt; 48,
            &quot;transaction-batch-size&quot; =&gt; 512,
            &quot;use-global-pools&quot; =&gt; true
        }
    },
    &quot;connector&quot; =&gt; {&quot;myconnector&quot; =&gt; {
        &quot;factory-class&quot; =&gt; &quot;org.hornetq.core.remoting.impl.netty.NettyConnectorFactory&quot;,
        &quot;socket-binding&quot; =&gt; undefined,
        &quot;param&quot; =&gt; {
            &quot;host&quot; =&gt; {&quot;value&quot; =&gt; &quot;192.168.1.2&quot;},
            &quot;port&quot; =&gt; {&quot;value&quot; =&gt; &quot;5445&quot;}
        }
    }},
    &quot;connector-service&quot; =&gt; {
        &quot;a&quot; =&gt; {
            &quot;factory-class&quot; =&gt; &quot;foo.bar&quot;,
            &quot;param&quot; =&gt; undefined
        },
        &quot;b&quot; =&gt; {
            &quot;factory-class&quot; =&gt; &quot;bar.foo&quot;,
            &quot;param&quot; =&gt; {
                &quot;foo&quot; =&gt; {&quot;value&quot; =&gt; &quot;bar&quot;},
                &quot;bar&quot; =&gt; {&quot;value&quot; =&gt; &quot;2&quot;}
            }
        }
    },
    &quot;discovery-group&quot; =&gt; {
        &quot;groupC&quot; =&gt; {
            &quot;group-address&quot; =&gt; &quot;224.0.1.105&quot;,
            &quot;group-port&quot; =&gt; 45678,
            &quot;initial-wait-timeout&quot; =&gt; 7500L,
            &quot;local-bind-address&quot; =&gt; &quot;localhost&quot;,
            &quot;refresh-timeout&quot; =&gt; 3500L
        },
        &quot;groupD&quot; =&gt; {
            &quot;group-address&quot; =&gt; &quot;224.0.1.105&quot;,
            &quot;group-port&quot; =&gt; 56789,
            &quot;initial-wait-timeout&quot; =&gt; 10000L,
            &quot;refresh-timeout&quot; =&gt; 10000L
        },
        &quot;groupT&quot; =&gt; {
            &quot;initial-wait-timeout&quot; =&gt; 10000L,
            &quot;refresh-timeout&quot; =&gt; 10000L,
            &quot;socket-binding&quot; =&gt; &quot;group-t-binding&quot;
        }
    },
    &quot;divert&quot; =&gt; {
        &quot;testDivert1&quot; =&gt; {
            &quot;divert-address&quot; =&gt; &quot;address1&quot;,
            &quot;exclusive&quot; =&gt; true,
            &quot;filter&quot; =&gt; &quot;afilter&quot;,
            &quot;forwarding-address&quot; =&gt; &quot;forwardingaddress1&quot;,
            &quot;routing-name&quot; =&gt; &quot;routing&quot;,
            &quot;transformer-class-name&quot; =&gt; &quot;org.jboss.test.Transformer&quot;
        },
        &quot;testDivert2&quot; =&gt; {
            &quot;divert-address&quot; =&gt; &quot;address2&quot;,
            &quot;exclusive&quot; =&gt; false,
            &quot;filter&quot; =&gt; undefined,
            &quot;forwarding-address&quot; =&gt; &quot;forwardingaddress2&quot;,
            &quot;routing-name&quot; =&gt; undefined,
            &quot;transformer-class-name&quot; =&gt; undefined
        }
    },
    &quot;grouping-handler&quot; =&gt; {&quot;grouping-handler&quot; =&gt; {
        &quot;grouping-handler-address&quot; =&gt; &quot;handler-address&quot;,
        &quot;timeout&quot; =&gt; 5000,
        &quot;type&quot; =&gt; &quot;LOCAL&quot;
    }},
    &quot;in-vm-acceptor&quot; =&gt; {&quot;in-vm&quot; =&gt; {
        &quot;server-id&quot; =&gt; 0,
        &quot;param&quot; =&gt; {&quot;direct-deliver&quot; =&gt; {&quot;value&quot; =&gt; &quot;true&quot;}}
    }},
    &quot;in-vm-connector&quot; =&gt; {&quot;in-vm&quot; =&gt; {
        &quot;param&quot; =&gt; undefined,
        &quot;server-id&quot; =&gt; 0
    }},
    &quot;jms-queue&quot; =&gt; {&quot;testQueue&quot; =&gt; {
        &quot;durable&quot; =&gt; true,
        &quot;entries&quot; =&gt; [&quot;queue/test&quot;],
        &quot;selector&quot; =&gt; &quot;color=&apos;red&apos;&quot;
    }},
    &quot;jms-topic&quot; =&gt; {&quot;testTopic&quot; =&gt; {&quot;entries&quot; =&gt; [&quot;topic/test&quot;]}},
    &quot;path&quot; =&gt; {
        &quot;paging-directory&quot; =&gt; {
            &quot;path&quot; =&gt; &quot;test&quot;,
            &quot;relative-to&quot; =&gt; &quot;test&quot;
        },
        &quot;bindings-directory&quot; =&gt; {
            &quot;path&quot; =&gt; &quot;test&quot;,
            &quot;relative-to&quot; =&gt; &quot;test&quot;
        },
        &quot;journal-directory&quot; =&gt; {
            &quot;path&quot; =&gt; &quot;test&quot;,
            &quot;relative-to&quot; =&gt; &quot;test&quot;
        },
        &quot;large-messages-directory&quot; =&gt; {
            &quot;path&quot; =&gt; &quot;test&quot;,
            &quot;relative-to&quot; =&gt; &quot;test&quot;
        }
    },
    &quot;pooled-connection-factory&quot; =&gt; {
        &quot;hornetq-ra&quot; =&gt; {
            &quot;auto-group&quot; =&gt; true,
            &quot;block-on-acknowledge&quot; =&gt; false,
            &quot;block-on-durable-send&quot; =&gt; false,
            &quot;block-on-non-durable-send&quot; =&gt; false,
            &quot;cache-large-message-client&quot; =&gt; false,
            &quot;call-failover-timeout&quot; =&gt; -1L,
            &quot;call-timeout&quot; =&gt; 123L,
            &quot;client-failure-check-period&quot; =&gt; 12345L,
            &quot;client-id&quot; =&gt; &quot;myClientID&quot;,
            &quot;compress-large-messages&quot; =&gt; false,
            &quot;confirmation-window-size&quot; =&gt; -1,
            &quot;connection-load-balancing-policy-class-name&quot; =&gt; &quot;not.a.real.Class&quot;,
            &quot;connection-ttl&quot; =&gt; 56789L,
            &quot;connector&quot; =&gt; {&quot;in-vm&quot; =&gt; undefined},
            &quot;consumer-max-rate&quot; =&gt; 789,
            &quot;consumer-window-size&quot; =&gt; 456,
            &quot;discovery-group-name&quot; =&gt; undefined,
            &quot;discovery-initial-wait-timeout&quot; =&gt; undefined,
            &quot;dups-ok-batch-size&quot; =&gt; 256,
            &quot;entries&quot; =&gt; [&quot;java:/JmsXA&quot;],
            &quot;failover-on-initial-connection&quot; =&gt; true,
            &quot;failover-on-server-shutdown&quot; =&gt; true,
            &quot;group-id&quot; =&gt; &quot;myGroup&quot;,
            &quot;ha&quot; =&gt; true,
            &quot;initial-connect-attempts&quot; =&gt; 1,
            &quot;initial-message-packet-size&quot; =&gt; 1500,
            &quot;jndi-params&quot; =&gt; &quot;whatever&quot;,
            &quot;max-pool-size&quot; =&gt; 242,
            &quot;max-retry-interval&quot; =&gt; 10000L,
            &quot;min-large-message-size&quot; =&gt; 2048,
            &quot;min-pool-size&quot; =&gt; 42,
            &quot;password&quot; =&gt; &quot;alicepassword&quot;,
            &quot;pre-acknowledge&quot; =&gt; true,
            &quot;producer-max-rate&quot; =&gt; 1024,
            &quot;producer-window-size&quot; =&gt; -1,
            &quot;reconnect-attempts&quot; =&gt; 2,
            &quot;retry-interval&quot; =&gt; 500L,
            &quot;retry-interval-multiplier&quot; =&gt; big decimal 2.5,
            &quot;scheduled-thread-pool-max-size&quot; =&gt; 24,
            &quot;setup-attempts&quot; =&gt; 123,
            &quot;setup-interval&quot; =&gt; 456L,
            &quot;thread-pool-max-size&quot; =&gt; 48,
            &quot;transaction&quot; =&gt; &quot;xa&quot;,
            &quot;transaction-batch-size&quot; =&gt; 512,
            &quot;use-auto-recovery&quot; =&gt; true,
            &quot;use-global-pools&quot; =&gt; true,
            &quot;use-jndi&quot; =&gt; false,
            &quot;use-local-tx&quot; =&gt; true,
            &quot;user&quot; =&gt; &quot;alice&quot;
        },
        &quot;hornetq-ra-local&quot; =&gt; {
            &quot;auto-group&quot; =&gt; false,
            &quot;block-on-acknowledge&quot; =&gt; false,
            &quot;block-on-durable-send&quot; =&gt; true,
            &quot;block-on-non-durable-send&quot; =&gt; false,
            &quot;cache-large-message-client&quot; =&gt; false,
            &quot;call-failover-timeout&quot; =&gt; -1L,
            &quot;call-timeout&quot; =&gt; 30000L,
            &quot;client-failure-check-period&quot; =&gt; 30000L,
            &quot;client-id&quot; =&gt; undefined,
            &quot;compress-large-messages&quot; =&gt; false,
            &quot;confirmation-window-size&quot; =&gt; -1,
            &quot;connection-load-balancing-policy-class-name&quot; =&gt; &quot;org.hornetq.api.core.client.loadbalance.RoundRobinConnectionLoadBalancingPolicy&quot;,
            &quot;connection-ttl&quot; =&gt; 60000L,
            &quot;connector&quot; =&gt; {&quot;in-vm&quot; =&gt; undefined},
            &quot;consumer-max-rate&quot; =&gt; -1,
            &quot;consumer-window-size&quot; =&gt; 1048576,
            &quot;discovery-group-name&quot; =&gt; undefined,
            &quot;discovery-initial-wait-timeout&quot; =&gt; undefined,
            &quot;dups-ok-batch-size&quot; =&gt; 1048576,
            &quot;entries&quot; =&gt; [&quot;java:/JmsLocal&quot;],
            &quot;failover-on-initial-connection&quot; =&gt; false,
            &quot;failover-on-server-shutdown&quot; =&gt; undefined,
            &quot;group-id&quot; =&gt; undefined,
            &quot;ha&quot; =&gt; false,
            &quot;initial-connect-attempts&quot; =&gt; 1,
            &quot;initial-message-packet-size&quot; =&gt; 1500,
            &quot;jndi-params&quot; =&gt; undefined,
            &quot;max-pool-size&quot; =&gt; -1,
            &quot;max-retry-interval&quot; =&gt; 2000L,
            &quot;min-large-message-size&quot; =&gt; 102400,
            &quot;min-pool-size&quot; =&gt; -1,
            &quot;password&quot; =&gt; &quot;alicepassword&quot;,
            &quot;pre-acknowledge&quot; =&gt; false,
            &quot;producer-max-rate&quot; =&gt; -1,
            &quot;producer-window-size&quot; =&gt; 65536,
            &quot;reconnect-attempts&quot; =&gt; -1,
            &quot;retry-interval&quot; =&gt; 2000L,
            &quot;retry-interval-multiplier&quot; =&gt; 1.0,
            &quot;scheduled-thread-pool-max-size&quot; =&gt; 5,
            &quot;setup-attempts&quot; =&gt; undefined,
            &quot;setup-interval&quot; =&gt; undefined,
            &quot;thread-pool-max-size&quot; =&gt; 30,
            &quot;transaction&quot; =&gt; &quot;local&quot;,
            &quot;transaction-batch-size&quot; =&gt; 1048576,
            &quot;use-auto-recovery&quot; =&gt; true,
            &quot;use-global-pools&quot; =&gt; true,
            &quot;use-jndi&quot; =&gt; undefined,
            &quot;use-local-tx&quot; =&gt; undefined,
            &quot;user&quot; =&gt; &quot;alice&quot;
        },
        &quot;hornetq-ra-none&quot; =&gt; {
            &quot;auto-group&quot; =&gt; false,
            &quot;block-on-acknowledge&quot; =&gt; false,
            &quot;block-on-durable-send&quot; =&gt; true,
            &quot;block-on-non-durable-send&quot; =&gt; false,
            &quot;cache-large-message-client&quot; =&gt; false,
            &quot;call-failover-timeout&quot; =&gt; -1L,
            &quot;call-timeout&quot; =&gt; 30000L,
            &quot;client-failure-check-period&quot; =&gt; 30000L,
            &quot;client-id&quot; =&gt; undefined,
            &quot;compress-large-messages&quot; =&gt; false,
            &quot;confirmation-window-size&quot; =&gt; -1,
            &quot;connection-load-balancing-policy-class-name&quot; =&gt; &quot;org.hornetq.api.core.client.loadbalance.RoundRobinConnectionLoadBalancingPolicy&quot;,
            &quot;connection-ttl&quot; =&gt; 60000L,
            &quot;connector&quot; =&gt; {&quot;in-vm&quot; =&gt; undefined},
            &quot;consumer-max-rate&quot; =&gt; -1,
            &quot;consumer-window-size&quot; =&gt; 1048576,
            &quot;discovery-group-name&quot; =&gt; undefined,
            &quot;discovery-initial-wait-timeout&quot; =&gt; undefined,
            &quot;dups-ok-batch-size&quot; =&gt; 1048576,
            &quot;entries&quot; =&gt; [&quot;java:/JmsNone&quot;],
            &quot;failover-on-initial-connection&quot; =&gt; false,
            &quot;failover-on-server-shutdown&quot; =&gt; undefined,
            &quot;group-id&quot; =&gt; undefined,
            &quot;ha&quot; =&gt; false,
            &quot;initial-connect-attempts&quot; =&gt; 1,
            &quot;initial-message-packet-size&quot; =&gt; 1500,
            &quot;jndi-params&quot; =&gt; undefined,
            &quot;max-pool-size&quot; =&gt; -1,
            &quot;max-retry-interval&quot; =&gt; 2000L,
            &quot;min-large-message-size&quot; =&gt; 102400,
            &quot;min-pool-size&quot; =&gt; -1,
            &quot;password&quot; =&gt; &quot;alicepassword&quot;,
            &quot;pre-acknowledge&quot; =&gt; false,
            &quot;producer-max-rate&quot; =&gt; -1,
            &quot;producer-window-size&quot; =&gt; 65536,
            &quot;reconnect-attempts&quot; =&gt; -1,
            &quot;retry-interval&quot; =&gt; 2000L,
            &quot;retry-interval-multiplier&quot; =&gt; 1.0,
            &quot;scheduled-thread-pool-max-size&quot; =&gt; 5,
            &quot;setup-attempts&quot; =&gt; undefined,
            &quot;setup-interval&quot; =&gt; undefined,
            &quot;thread-pool-max-size&quot; =&gt; 30,
            &quot;transaction&quot; =&gt; &quot;none&quot;,
            &quot;transaction-batch-size&quot; =&gt; 1048576,
            &quot;use-auto-recovery&quot; =&gt; true,
            &quot;use-global-pools&quot; =&gt; true,
            &quot;use-jndi&quot; =&gt; undefined,
            &quot;use-local-tx&quot; =&gt; undefined,
            &quot;user&quot; =&gt; &quot;alice&quot;
        }
    },
    &quot;queue&quot; =&gt; {
        &quot;coreQueueA&quot; =&gt; {
            &quot;durable&quot; =&gt; true,
            &quot;filter&quot; =&gt; &quot;afilter&quot;,
            &quot;queue-address&quot; =&gt; &quot;addressA&quot;
        },
        &quot;coreQueueB&quot; =&gt; {
            &quot;durable&quot; =&gt; true,
            &quot;filter&quot; =&gt; undefined,
            &quot;queue-address&quot; =&gt; &quot;addressB&quot;
        }
    },
    &quot;remote-acceptor&quot; =&gt; {
        &quot;netty&quot; =&gt; {
            &quot;param&quot; =&gt; undefined,
            &quot;socket-binding&quot; =&gt; &quot;messaging&quot;
        },
        &quot;netty-throughput&quot; =&gt; {
            &quot;socket-binding&quot; =&gt; &quot;messaging-throughput&quot;,
            &quot;param&quot; =&gt; {
                &quot;batch-delay&quot; =&gt; {&quot;value&quot; =&gt; &quot;50&quot;},
                &quot;direct-deliver&quot; =&gt; {&quot;value&quot; =&gt; &quot;false&quot;}
            }
        }
    },
    &quot;remote-connector&quot; =&gt; {
        &quot;netty&quot; =&gt; {
            &quot;param&quot; =&gt; undefined,
            &quot;socket-binding&quot; =&gt; &quot;messaging&quot;
        },
        &quot;netty-throughput&quot; =&gt; {
            &quot;socket-binding&quot; =&gt; &quot;messaging-throughput&quot;,
            &quot;param&quot; =&gt; {&quot;batch-delay&quot; =&gt; {&quot;value&quot; =&gt; &quot;50&quot;}}
        }
    },
    &quot;security-setting&quot; =&gt; {&quot;#&quot; =&gt; {&quot;role&quot; =&gt; {
        &quot;guest&quot; =&gt; {
            &quot;consume&quot; =&gt; true,
            &quot;create-durable-queue&quot; =&gt; false,
            &quot;create-non-durable-queue&quot; =&gt; true,
            &quot;delete-durable-queue&quot; =&gt; false,
            &quot;delete-non-durable-queue&quot; =&gt; true,
            &quot;manage&quot; =&gt; false,
            &quot;send&quot; =&gt; true
        },
        &quot;adming&quot; =&gt; {
            &quot;consume&quot; =&gt; false,
            &quot;create-durable-queue&quot; =&gt; false,
            &quot;create-non-durable-queue&quot; =&gt; false,
            &quot;delete-durable-queue&quot; =&gt; false,
            &quot;delete-non-durable-queue&quot; =&gt; false,
            &quot;manage&quot; =&gt; true,
            &quot;send&quot; =&gt; false
        }
    }}}
}
{
    &quot;shared-store&quot; =&gt; true,
    &quot;thread-pool-max-size&quot; =&gt; expression &quot;${messaging.thread.pool.max.size:5}&quot;,
    &quot;remoting-interceptors&quot; =&gt; [
        &quot;foo.bar&quot;,
        &quot;bar.foo&quot;
    ],
    &quot;create-bindings-dir&quot; =&gt; false,
    &quot;journal-buffer-size&quot; =&gt; 2468L,
    &quot;security-invalidation-interval&quot; =&gt; 1234L,
    &quot;message-counter-enabled&quot; =&gt; true,
    &quot;journal-type&quot; =&gt; &quot;NIO&quot;,
    &quot;journal-sync-transactional&quot; =&gt; false,
    &quot;journal-compact-min-files&quot; =&gt; 2,
    &quot;log-journal-write-rate&quot; =&gt; true,
    &quot;journal-max-io&quot; =&gt; 50,
    &quot;scheduled-thread-pool-max-size&quot; =&gt; expression &quot;${messaging.scheduled.thread.pool.max.size:6}&quot;,
    &quot;security-enabled&quot; =&gt; false,
    &quot;memory-warning-threshold&quot; =&gt; 1024,
    &quot;journal-compact-percentage&quot; =&gt; 83,
    &quot;failover-on-shutdown&quot; =&gt; true,
    &quot;backup-group-name&quot; =&gt; undefined,
    &quot;cluster-user&quot; =&gt; expression &quot;${messaging.cluster.user.name}&quot;,
    &quot;run-sync-speed-test&quot; =&gt; false,
    &quot;jmx-domain&quot; =&gt; &quot;my.jmx.domain&quot;,
    &quot;transaction-timeout&quot; =&gt; 4321L,
    &quot;cluster-password&quot; =&gt; expression &quot;${messaging.cluster.user.password}&quot;,
    &quot;create-journal-dir&quot; =&gt; true,
    &quot;message-counter-sample-period&quot; =&gt; 7654L,
    &quot;connection-ttl-override&quot; =&gt; 5432L,
    &quot;persistence-enabled&quot; =&gt; false,
    &quot;allow-failback&quot; =&gt; false,
    &quot;remoting-outgoing-interceptors&quot; =&gt; undefined,
    &quot;transaction-timeout-scan-period&quot; =&gt; 5432L,
    &quot;persist-delivery-count-before-delivery&quot; =&gt; true,
    &quot;page-max-concurrent-io&quot; =&gt; 10,
    &quot;journal-min-files&quot; =&gt; 2,
    &quot;check-for-live-server&quot; =&gt; false,
    &quot;management-notification-address&quot; =&gt; &quot;my.management.notif.address&quot;,
    &quot;journal-buffer-timeout&quot; =&gt; 1357L,
    &quot;management-address&quot; =&gt; &quot;my.management.address&quot;,
    &quot;journal-file-size&quot; =&gt; 102400L,
    &quot;journal-sync-non-transactional&quot; =&gt; true,
    &quot;persist-id-cache&quot; =&gt; false,
    &quot;backup&quot; =&gt; false,
    &quot;jmx-management-enabled&quot; =&gt; false,
    &quot;async-connection-execution-enabled&quot; =&gt; false,
    &quot;perf-blast-pages&quot; =&gt; 70,
    &quot;memory-measure-interval&quot; =&gt; 2048L,
    &quot;server-dump-interval&quot; =&gt; 8642L,
    &quot;message-expiry-thread-priority&quot; =&gt; 7,
    &quot;live-connector-ref&quot; =&gt; undefined,
    &quot;replication-clustername&quot; =&gt; undefined,
    &quot;failback-delay&quot; =&gt; 9876L,
    &quot;id-cache-size&quot; =&gt; 102030,
    &quot;security-domain&quot; =&gt; &quot;someDomain&quot;,
    &quot;message-expiry-scan-period&quot; =&gt; 7654L,
    &quot;remoting-incoming-interceptors&quot; =&gt; undefined,
    &quot;wild-card-routing-enabled&quot; =&gt; false,
    &quot;message-counter-max-day-history&quot; =&gt; 23,
    &quot;in-vm-acceptor&quot; =&gt; {&quot;in-vm&quot; =&gt; {
        &quot;server-id&quot; =&gt; 0,
        &quot;param&quot; =&gt; {&quot;direct-deliver&quot; =&gt; {&quot;value&quot; =&gt; &quot;true&quot;}}
    }},
    &quot;jms-queue&quot; =&gt; {&quot;testQueue&quot; =&gt; {
        &quot;selector&quot; =&gt; &quot;color=&apos;red&apos;&quot;,
        &quot;durable&quot; =&gt; true,
        &quot;entries&quot; =&gt; [&quot;queue/test&quot;]
    }},
    &quot;security-setting&quot; =&gt; {&quot;#&quot; =&gt; {&quot;role&quot; =&gt; {
        &quot;guest&quot; =&gt; {
            &quot;delete-non-durable-queue&quot; =&gt; true,
            &quot;create-non-durable-queue&quot; =&gt; true,
            &quot;send&quot; =&gt; true,
            &quot;delete-durable-queue&quot; =&gt; false,
            &quot;manage&quot; =&gt; false,
            &quot;create-durable-queue&quot; =&gt; false,
            &quot;consume&quot; =&gt; true
        },
        &quot;adming&quot; =&gt; {
            &quot;delete-non-durable-queue&quot; =&gt; false,
            &quot;create-non-durable-queue&quot; =&gt; false,
            &quot;send&quot; =&gt; false,
            &quot;delete-durable-queue&quot; =&gt; false,
            &quot;manage&quot; =&gt; true,
            &quot;create-durable-queue&quot; =&gt; false,
            &quot;consume&quot; =&gt; false
        }
    }}},
    &quot;grouping-handler&quot; =&gt; {&quot;grouping-handler&quot; =&gt; {
        &quot;type&quot; =&gt; &quot;LOCAL&quot;,
        &quot;timeout&quot; =&gt; 5000,
        &quot;grouping-handler-address&quot; =&gt; &quot;handler-address&quot;
    }},
    &quot;address-setting&quot; =&gt; {&quot;#&quot; =&gt; {
        &quot;redistribution-delay&quot; =&gt; 0L,
        &quot;last-value-queue&quot; =&gt; false,
        &quot;page-size-bytes&quot; =&gt; 10485760L,
        &quot;address-full-policy&quot; =&gt; &quot;BLOCK&quot;,
        &quot;max-delivery-attempts&quot; =&gt; 5,
        &quot;max-size-bytes&quot; =&gt; 10485760L,
        &quot;expiry-address&quot; =&gt; &quot;jms.queue.ExpiryQueue&quot;,
        &quot;dead-letter-address&quot; =&gt; &quot;jms.queue.DLQ&quot;,
        &quot;page-max-cache-size&quot; =&gt; 7,
        &quot;redelivery-delay&quot; =&gt; 0L,
        &quot;send-to-dla-on-no-route&quot; =&gt; false,
        &quot;message-counter-history-day-limit&quot; =&gt; 10
    }},
    &quot;acceptor&quot; =&gt; {&quot;myacceptor&quot; =&gt; {
        &quot;factory-class&quot; =&gt; &quot;org.hornetq.core.remoting.impl.netty.NettyAcceptorFactory&quot;,
        &quot;socket-binding&quot; =&gt; undefined,
        &quot;param&quot; =&gt; {&quot;batch-delay&quot; =&gt; {&quot;value&quot; =&gt; &quot;50&quot;}}
    }},
    &quot;jms-topic&quot; =&gt; {&quot;testTopic&quot; =&gt; {&quot;entries&quot; =&gt; [&quot;topic/test&quot;]}},
    &quot;in-vm-connector&quot; =&gt; {&quot;in-vm&quot; =&gt; {&quot;server-id&quot; =&gt; 0}},
    &quot;divert&quot; =&gt; {
        &quot;testDivert1&quot; =&gt; {
            &quot;divert-address&quot; =&gt; &quot;address1&quot;,
            &quot;exclusive&quot; =&gt; true,
            &quot;routing-name&quot; =&gt; &quot;routing&quot;,
            &quot;forwarding-address&quot; =&gt; &quot;forwardingaddress1&quot;,
            &quot;filter&quot; =&gt; &quot;afilter&quot;,
            &quot;transformer-class-name&quot; =&gt; &quot;org.jboss.test.Transformer&quot;
        },
        &quot;testDivert2&quot; =&gt; {
            &quot;divert-address&quot; =&gt; &quot;address2&quot;,
            &quot;exclusive&quot; =&gt; false,
            &quot;routing-name&quot; =&gt; undefined,
            &quot;forwarding-address&quot; =&gt; &quot;forwardingaddress2&quot;,
            &quot;filter&quot; =&gt; undefined,
            &quot;transformer-class-name&quot; =&gt; undefined
        }
    },
    &quot;queue&quot; =&gt; {
        &quot;coreQueueA&quot; =&gt; {
            &quot;durable&quot; =&gt; true,
            &quot;queue-address&quot; =&gt; &quot;addressA&quot;,
            &quot;filter&quot; =&gt; &quot;afilter&quot;
        },
        &quot;coreQueueB&quot; =&gt; {
            &quot;durable&quot; =&gt; true,
            &quot;queue-address&quot; =&gt; &quot;addressB&quot;,
            &quot;filter&quot; =&gt; undefined
        }
    },
    &quot;pooled-connection-factory&quot; =&gt; {
        &quot;hornetq-ra&quot; =&gt; {
            &quot;thread-pool-max-size&quot; =&gt; 48,
            &quot;transaction&quot; =&gt; &quot;xa&quot;,
            &quot;dups-ok-batch-size&quot; =&gt; 256,
            &quot;pre-acknowledge&quot; =&gt; true,
            &quot;setup-interval&quot; =&gt; 456L,
            &quot;password&quot; =&gt; &quot;alicepassword&quot;,
            &quot;block-on-acknowledge&quot; =&gt; false,
            &quot;reconnect-attempts&quot; =&gt; 2,
            &quot;max-pool-size&quot; =&gt; 242,
            &quot;block-on-durable-send&quot; =&gt; false,
            &quot;scheduled-thread-pool-max-size&quot; =&gt; 24,
            &quot;client-failure-check-period&quot; =&gt; 12345L,
            &quot;client-id&quot; =&gt; &quot;myClientID&quot;,
            &quot;connection-load-balancing-policy-class-name&quot; =&gt; &quot;not.a.real.Class&quot;,
            &quot;group-id&quot; =&gt; &quot;myGroup&quot;,
            &quot;failover-on-server-shutdown&quot; =&gt; true,
            &quot;use-jndi&quot; =&gt; false,
            &quot;consumer-max-rate&quot; =&gt; 789,
            &quot;transaction-batch-size&quot; =&gt; 512,
            &quot;call-timeout&quot; =&gt; 123L,
            &quot;use-local-tx&quot; =&gt; true,
            &quot;ha&quot; =&gt; true,
            &quot;setup-attempts&quot; =&gt; 123,
            &quot;discovery-group-name&quot; =&gt; undefined,
            &quot;initial-message-packet-size&quot; =&gt; 1500,
            &quot;producer-window-size&quot; =&gt; -1,
            &quot;auto-group&quot; =&gt; true,
            &quot;connector&quot; =&gt; {&quot;in-vm&quot; =&gt; undefined},
            &quot;max-retry-interval&quot; =&gt; 10000L,
            &quot;min-large-message-size&quot; =&gt; 2048,
            &quot;producer-max-rate&quot; =&gt; 1024,
            &quot;discovery-initial-wait-timeout&quot; =&gt; undefined,
            &quot;compress-large-messages&quot; =&gt; false,
            &quot;retry-interval-multiplier&quot; =&gt; big decimal 2.5,
            &quot;consumer-window-size&quot; =&gt; 456,
            &quot;entries&quot; =&gt; [&quot;java:/JmsXA&quot;],
            &quot;call-failover-timeout&quot; =&gt; -1L,
            &quot;confirmation-window-size&quot; =&gt; -1,
            &quot;connection-ttl&quot; =&gt; 56789L,
            &quot;use-global-pools&quot; =&gt; true,
            &quot;use-auto-recovery&quot; =&gt; true,
            &quot;jndi-params&quot; =&gt; &quot;whatever&quot;,
            &quot;failover-on-initial-connection&quot; =&gt; true,
            &quot;min-pool-size&quot; =&gt; 42,
            &quot;retry-interval&quot; =&gt; 500L,
            &quot;block-on-non-durable-send&quot; =&gt; false,
            &quot;cache-large-message-client&quot; =&gt; false,
            &quot;user&quot; =&gt; &quot;alice&quot;,
            &quot;initial-connect-attempts&quot; =&gt; 1
        },
        &quot;hornetq-ra-local&quot; =&gt; {
            &quot;thread-pool-max-size&quot; =&gt; 30,
            &quot;transaction&quot; =&gt; &quot;local&quot;,
            &quot;dups-ok-batch-size&quot; =&gt; 1048576,
            &quot;pre-acknowledge&quot; =&gt; false,
            &quot;setup-interval&quot; =&gt; undefined,
            &quot;password&quot; =&gt; &quot;alicepassword&quot;,
            &quot;block-on-acknowledge&quot; =&gt; false,
            &quot;reconnect-attempts&quot; =&gt; -1,
            &quot;max-pool-size&quot; =&gt; -1,
            &quot;block-on-durable-send&quot; =&gt; true,
            &quot;scheduled-thread-pool-max-size&quot; =&gt; 5,
            &quot;client-failure-check-period&quot; =&gt; 30000L,
            &quot;client-id&quot; =&gt; undefined,
            &quot;connection-load-balancing-policy-class-name&quot; =&gt; &quot;org.hornetq.api.core.client.loadbalance.RoundRobinConnectionLoadBalancingPolicy&quot;,
            &quot;group-id&quot; =&gt; undefined,
            &quot;failover-on-server-shutdown&quot; =&gt; undefined,
            &quot;use-jndi&quot; =&gt; undefined,
            &quot;consumer-max-rate&quot; =&gt; -1,
            &quot;transaction-batch-size&quot; =&gt; 1048576,
            &quot;call-timeout&quot; =&gt; 30000L,
            &quot;use-local-tx&quot; =&gt; undefined,
            &quot;ha&quot; =&gt; false,
            &quot;setup-attempts&quot; =&gt; undefined,
            &quot;discovery-group-name&quot; =&gt; undefined,
            &quot;initial-message-packet-size&quot; =&gt; 1500,
            &quot;producer-window-size&quot; =&gt; 65536,
            &quot;auto-group&quot; =&gt; false,
            &quot;connector&quot; =&gt; {&quot;in-vm&quot; =&gt; undefined},
            &quot;max-retry-interval&quot; =&gt; 2000L,
            &quot;min-large-message-size&quot; =&gt; 102400,
            &quot;producer-max-rate&quot; =&gt; -1,
            &quot;discovery-initial-wait-timeout&quot; =&gt; undefined,
            &quot;compress-large-messages&quot; =&gt; false,
            &quot;retry-interval-multiplier&quot; =&gt; 1.0,
            &quot;consumer-window-size&quot; =&gt; 1048576,
            &quot;entries&quot; =&gt; [&quot;java:/JmsLocal&quot;],
            &quot;call-failover-timeout&quot; =&gt; -1L,
            &quot;confirmation-window-size&quot; =&gt; -1,
            &quot;connection-ttl&quot; =&gt; 60000L,
            &quot;use-global-pools&quot; =&gt; true,
            &quot;use-auto-recovery&quot; =&gt; true,
            &quot;jndi-params&quot; =&gt; undefined,
            &quot;failover-on-initial-connection&quot; =&gt; false,
            &quot;min-pool-size&quot; =&gt; -1,
            &quot;retry-interval&quot; =&gt; 2000L,
            &quot;block-on-non-durable-send&quot; =&gt; false,
            &quot;cache-large-message-client&quot; =&gt; false,
            &quot;user&quot; =&gt; &quot;alice&quot;,
            &quot;initial-connect-attempts&quot; =&gt; 1
        },
        &quot;hornetq-ra-none&quot; =&gt; {
            &quot;thread-pool-max-size&quot; =&gt; 30,
            &quot;transaction&quot; =&gt; &quot;none&quot;,
            &quot;dups-ok-batch-size&quot; =&gt; 1048576,
            &quot;pre-acknowledge&quot; =&gt; false,
            &quot;setup-interval&quot; =&gt; undefined,
            &quot;password&quot; =&gt; &quot;alicepassword&quot;,
            &quot;block-on-acknowledge&quot; =&gt; false,
            &quot;reconnect-attempts&quot; =&gt; -1,
            &quot;max-pool-size&quot; =&gt; -1,
            &quot;block-on-durable-send&quot; =&gt; true,
            &quot;scheduled-thread-pool-max-size&quot; =&gt; 5,
            &quot;client-failure-check-period&quot; =&gt; 30000L,
            &quot;client-id&quot; =&gt; undefined,
            &quot;connection-load-balancing-policy-class-name&quot; =&gt; &quot;org.hornetq.api.core.client.loadbalance.RoundRobinConnectionLoadBalancingPolicy&quot;,
            &quot;group-id&quot; =&gt; undefined,
            &quot;failover-on-server-shutdown&quot; =&gt; undefined,
            &quot;use-jndi&quot; =&gt; undefined,
            &quot;consumer-max-rate&quot; =&gt; -1,
            &quot;transaction-batch-size&quot; =&gt; 1048576,
            &quot;call-timeout&quot; =&gt; 30000L,
            &quot;use-local-tx&quot; =&gt; undefined,
            &quot;ha&quot; =&gt; false,
            &quot;setup-attempts&quot; =&gt; undefined,
            &quot;discovery-group-name&quot; =&gt; undefined,
            &quot;initial-message-packet-size&quot; =&gt; 1500,
            &quot;producer-window-size&quot; =&gt; 65536,
            &quot;auto-group&quot; =&gt; false,
            &quot;connector&quot; =&gt; {&quot;in-vm&quot; =&gt; undefined},
            &quot;max-retry-interval&quot; =&gt; 2000L,
            &quot;min-large-message-size&quot; =&gt; 102400,
            &quot;producer-max-rate&quot; =&gt; -1,
            &quot;discovery-initial-wait-timeout&quot; =&gt; undefined,
            &quot;compress-large-messages&quot; =&gt; false,
            &quot;retry-interval-multiplier&quot; =&gt; 1.0,
            &quot;consumer-window-size&quot; =&gt; 1048576,
            &quot;entries&quot; =&gt; [&quot;java:/JmsNone&quot;],
            &quot;call-failover-timeout&quot; =&gt; -1L,
            &quot;confirmation-window-size&quot; =&gt; -1,
            &quot;connection-ttl&quot; =&gt; 60000L,
            &quot;use-global-pools&quot; =&gt; true,
            &quot;use-auto-recovery&quot; =&gt; true,
            &quot;jndi-params&quot; =&gt; undefined,
            &quot;failover-on-initial-connection&quot; =&gt; false,
            &quot;min-pool-size&quot; =&gt; -1,
            &quot;retry-interval&quot; =&gt; 2000L,
            &quot;block-on-non-durable-send&quot; =&gt; false,
            &quot;cache-large-message-client&quot; =&gt; false,
            &quot;user&quot; =&gt; &quot;alice&quot;,
            &quot;initial-connect-attempts&quot; =&gt; 1
        }
    },
    &quot;connector&quot; =&gt; {&quot;myconnector&quot; =&gt; {
        &quot;factory-class&quot; =&gt; &quot;org.hornetq.core.remoting.impl.netty.NettyConnectorFactory&quot;,
        &quot;socket-binding&quot; =&gt; undefined,
        &quot;param&quot; =&gt; {
            &quot;host&quot; =&gt; {&quot;value&quot; =&gt; &quot;192.168.1.2&quot;},
            &quot;port&quot; =&gt; {&quot;value&quot; =&gt; &quot;5445&quot;}
        }
    }},
    &quot;remote-connector&quot; =&gt; {
        &quot;netty&quot; =&gt; {&quot;socket-binding&quot; =&gt; &quot;messaging&quot;},
        &quot;netty-throughput&quot; =&gt; {
            &quot;socket-binding&quot; =&gt; &quot;messaging-throughput&quot;,
            &quot;param&quot; =&gt; {&quot;batch-delay&quot; =&gt; {&quot;value&quot; =&gt; &quot;50&quot;}}
        }
    },
    &quot;remote-acceptor&quot; =&gt; {
        &quot;netty&quot; =&gt; {&quot;socket-binding&quot; =&gt; &quot;messaging&quot;},
        &quot;netty-throughput&quot; =&gt; {
            &quot;socket-binding&quot; =&gt; &quot;messaging-throughput&quot;,
            &quot;param&quot; =&gt; {
                &quot;batch-delay&quot; =&gt; {&quot;value&quot; =&gt; &quot;50&quot;},
                &quot;direct-deliver&quot; =&gt; {&quot;value&quot; =&gt; &quot;false&quot;}
            }
        }
    },
    &quot;cluster-connection&quot; =&gt; {
        &quot;cc1&quot; =&gt; {
            &quot;min-large-message-size&quot; =&gt; 10245,
            &quot;cluster-connection-address&quot; =&gt; &quot;cc1-address&quot;,
            &quot;retry-interval-multiplier&quot; =&gt; big decimal 3.0,
            &quot;reconnect-attempts&quot; =&gt; -1,
            &quot;max-hops&quot; =&gt; 7,
            &quot;use-duplicate-detection&quot; =&gt; true,
            &quot;call-failover-timeout&quot; =&gt; -1L,
            &quot;confirmation-window-size&quot; =&gt; 459,
            &quot;check-period&quot; =&gt; 2345L,
            &quot;connection-ttl&quot; =&gt; 1234L,
            &quot;forward-when-no-consumers&quot; =&gt; true,
            &quot;call-timeout&quot; =&gt; 3456L,
            &quot;static-connectors&quot; =&gt; [
                &quot;in-vm&quot;,
                &quot;netty&quot;
            ],
            &quot;notification-attempts&quot; =&gt; 2,
            &quot;retry-interval&quot; =&gt; 987L,
            &quot;notification-interval&quot; =&gt; 1000L,
            &quot;allow-direct-connections-only&quot; =&gt; false,
            &quot;discovery-group-name&quot; =&gt; undefined,
            &quot;max-retry-interval&quot; =&gt; 3600L,
            &quot;connector-ref&quot; =&gt; &quot;netty&quot;
        },
        &quot;cc2&quot; =&gt; {
            &quot;min-large-message-size&quot; =&gt; 102400,
            &quot;cluster-connection-address&quot; =&gt; &quot;cc2-address&quot;,
            &quot;retry-interval-multiplier&quot; =&gt; 1.0,
            &quot;reconnect-attempts&quot; =&gt; -1,
            &quot;max-hops&quot; =&gt; 1,
            &quot;use-duplicate-detection&quot; =&gt; true,
            &quot;call-failover-timeout&quot; =&gt; -1L,
            &quot;confirmation-window-size&quot; =&gt; 1048576,
            &quot;check-period&quot; =&gt; 30000L,
            &quot;connection-ttl&quot; =&gt; 60000L,
            &quot;forward-when-no-consumers&quot; =&gt; false,
            &quot;call-timeout&quot; =&gt; 30000L,
            &quot;static-connectors&quot; =&gt; [
                &quot;in-vm&quot;,
                &quot;netty&quot;
            ],
            &quot;notification-attempts&quot; =&gt; 2,
            &quot;retry-interval&quot; =&gt; 500L,
            &quot;notification-interval&quot; =&gt; 1000L,
            &quot;allow-direct-connections-only&quot; =&gt; true,
            &quot;discovery-group-name&quot; =&gt; undefined,
            &quot;max-retry-interval&quot; =&gt; 2000L,
            &quot;connector-ref&quot; =&gt; &quot;netty&quot;
        },
        &quot;cc3&quot; =&gt; {
            &quot;min-large-message-size&quot; =&gt; 102400,
            &quot;cluster-connection-address&quot; =&gt; &quot;cc3-address&quot;,
            &quot;retry-interval-multiplier&quot; =&gt; 1.0,
            &quot;reconnect-attempts&quot; =&gt; -1,
            &quot;max-hops&quot; =&gt; 1,
            &quot;use-duplicate-detection&quot; =&gt; true,
            &quot;call-failover-timeout&quot; =&gt; -1L,
            &quot;confirmation-window-size&quot; =&gt; 1048576,
            &quot;check-period&quot; =&gt; 30000L,
            &quot;connection-ttl&quot; =&gt; 60000L,
            &quot;forward-when-no-consumers&quot; =&gt; false,
            &quot;call-timeout&quot; =&gt; 30000L,
            &quot;static-connectors&quot; =&gt; undefined,
            &quot;notification-attempts&quot; =&gt; 2,
            &quot;retry-interval&quot; =&gt; 500L,
            &quot;notification-interval&quot; =&gt; 1000L,
            &quot;allow-direct-connections-only&quot; =&gt; false,
            &quot;discovery-group-name&quot; =&gt; &quot;groupC&quot;,
            &quot;max-retry-interval&quot; =&gt; 2000L,
            &quot;connector-ref&quot; =&gt; &quot;netty&quot;
        },
        &quot;cc4&quot; =&gt; {
            &quot;min-large-message-size&quot; =&gt; 102400,
            &quot;cluster-connection-address&quot; =&gt; &quot;cc4-address&quot;,
            &quot;retry-interval-multiplier&quot; =&gt; 1.0,
            &quot;reconnect-attempts&quot; =&gt; -1,
            &quot;max-hops&quot; =&gt; 1,
            &quot;use-duplicate-detection&quot; =&gt; true,
            &quot;call-failover-timeout&quot; =&gt; -1L,
            &quot;confirmation-window-size&quot; =&gt; 1048576,
            &quot;check-period&quot; =&gt; 30000L,
            &quot;connection-ttl&quot; =&gt; 60000L,
            &quot;forward-when-no-consumers&quot; =&gt; false,
            &quot;call-timeout&quot; =&gt; 30000L,
            &quot;static-connectors&quot; =&gt; [
                &quot;in-vm&quot;,
                &quot;netty&quot;
            ],
            &quot;notification-attempts&quot; =&gt; 2,
            &quot;retry-interval&quot; =&gt; 500L,
            &quot;notification-interval&quot; =&gt; 1000L,
            &quot;allow-direct-connections-only&quot; =&gt; false,
            &quot;discovery-group-name&quot; =&gt; undefined,
            &quot;max-retry-interval&quot; =&gt; 2000L,
            &quot;connector-ref&quot; =&gt; &quot;netty-throughput&quot;
        },
        &quot;cc5&quot; =&gt; {
            &quot;min-large-message-size&quot; =&gt; 102400,
            &quot;cluster-connection-address&quot; =&gt; &quot;cc3-address&quot;,
            &quot;retry-interval-multiplier&quot; =&gt; 1.0,
            &quot;reconnect-attempts&quot; =&gt; -1,
            &quot;max-hops&quot; =&gt; 1,
            &quot;use-duplicate-detection&quot; =&gt; true,
            &quot;call-failover-timeout&quot; =&gt; -1L,
            &quot;confirmation-window-size&quot; =&gt; 1048576,
            &quot;check-period&quot; =&gt; 30000L,
            &quot;connection-ttl&quot; =&gt; 60000L,
            &quot;forward-when-no-consumers&quot; =&gt; false,
            &quot;call-timeout&quot; =&gt; 30000L,
            &quot;static-connectors&quot; =&gt; undefined,
            &quot;notification-attempts&quot; =&gt; 2,
            &quot;retry-interval&quot; =&gt; 500L,
            &quot;notification-interval&quot; =&gt; 1000L,
            &quot;allow-direct-connections-only&quot; =&gt; false,
            &quot;discovery-group-name&quot; =&gt; undefined,
            &quot;max-retry-interval&quot; =&gt; 2000L,
            &quot;connector-ref&quot; =&gt; &quot;netty&quot;
        }
    },
    &quot;connection-factory&quot; =&gt; {
        &quot;InVmConnectionFactory&quot; =&gt; {
            &quot;min-large-message-size&quot; =&gt; 102400,
            &quot;producer-max-rate&quot; =&gt; -1,
            &quot;thread-pool-max-size&quot; =&gt; 30,
            &quot;discovery-initial-wait-timeout&quot; =&gt; undefined,
            &quot;compress-large-messages&quot; =&gt; false,
            &quot;retry-interval-multiplier&quot; =&gt; 1.0,
            &quot;dups-ok-batch-size&quot; =&gt; 1048576,
            &quot;pre-acknowledge&quot; =&gt; false,
            &quot;consumer-window-size&quot; =&gt; 1048576,
            &quot;reconnect-attempts&quot; =&gt; 0,
            &quot;block-on-acknowledge&quot; =&gt; false,
            &quot;block-on-durable-send&quot; =&gt; true,
            &quot;scheduled-thread-pool-max-size&quot; =&gt; 5,
            &quot;client-failure-check-period&quot; =&gt; 30000L,
            &quot;client-id&quot; =&gt; undefined,
            &quot;entries&quot; =&gt; [&quot;java:/ConnectionFactory&quot;],
            &quot;call-failover-timeout&quot; =&gt; -1L,
            &quot;confirmation-window-size&quot; =&gt; -1,
            &quot;factory-type&quot; =&gt; &quot;GENERIC&quot;,
            &quot;connection-ttl&quot; =&gt; 60000L,
            &quot;connection-load-balancing-policy-class-name&quot; =&gt; &quot;org.hornetq.api.core.client.loadbalance.RoundRobinConnectionLoadBalancingPolicy&quot;,
            &quot;use-global-pools&quot; =&gt; true,
            &quot;failover-on-server-shutdown&quot; =&gt; undefined,
            &quot;group-id&quot; =&gt; undefined,
            &quot;consumer-max-rate&quot; =&gt; -1,
            &quot;transaction-batch-size&quot; =&gt; 1048576,
            &quot;call-timeout&quot; =&gt; 30000L,
            &quot;failover-on-initial-connection&quot; =&gt; false,
            &quot;ha&quot; =&gt; false,
            &quot;retry-interval&quot; =&gt; 2000L,
            &quot;discovery-group-name&quot; =&gt; undefined,
            &quot;producer-window-size&quot; =&gt; 65536,
            &quot;block-on-non-durable-send&quot; =&gt; false,
            &quot;auto-group&quot; =&gt; false,
            &quot;connector&quot; =&gt; {&quot;in-vm&quot; =&gt; undefined},
            &quot;cache-large-message-client&quot; =&gt; false,
            &quot;max-retry-interval&quot; =&gt; 2000L
        },
        &quot;RemoteConnectionFactory&quot; =&gt; {
            &quot;min-large-message-size&quot; =&gt; 102400,
            &quot;producer-max-rate&quot; =&gt; -1,
            &quot;thread-pool-max-size&quot; =&gt; 30,
            &quot;discovery-initial-wait-timeout&quot; =&gt; undefined,
            &quot;compress-large-messages&quot; =&gt; false,
            &quot;retry-interval-multiplier&quot; =&gt; 1.0,
            &quot;dups-ok-batch-size&quot; =&gt; 1048576,
            &quot;pre-acknowledge&quot; =&gt; false,
            &quot;consumer-window-size&quot; =&gt; 1048576,
            &quot;reconnect-attempts&quot; =&gt; 0,
            &quot;block-on-acknowledge&quot; =&gt; false,
            &quot;block-on-durable-send&quot; =&gt; true,
            &quot;scheduled-thread-pool-max-size&quot; =&gt; 5,
            &quot;client-failure-check-period&quot; =&gt; 30000L,
            &quot;client-id&quot; =&gt; &quot;testClient&quot;,
            &quot;entries&quot; =&gt; [&quot;RemoteConnectionFactory&quot;],
            &quot;call-failover-timeout&quot; =&gt; -1L,
            &quot;confirmation-window-size&quot; =&gt; -1,
            &quot;factory-type&quot; =&gt; &quot;XA_QUEUE&quot;,
            &quot;connection-ttl&quot; =&gt; 60000L,
            &quot;connection-load-balancing-policy-class-name&quot; =&gt; &quot;org.hornetq.api.core.client.loadbalance.RoundRobinConnectionLoadBalancingPolicy&quot;,
            &quot;use-global-pools&quot; =&gt; true,
            &quot;failover-on-server-shutdown&quot; =&gt; undefined,
            &quot;group-id&quot; =&gt; undefined,
            &quot;consumer-max-rate&quot; =&gt; -1,
            &quot;transaction-batch-size&quot; =&gt; 1048576,
            &quot;call-timeout&quot; =&gt; 30000L,
            &quot;failover-on-initial-connection&quot; =&gt; false,
            &quot;ha&quot; =&gt; false,
            &quot;retry-interval&quot; =&gt; 2000L,
            &quot;discovery-group-name&quot; =&gt; undefined,
            &quot;producer-window-size&quot; =&gt; 65536,
            &quot;block-on-non-durable-send&quot; =&gt; false,
            &quot;auto-group&quot; =&gt; false,
            &quot;connector&quot; =&gt; {&quot;netty&quot; =&gt; undefined},
            &quot;cache-large-message-client&quot; =&gt; false,
            &quot;max-retry-interval&quot; =&gt; 2000L
        },
        &quot;otherConnectionFactory&quot; =&gt; {
            &quot;min-large-message-size&quot; =&gt; 2048,
            &quot;producer-max-rate&quot; =&gt; 1024,
            &quot;thread-pool-max-size&quot; =&gt; 48,
            &quot;discovery-initial-wait-timeout&quot; =&gt; undefined,
            &quot;compress-large-messages&quot; =&gt; false,
            &quot;retry-interval-multiplier&quot; =&gt; big decimal 2.5,
            &quot;dups-ok-batch-size&quot; =&gt; 256,
            &quot;pre-acknowledge&quot; =&gt; true,
            &quot;consumer-window-size&quot; =&gt; 456,
            &quot;reconnect-attempts&quot; =&gt; 2,
            &quot;block-on-acknowledge&quot; =&gt; false,
            &quot;block-on-durable-send&quot; =&gt; false,
            &quot;scheduled-thread-pool-max-size&quot; =&gt; 24,
            &quot;client-failure-check-period&quot; =&gt; 12345L,
            &quot;client-id&quot; =&gt; &quot;myClientID&quot;,
            &quot;entries&quot; =&gt; [&quot;otherConnectionFactory&quot;],
            &quot;call-failover-timeout&quot; =&gt; -1L,
            &quot;confirmation-window-size&quot; =&gt; -1,
            &quot;factory-type&quot; =&gt; &quot;GENERIC&quot;,
            &quot;connection-ttl&quot; =&gt; 56789L,
            &quot;connection-load-balancing-policy-class-name&quot; =&gt; &quot;not.a.real.Class&quot;,
            &quot;use-global-pools&quot; =&gt; true,
            &quot;failover-on-server-shutdown&quot; =&gt; true,
            &quot;group-id&quot; =&gt; &quot;myGroup&quot;,
            &quot;consumer-max-rate&quot; =&gt; 789,
            &quot;transaction-batch-size&quot; =&gt; 512,
            &quot;call-timeout&quot; =&gt; 123L,
            &quot;failover-on-initial-connection&quot; =&gt; true,
            &quot;ha&quot; =&gt; true,
            &quot;retry-interval&quot; =&gt; 500L,
            &quot;discovery-group-name&quot; =&gt; &quot;groupC&quot;,
            &quot;producer-window-size&quot; =&gt; -1,
            &quot;block-on-non-durable-send&quot; =&gt; false,
            &quot;auto-group&quot; =&gt; true,
            &quot;connector&quot; =&gt; undefined,
            &quot;cache-large-message-client&quot; =&gt; false,
            &quot;max-retry-interval&quot; =&gt; 10000L
        }
    },
    &quot;broadcast-group&quot; =&gt; {
        &quot;groupA&quot; =&gt; {
            &quot;jgroups-stack&quot; =&gt; undefined,
            &quot;jgroups-channel&quot; =&gt; undefined,
            &quot;group-address&quot; =&gt; &quot;224.0.1.105&quot;,
            &quot;group-port&quot; =&gt; 23456,
            &quot;socket-binding&quot; =&gt; undefined,
            &quot;broadcast-period&quot; =&gt; 2500L,
            &quot;connectors&quot; =&gt; [
                &quot;netty&quot;,
                &quot;netty-throughput&quot;
            ],
            &quot;local-bind-address&quot; =&gt; &quot;localhost&quot;,
            &quot;local-bind-port&quot; =&gt; 12345
        },
        &quot;groupB&quot; =&gt; {
            &quot;jgroups-stack&quot; =&gt; undefined,
            &quot;jgroups-channel&quot; =&gt; undefined,
            &quot;group-address&quot; =&gt; &quot;224.0.1.105&quot;,
            &quot;group-port&quot; =&gt; 34567,
            &quot;socket-binding&quot; =&gt; undefined,
            &quot;broadcast-period&quot; =&gt; 2000L,
            &quot;connectors&quot; =&gt; undefined,
            &quot;local-bind-address&quot; =&gt; undefined,
            &quot;local-bind-port&quot; =&gt; -1
        },
        &quot;groupS&quot; =&gt; {
            &quot;jgroups-stack&quot; =&gt; undefined,
            &quot;jgroups-channel&quot; =&gt; undefined,
            &quot;group-address&quot; =&gt; undefined,
            &quot;group-port&quot; =&gt; undefined,
            &quot;socket-binding&quot; =&gt; &quot;group-s-binding&quot;,
            &quot;broadcast-period&quot; =&gt; 2000L,
            &quot;connectors&quot; =&gt; undefined,
            &quot;local-bind-address&quot; =&gt; undefined,
            &quot;local-bind-port&quot; =&gt; -1
        }
    },
    &quot;path&quot; =&gt; {
        &quot;journal-directory&quot; =&gt; {
            &quot;path&quot; =&gt; &quot;test&quot;,
            &quot;relative-to&quot; =&gt; &quot;test&quot;
        },
        &quot;paging-directory&quot; =&gt; {
            &quot;path&quot; =&gt; &quot;test&quot;,
            &quot;relative-to&quot; =&gt; &quot;test&quot;
        },
        &quot;large-messages-directory&quot; =&gt; {
            &quot;path&quot; =&gt; &quot;test&quot;,
            &quot;relative-to&quot; =&gt; &quot;test&quot;
        },
        &quot;bindings-directory&quot; =&gt; {
            &quot;path&quot; =&gt; &quot;test&quot;,
            &quot;relative-to&quot; =&gt; &quot;test&quot;
        }
    },
    &quot;bridge&quot; =&gt; {
        &quot;bridge1&quot; =&gt; {
            &quot;min-large-message-size&quot; =&gt; 10240,
            &quot;retry-interval-multiplier&quot; =&gt; big decimal 2,
            &quot;reconnect-attempts&quot; =&gt; 3,
            &quot;password&quot; =&gt; expression &quot;${password:secret}&quot;,
            &quot;use-duplicate-detection&quot; =&gt; true,
            &quot;confirmation-window-size&quot; =&gt; 350,
            &quot;check-period&quot; =&gt; 666L,
            &quot;connection-ttl&quot; =&gt; 36000L,
            &quot;forwarding-address&quot; =&gt; &quot;forwardingaddress1&quot;,
            &quot;transformer-class-name&quot; =&gt; &quot;foo.bar&quot;,
            &quot;ha&quot; =&gt; true,
            &quot;static-connectors&quot; =&gt; [
                &quot;in-vm&quot;,
                &quot;netty&quot;
            ],
            &quot;retry-interval&quot; =&gt; 750L,
            &quot;discovery-group-name&quot; =&gt; undefined,
            &quot;queue-name&quot; =&gt; &quot;coreQueueA&quot;,
            &quot;max-retry-interval&quot; =&gt; 3000L,
            &quot;user&quot; =&gt; expression &quot;${user:Brian}&quot;,
            &quot;filter&quot; =&gt; &quot;afilter&quot;
        },
        &quot;bridge2&quot; =&gt; {
            &quot;min-large-message-size&quot; =&gt; 102400,
            &quot;retry-interval-multiplier&quot; =&gt; 1.0,
            &quot;reconnect-attempts&quot; =&gt; -1,
            &quot;password&quot; =&gt; &quot;CHANGE ME!!&quot;,
            &quot;use-duplicate-detection&quot; =&gt; true,
            &quot;confirmation-window-size&quot; =&gt; 1048576,
            &quot;check-period&quot; =&gt; 30000L,
            &quot;connection-ttl&quot; =&gt; 60000L,
            &quot;forwarding-address&quot; =&gt; undefined,
            &quot;transformer-class-name&quot; =&gt; undefined,
            &quot;ha&quot; =&gt; false,
            &quot;static-connectors&quot; =&gt; undefined,
            &quot;retry-interval&quot; =&gt; 2000L,
            &quot;discovery-group-name&quot; =&gt; &quot;groupC&quot;,
            &quot;queue-name&quot; =&gt; &quot;coreQueueB&quot;,
            &quot;max-retry-interval&quot; =&gt; 2000L,
            &quot;user&quot; =&gt; &quot;HORNETQ.CLUSTER.ADMIN.USER&quot;,
            &quot;filter&quot; =&gt; undefined
        }
    },
    &quot;discovery-group&quot; =&gt; {
        &quot;groupC&quot; =&gt; {
            &quot;refresh-timeout&quot; =&gt; 3500L,
            &quot;jgroups-stack&quot; =&gt; undefined,
            &quot;jgroups-channel&quot; =&gt; undefined,
            &quot;group-address&quot; =&gt; &quot;224.0.1.105&quot;,
            &quot;group-port&quot; =&gt; 45678,
            &quot;local-bind-address&quot; =&gt; &quot;localhost&quot;,
            &quot;socket-binding&quot; =&gt; undefined,
            &quot;initial-wait-timeout&quot; =&gt; 7500L
        },
        &quot;groupD&quot; =&gt; {
            &quot;refresh-timeout&quot; =&gt; 10000L,
            &quot;jgroups-stack&quot; =&gt; undefined,
            &quot;jgroups-channel&quot; =&gt; undefined,
            &quot;group-address&quot; =&gt; &quot;224.0.1.105&quot;,
            &quot;group-port&quot; =&gt; 56789,
            &quot;local-bind-address&quot; =&gt; undefined,
            &quot;socket-binding&quot; =&gt; undefined,
            &quot;initial-wait-timeout&quot; =&gt; 10000L
        },
        &quot;groupT&quot; =&gt; {
            &quot;refresh-timeout&quot; =&gt; 10000L,
            &quot;jgroups-stack&quot; =&gt; undefined,
            &quot;jgroups-channel&quot; =&gt; undefined,
            &quot;group-address&quot; =&gt; undefined,
            &quot;group-port&quot; =&gt; undefined,
            &quot;local-bind-address&quot; =&gt; undefined,
            &quot;socket-binding&quot; =&gt; &quot;group-t-binding&quot;,
            &quot;initial-wait-timeout&quot; =&gt; 10000L
        }
    },
    &quot;connector-service&quot; =&gt; {
        &quot;a&quot; =&gt; {&quot;factory-class&quot; =&gt; &quot;foo.bar&quot;},
        &quot;b&quot; =&gt; {
            &quot;factory-class&quot; =&gt; &quot;bar.foo&quot;,
            &quot;param&quot; =&gt; {
                &quot;foo&quot; =&gt; {&quot;value&quot; =&gt; &quot;bar&quot;},
                &quot;bar&quot; =&gt; {&quot;value&quot; =&gt; &quot;2&quot;}
            }
        }
    }
} expected:&lt;...ord, cluster-user, c[lustered, c]onnection-factory, c...&gt; but was:&lt;...ord, cluster-user, c[]onnection-factory, c...&gt;" type="org.junit.ComparisonFailure">org.junit.ComparisonFailure: hornetq-server/default/: {
    &quot;allow-failback&quot; =&gt; false,
    &quot;async-connection-execution-enabled&quot; =&gt; false,
    &quot;backup&quot; =&gt; false,
    &quot;backup-group-name&quot; =&gt; undefined,
    &quot;check-for-live-server&quot; =&gt; false,
    &quot;cluster-password&quot; =&gt; expression &quot;${messaging.cluster.user.password}&quot;,
    &quot;cluster-user&quot; =&gt; expression &quot;${messaging.cluster.user.name}&quot;,
    &quot;clustered&quot; =&gt; false,
    &quot;connection-ttl-override&quot; =&gt; 5432L,
    &quot;create-bindings-dir&quot; =&gt; false,
    &quot;create-journal-dir&quot; =&gt; true,
    &quot;failback-delay&quot; =&gt; 9876L,
    &quot;failover-on-shutdown&quot; =&gt; true,
    &quot;id-cache-size&quot; =&gt; 102030,
    &quot;jmx-domain&quot; =&gt; &quot;my.jmx.domain&quot;,
    &quot;jmx-management-enabled&quot; =&gt; false,
    &quot;journal-buffer-size&quot; =&gt; 2468L,
    &quot;journal-buffer-timeout&quot; =&gt; 1357L,
    &quot;journal-compact-min-files&quot; =&gt; 2,
    &quot;journal-compact-percentage&quot; =&gt; 83,
    &quot;journal-file-size&quot; =&gt; 102400L,
    &quot;journal-max-io&quot; =&gt; 50,
    &quot;journal-min-files&quot; =&gt; 2,
    &quot;journal-sync-non-transactional&quot; =&gt; true,
    &quot;journal-sync-transactional&quot; =&gt; false,
    &quot;journal-type&quot; =&gt; &quot;NIO&quot;,
    &quot;log-journal-write-rate&quot; =&gt; true,
    &quot;management-address&quot; =&gt; &quot;my.management.address&quot;,
    &quot;management-notification-address&quot; =&gt; &quot;my.management.notif.address&quot;,
    &quot;memory-measure-interval&quot; =&gt; 2048L,
    &quot;memory-warning-threshold&quot; =&gt; 1024,
    &quot;message-counter-enabled&quot; =&gt; true,
    &quot;message-counter-max-day-history&quot; =&gt; 23,
    &quot;message-counter-sample-period&quot; =&gt; 7654L,
    &quot;message-expiry-scan-period&quot; =&gt; 7654L,
    &quot;message-expiry-thread-priority&quot; =&gt; 7,
    &quot;page-max-concurrent-io&quot; =&gt; 10,
    &quot;perf-blast-pages&quot; =&gt; 70,
    &quot;persist-delivery-count-before-delivery&quot; =&gt; true,
    &quot;persist-id-cache&quot; =&gt; false,
    &quot;persistence-enabled&quot; =&gt; false,
    &quot;remoting-incoming-interceptors&quot; =&gt; undefined,
    &quot;remoting-interceptors&quot; =&gt; [
        &quot;foo.bar&quot;,
        &quot;bar.foo&quot;
    ],
    &quot;remoting-outgoing-interceptors&quot; =&gt; undefined,
    &quot;replication-clustername&quot; =&gt; undefined,
    &quot;run-sync-speed-test&quot; =&gt; false,
    &quot;runtime-queue&quot; =&gt; undefined,
    &quot;scheduled-thread-pool-max-size&quot; =&gt; expression &quot;${messaging.scheduled.thread.pool.max.size:6}&quot;,
    &quot;security-domain&quot; =&gt; &quot;someDomain&quot;,
    &quot;security-enabled&quot; =&gt; false,
    &quot;security-invalidation-interval&quot; =&gt; 1234L,
    &quot;server-dump-interval&quot; =&gt; 8642L,
    &quot;shared-store&quot; =&gt; true,
    &quot;thread-pool-max-size&quot; =&gt; expression &quot;${messaging.thread.pool.max.size:5}&quot;,
    &quot;transaction-timeout&quot; =&gt; 4321L,
    &quot;transaction-timeout-scan-period&quot; =&gt; 5432L,
    &quot;wild-card-routing-enabled&quot; =&gt; false,
    &quot;acceptor&quot; =&gt; {&quot;myacceptor&quot; =&gt; {
        &quot;factory-class&quot; =&gt; &quot;org.hornetq.core.remoting.impl.netty.NettyAcceptorFactory&quot;,
        &quot;socket-binding&quot; =&gt; undefined,
        &quot;param&quot; =&gt; {&quot;batch-delay&quot; =&gt; {&quot;value&quot; =&gt; &quot;50&quot;}}
    }},
    &quot;address-setting&quot; =&gt; {&quot;#&quot; =&gt; {
        &quot;address-full-policy&quot; =&gt; &quot;BLOCK&quot;,
        &quot;dead-letter-address&quot; =&gt; &quot;jms.queue.DLQ&quot;,
        &quot;expiry-address&quot; =&gt; &quot;jms.queue.ExpiryQueue&quot;,
        &quot;last-value-queue&quot; =&gt; false,
        &quot;max-delivery-attempts&quot; =&gt; 5,
        &quot;max-size-bytes&quot; =&gt; 10485760L,
        &quot;message-counter-history-day-limit&quot; =&gt; 10,
        &quot;page-max-cache-size&quot; =&gt; 7,
        &quot;page-size-bytes&quot; =&gt; 10485760L,
        &quot;redelivery-delay&quot; =&gt; 0L,
        &quot;redistribution-delay&quot; =&gt; 0L,
        &quot;send-to-dla-on-no-route&quot; =&gt; false
    }},
    &quot;bridge&quot; =&gt; {
        &quot;bridge1&quot; =&gt; {
            &quot;check-period&quot; =&gt; 666L,
            &quot;confirmation-window-size&quot; =&gt; 350,
            &quot;connection-ttl&quot; =&gt; 36000L,
            &quot;discovery-group-name&quot; =&gt; undefined,
            &quot;filter&quot; =&gt; &quot;afilter&quot;,
            &quot;forwarding-address&quot; =&gt; &quot;forwardingaddress1&quot;,
            &quot;ha&quot; =&gt; true,
            &quot;max-retry-interval&quot; =&gt; 3000L,
            &quot;min-large-message-size&quot; =&gt; 10240,
            &quot;password&quot; =&gt; expression &quot;${password:secret}&quot;,
            &quot;queue-name&quot; =&gt; &quot;coreQueueA&quot;,
            &quot;reconnect-attempts&quot; =&gt; 3,
            &quot;retry-interval&quot; =&gt; 750L,
            &quot;retry-interval-multiplier&quot; =&gt; big decimal 2,
            &quot;static-connectors&quot; =&gt; [
                &quot;in-vm&quot;,
                &quot;netty&quot;
            ],
            &quot;transformer-class-name&quot; =&gt; &quot;foo.bar&quot;,
            &quot;use-duplicate-detection&quot; =&gt; true,
            &quot;user&quot; =&gt; expression &quot;${user:Brian}&quot;
        },
        &quot;bridge2&quot; =&gt; {
            &quot;check-period&quot; =&gt; 30000L,
            &quot;confirmation-window-size&quot; =&gt; 1048576,
            &quot;connection-ttl&quot; =&gt; 60000L,
            &quot;discovery-group-name&quot; =&gt; &quot;groupC&quot;,
            &quot;filter&quot; =&gt; undefined,
            &quot;forwarding-address&quot; =&gt; undefined,
            &quot;ha&quot; =&gt; false,
            &quot;max-retry-interval&quot; =&gt; 2000L,
            &quot;min-large-message-size&quot; =&gt; 102400,
            &quot;password&quot; =&gt; &quot;CHANGE ME!!&quot;,
            &quot;queue-name&quot; =&gt; &quot;coreQueueB&quot;,
            &quot;reconnect-attempts&quot; =&gt; -1,
            &quot;retry-interval&quot; =&gt; 2000L,
            &quot;retry-interval-multiplier&quot; =&gt; 1.0,
            &quot;static-connectors&quot; =&gt; undefined,
            &quot;transformer-class-name&quot; =&gt; undefined,
            &quot;use-duplicate-detection&quot; =&gt; true,
            &quot;user&quot; =&gt; &quot;HORNETQ.CLUSTER.ADMIN.USER&quot;
        }
    },
    &quot;broadcast-group&quot; =&gt; {
        &quot;groupA&quot; =&gt; {
            &quot;broadcast-period&quot; =&gt; 2500L,
            &quot;connectors&quot; =&gt; [
                &quot;netty&quot;,
                &quot;netty-throughput&quot;
            ],
            &quot;group-address&quot; =&gt; &quot;224.0.1.105&quot;,
            &quot;group-port&quot; =&gt; 23456,
            &quot;local-bind-address&quot; =&gt; &quot;localhost&quot;,
            &quot;local-bind-port&quot; =&gt; 12345
        },
        &quot;groupB&quot; =&gt; {
            &quot;broadcast-period&quot; =&gt; 2000L,
            &quot;group-address&quot; =&gt; &quot;224.0.1.105&quot;,
            &quot;group-port&quot; =&gt; 34567,
            &quot;local-bind-port&quot; =&gt; -1
        },
        &quot;groupS&quot; =&gt; {
            &quot;broadcast-period&quot; =&gt; 2000L,
            &quot;local-bind-port&quot; =&gt; -1,
            &quot;socket-binding&quot; =&gt; &quot;group-s-binding&quot;
        }
    },
    &quot;cluster-connection&quot; =&gt; {
        &quot;cc1&quot; =&gt; {
            &quot;allow-direct-connections-only&quot; =&gt; false,
            &quot;call-failover-timeout&quot; =&gt; -1L,
            &quot;call-timeout&quot; =&gt; 3456L,
            &quot;check-period&quot; =&gt; 2345L,
            &quot;cluster-connection-address&quot; =&gt; &quot;cc1-address&quot;,
            &quot;confirmation-window-size&quot; =&gt; 459,
            &quot;connection-ttl&quot; =&gt; 1234L,
            &quot;connector-ref&quot; =&gt; &quot;netty&quot;,
            &quot;discovery-group-name&quot; =&gt; undefined,
            &quot;forward-when-no-consumers&quot; =&gt; true,
            &quot;max-hops&quot; =&gt; 7,
            &quot;max-retry-interval&quot; =&gt; 3600L,
            &quot;min-large-message-size&quot; =&gt; 10245,
            &quot;notification-attempts&quot; =&gt; 2,
            &quot;notification-interval&quot; =&gt; 1000L,
            &quot;reconnect-attempts&quot; =&gt; -1,
            &quot;retry-interval&quot; =&gt; 987L,
            &quot;retry-interval-multiplier&quot; =&gt; big decimal 3.0,
            &quot;static-connectors&quot; =&gt; [
                &quot;in-vm&quot;,
                &quot;netty&quot;
            ],
            &quot;use-duplicate-detection&quot; =&gt; true
        },
        &quot;cc2&quot; =&gt; {
            &quot;allow-direct-connections-only&quot; =&gt; true,
            &quot;call-failover-timeout&quot; =&gt; -1L,
            &quot;call-timeout&quot; =&gt; 30000L,
            &quot;check-period&quot; =&gt; 30000L,
            &quot;cluster-connection-address&quot; =&gt; &quot;cc2-address&quot;,
            &quot;confirmation-window-size&quot; =&gt; 1048576,
            &quot;connection-ttl&quot; =&gt; 60000L,
            &quot;connector-ref&quot; =&gt; &quot;netty&quot;,
            &quot;discovery-group-name&quot; =&gt; undefined,
            &quot;forward-when-no-consumers&quot; =&gt; false,
            &quot;max-hops&quot; =&gt; 1,
            &quot;max-retry-interval&quot; =&gt; 2000L,
            &quot;min-large-message-size&quot; =&gt; 102400,
            &quot;notification-attempts&quot; =&gt; 2,
            &quot;notification-interval&quot; =&gt; 1000L,
            &quot;reconnect-attempts&quot; =&gt; -1,
            &quot;retry-interval&quot; =&gt; 500L,
            &quot;retry-interval-multiplier&quot; =&gt; 1.0,
            &quot;static-connectors&quot; =&gt; [
                &quot;in-vm&quot;,
                &quot;netty&quot;
            ],
            &quot;use-duplicate-detection&quot; =&gt; true
        },
        &quot;cc3&quot; =&gt; {
            &quot;allow-direct-connections-only&quot; =&gt; false,
            &quot;call-failover-timeout&quot; =&gt; -1L,
            &quot;call-timeout&quot; =&gt; 30000L,
            &quot;check-period&quot; =&gt; 30000L,
            &quot;cluster-connection-address&quot; =&gt; &quot;cc3-address&quot;,
            &quot;confirmation-window-size&quot; =&gt; 1048576,
            &quot;connection-ttl&quot; =&gt; 60000L,
            &quot;connector-ref&quot; =&gt; &quot;netty&quot;,
            &quot;discovery-group-name&quot; =&gt; &quot;groupC&quot;,
            &quot;forward-when-no-consumers&quot; =&gt; false,
            &quot;max-hops&quot; =&gt; 1,
            &quot;max-retry-interval&quot; =&gt; 2000L,
            &quot;min-large-message-size&quot; =&gt; 102400,
            &quot;notification-attempts&quot; =&gt; 2,
            &quot;notification-interval&quot; =&gt; 1000L,
            &quot;reconnect-attempts&quot; =&gt; -1,
            &quot;retry-interval&quot; =&gt; 500L,
            &quot;retry-interval-multiplier&quot; =&gt; 1.0,
            &quot;static-connectors&quot; =&gt; undefined,
            &quot;use-duplicate-detection&quot; =&gt; true
        },
        &quot;cc4&quot; =&gt; {
            &quot;allow-direct-connections-only&quot; =&gt; false,
            &quot;call-failover-timeout&quot; =&gt; -1L,
            &quot;call-timeout&quot; =&gt; 30000L,
            &quot;check-period&quot; =&gt; 30000L,
            &quot;cluster-connection-address&quot; =&gt; &quot;cc4-address&quot;,
            &quot;confirmation-window-size&quot; =&gt; 1048576,
            &quot;connection-ttl&quot; =&gt; 60000L,
            &quot;connector-ref&quot; =&gt; &quot;netty-throughput&quot;,
            &quot;discovery-group-name&quot; =&gt; undefined,
            &quot;forward-when-no-consumers&quot; =&gt; false,
            &quot;max-hops&quot; =&gt; 1,
            &quot;max-retry-interval&quot; =&gt; 2000L,
            &quot;min-large-message-size&quot; =&gt; 102400,
            &quot;notification-attempts&quot; =&gt; 2,
            &quot;notification-interval&quot; =&gt; 1000L,
            &quot;reconnect-attempts&quot; =&gt; -1,
            &quot;retry-interval&quot; =&gt; 500L,
            &quot;retry-interval-multiplier&quot; =&gt; 1.0,
            &quot;static-connectors&quot; =&gt; [
                &quot;in-vm&quot;,
                &quot;netty&quot;
            ],
            &quot;use-duplicate-detection&quot; =&gt; true
        },
        &quot;cc5&quot; =&gt; {
            &quot;allow-direct-connections-only&quot; =&gt; false,
            &quot;call-failover-timeout&quot; =&gt; -1L,
            &quot;call-timeout&quot; =&gt; 30000L,
            &quot;check-period&quot; =&gt; 30000L,
            &quot;cluster-connection-address&quot; =&gt; &quot;cc3-address&quot;,
            &quot;confirmation-window-size&quot; =&gt; 1048576,
            &quot;connection-ttl&quot; =&gt; 60000L,
            &quot;connector-ref&quot; =&gt; &quot;netty&quot;,
            &quot;discovery-group-name&quot; =&gt; undefined,
            &quot;forward-when-no-consumers&quot; =&gt; false,
            &quot;max-hops&quot; =&gt; 1,
            &quot;max-retry-interval&quot; =&gt; 2000L,
            &quot;min-large-message-size&quot; =&gt; 102400,
            &quot;notification-attempts&quot; =&gt; 2,
            &quot;notification-interval&quot; =&gt; 1000L,
            &quot;reconnect-attempts&quot; =&gt; -1,
            &quot;retry-interval&quot; =&gt; 500L,
            &quot;retry-interval-multiplier&quot; =&gt; 1.0,
            &quot;static-connectors&quot; =&gt; undefined,
            &quot;use-duplicate-detection&quot; =&gt; true
        }
    },
    &quot;connection-factory&quot; =&gt; {
        &quot;InVmConnectionFactory&quot; =&gt; {
            &quot;auto-group&quot; =&gt; false,
            &quot;block-on-acknowledge&quot; =&gt; false,
            &quot;block-on-durable-send&quot; =&gt; true,
            &quot;block-on-non-durable-send&quot; =&gt; false,
            &quot;cache-large-message-client&quot; =&gt; false,
            &quot;call-failover-timeout&quot; =&gt; -1L,
            &quot;call-timeout&quot; =&gt; 30000L,
            &quot;client-failure-check-period&quot; =&gt; 30000L,
            &quot;client-id&quot; =&gt; undefined,
            &quot;compress-large-messages&quot; =&gt; false,
            &quot;confirmation-window-size&quot; =&gt; -1,
            &quot;connection-load-balancing-policy-class-name&quot; =&gt; &quot;org.hornetq.api.core.client.loadbalance.RoundRobinConnectionLoadBalancingPolicy&quot;,
            &quot;connection-ttl&quot; =&gt; 60000L,
            &quot;connector&quot; =&gt; {&quot;in-vm&quot; =&gt; undefined},
            &quot;consumer-max-rate&quot; =&gt; -1,
            &quot;consumer-window-size&quot; =&gt; 1048576,
            &quot;discovery-group-name&quot; =&gt; undefined,
            &quot;discovery-initial-wait-timeout&quot; =&gt; undefined,
            &quot;dups-ok-batch-size&quot; =&gt; 1048576,
            &quot;entries&quot; =&gt; [&quot;java:/ConnectionFactory&quot;],
            &quot;factory-type&quot; =&gt; &quot;GENERIC&quot;,
            &quot;failover-on-initial-connection&quot; =&gt; false,
            &quot;failover-on-server-shutdown&quot; =&gt; undefined,
            &quot;group-id&quot; =&gt; undefined,
            &quot;ha&quot; =&gt; false,
            &quot;max-retry-interval&quot; =&gt; 2000L,
            &quot;min-large-message-size&quot; =&gt; 102400,
            &quot;pre-acknowledge&quot; =&gt; false,
            &quot;producer-max-rate&quot; =&gt; -1,
            &quot;producer-window-size&quot; =&gt; 65536,
            &quot;reconnect-attempts&quot; =&gt; 0,
            &quot;retry-interval&quot; =&gt; 2000L,
            &quot;retry-interval-multiplier&quot; =&gt; 1.0,
            &quot;scheduled-thread-pool-max-size&quot; =&gt; 5,
            &quot;thread-pool-max-size&quot; =&gt; 30,
            &quot;transaction-batch-size&quot; =&gt; 1048576,
            &quot;use-global-pools&quot; =&gt; true
        },
        &quot;RemoteConnectionFactory&quot; =&gt; {
            &quot;auto-group&quot; =&gt; false,
            &quot;block-on-acknowledge&quot; =&gt; false,
            &quot;block-on-durable-send&quot; =&gt; true,
            &quot;block-on-non-durable-send&quot; =&gt; false,
            &quot;cache-large-message-client&quot; =&gt; false,
            &quot;call-failover-timeout&quot; =&gt; -1L,
            &quot;call-timeout&quot; =&gt; 30000L,
            &quot;client-failure-check-period&quot; =&gt; 30000L,
            &quot;client-id&quot; =&gt; &quot;testClient&quot;,
            &quot;compress-large-messages&quot; =&gt; false,
            &quot;confirmation-window-size&quot; =&gt; -1,
            &quot;connection-load-balancing-policy-class-name&quot; =&gt; &quot;org.hornetq.api.core.client.loadbalance.RoundRobinConnectionLoadBalancingPolicy&quot;,
            &quot;connection-ttl&quot; =&gt; 60000L,
            &quot;connector&quot; =&gt; {&quot;netty&quot; =&gt; undefined},
            &quot;consumer-max-rate&quot; =&gt; -1,
            &quot;consumer-window-size&quot; =&gt; 1048576,
            &quot;discovery-group-name&quot; =&gt; undefined,
            &quot;discovery-initial-wait-timeout&quot; =&gt; undefined,
            &quot;dups-ok-batch-size&quot; =&gt; 1048576,
            &quot;entries&quot; =&gt; [&quot;RemoteConnectionFactory&quot;],
            &quot;factory-type&quot; =&gt; &quot;XA_QUEUE&quot;,
            &quot;failover-on-initial-connection&quot; =&gt; false,
            &quot;failover-on-server-shutdown&quot; =&gt; undefined,
            &quot;group-id&quot; =&gt; undefined,
            &quot;ha&quot; =&gt; false,
            &quot;max-retry-interval&quot; =&gt; 2000L,
            &quot;min-large-message-size&quot; =&gt; 102400,
            &quot;pre-acknowledge&quot; =&gt; false,
            &quot;producer-max-rate&quot; =&gt; -1,
            &quot;producer-window-size&quot; =&gt; 65536,
            &quot;reconnect-attempts&quot; =&gt; 0,
            &quot;retry-interval&quot; =&gt; 2000L,
            &quot;retry-interval-multiplier&quot; =&gt; 1.0,
            &quot;scheduled-thread-pool-max-size&quot; =&gt; 5,
            &quot;thread-pool-max-size&quot; =&gt; 30,
            &quot;transaction-batch-size&quot; =&gt; 1048576,
            &quot;use-global-pools&quot; =&gt; true
        },
        &quot;otherConnectionFactory&quot; =&gt; {
            &quot;auto-group&quot; =&gt; true,
            &quot;block-on-acknowledge&quot; =&gt; false,
            &quot;block-on-durable-send&quot; =&gt; false,
            &quot;block-on-non-durable-send&quot; =&gt; false,
            &quot;cache-large-message-client&quot; =&gt; false,
            &quot;call-failover-timeout&quot; =&gt; -1L,
            &quot;call-timeout&quot; =&gt; 123L,
            &quot;client-failure-check-period&quot; =&gt; 12345L,
            &quot;client-id&quot; =&gt; &quot;myClientID&quot;,
            &quot;compress-large-messages&quot; =&gt; false,
            &quot;confirmation-window-size&quot; =&gt; -1,
            &quot;connection-load-balancing-policy-class-name&quot; =&gt; &quot;not.a.real.Class&quot;,
            &quot;connection-ttl&quot; =&gt; 56789L,
            &quot;connector&quot; =&gt; undefined,
            &quot;consumer-max-rate&quot; =&gt; 789,
            &quot;consumer-window-size&quot; =&gt; 456,
            &quot;discovery-group-name&quot; =&gt; &quot;groupC&quot;,
            &quot;discovery-initial-wait-timeout&quot; =&gt; undefined,
            &quot;dups-ok-batch-size&quot; =&gt; 256,
            &quot;entries&quot; =&gt; [&quot;otherConnectionFactory&quot;],
            &quot;factory-type&quot; =&gt; &quot;GENERIC&quot;,
            &quot;failover-on-initial-connection&quot; =&gt; true,
            &quot;failover-on-server-shutdown&quot; =&gt; true,
            &quot;group-id&quot; =&gt; &quot;myGroup&quot;,
            &quot;ha&quot; =&gt; true,
            &quot;max-retry-interval&quot; =&gt; 10000L,
            &quot;min-large-message-size&quot; =&gt; 2048,
            &quot;pre-acknowledge&quot; =&gt; true,
            &quot;producer-max-rate&quot; =&gt; 1024,
            &quot;producer-window-size&quot; =&gt; -1,
            &quot;reconnect-attempts&quot; =&gt; 2,
            &quot;retry-interval&quot; =&gt; 500L,
            &quot;retry-interval-multiplier&quot; =&gt; big decimal 2.5,
            &quot;scheduled-thread-pool-max-size&quot; =&gt; 24,
            &quot;thread-pool-max-size&quot; =&gt; 48,
            &quot;transaction-batch-size&quot; =&gt; 512,
            &quot;use-global-pools&quot; =&gt; true
        }
    },
    &quot;connector&quot; =&gt; {&quot;myconnector&quot; =&gt; {
        &quot;factory-class&quot; =&gt; &quot;org.hornetq.core.remoting.impl.netty.NettyConnectorFactory&quot;,
        &quot;socket-binding&quot; =&gt; undefined,
        &quot;param&quot; =&gt; {
            &quot;host&quot; =&gt; {&quot;value&quot; =&gt; &quot;192.168.1.2&quot;},
            &quot;port&quot; =&gt; {&quot;value&quot; =&gt; &quot;5445&quot;}
        }
    }},
    &quot;connector-service&quot; =&gt; {
        &quot;a&quot; =&gt; {
            &quot;factory-class&quot; =&gt; &quot;foo.bar&quot;,
            &quot;param&quot; =&gt; undefined
        },
        &quot;b&quot; =&gt; {
            &quot;factory-class&quot; =&gt; &quot;bar.foo&quot;,
            &quot;param&quot; =&gt; {
                &quot;foo&quot; =&gt; {&quot;value&quot; =&gt; &quot;bar&quot;},
                &quot;bar&quot; =&gt; {&quot;value&quot; =&gt; &quot;2&quot;}
            }
        }
    },
    &quot;discovery-group&quot; =&gt; {
        &quot;groupC&quot; =&gt; {
            &quot;group-address&quot; =&gt; &quot;224.0.1.105&quot;,
            &quot;group-port&quot; =&gt; 45678,
            &quot;initial-wait-timeout&quot; =&gt; 7500L,
            &quot;local-bind-address&quot; =&gt; &quot;localhost&quot;,
            &quot;refresh-timeout&quot; =&gt; 3500L
        },
        &quot;groupD&quot; =&gt; {
            &quot;group-address&quot; =&gt; &quot;224.0.1.105&quot;,
            &quot;group-port&quot; =&gt; 56789,
            &quot;initial-wait-timeout&quot; =&gt; 10000L,
            &quot;refresh-timeout&quot; =&gt; 10000L
        },
        &quot;groupT&quot; =&gt; {
            &quot;initial-wait-timeout&quot; =&gt; 10000L,
            &quot;refresh-timeout&quot; =&gt; 10000L,
            &quot;socket-binding&quot; =&gt; &quot;group-t-binding&quot;
        }
    },
    &quot;divert&quot; =&gt; {
        &quot;testDivert1&quot; =&gt; {
            &quot;divert-address&quot; =&gt; &quot;address1&quot;,
            &quot;exclusive&quot; =&gt; true,
            &quot;filter&quot; =&gt; &quot;afilter&quot;,
            &quot;forwarding-address&quot; =&gt; &quot;forwardingaddress1&quot;,
            &quot;routing-name&quot; =&gt; &quot;routing&quot;,
            &quot;transformer-class-name&quot; =&gt; &quot;org.jboss.test.Transformer&quot;
        },
        &quot;testDivert2&quot; =&gt; {
            &quot;divert-address&quot; =&gt; &quot;address2&quot;,
            &quot;exclusive&quot; =&gt; false,
            &quot;filter&quot; =&gt; undefined,
            &quot;forwarding-address&quot; =&gt; &quot;forwardingaddress2&quot;,
            &quot;routing-name&quot; =&gt; undefined,
            &quot;transformer-class-name&quot; =&gt; undefined
        }
    },
    &quot;grouping-handler&quot; =&gt; {&quot;grouping-handler&quot; =&gt; {
        &quot;grouping-handler-address&quot; =&gt; &quot;handler-address&quot;,
        &quot;timeout&quot; =&gt; 5000,
        &quot;type&quot; =&gt; &quot;LOCAL&quot;
    }},
    &quot;in-vm-acceptor&quot; =&gt; {&quot;in-vm&quot; =&gt; {
        &quot;server-id&quot; =&gt; 0,
        &quot;param&quot; =&gt; {&quot;direct-deliver&quot; =&gt; {&quot;value&quot; =&gt; &quot;true&quot;}}
    }},
    &quot;in-vm-connector&quot; =&gt; {&quot;in-vm&quot; =&gt; {
        &quot;param&quot; =&gt; undefined,
        &quot;server-id&quot; =&gt; 0
    }},
    &quot;jms-queue&quot; =&gt; {&quot;testQueue&quot; =&gt; {
        &quot;durable&quot; =&gt; true,
        &quot;entries&quot; =&gt; [&quot;queue/test&quot;],
        &quot;selector&quot; =&gt; &quot;color=&apos;red&apos;&quot;
    }},
    &quot;jms-topic&quot; =&gt; {&quot;testTopic&quot; =&gt; {&quot;entries&quot; =&gt; [&quot;topic/test&quot;]}},
    &quot;path&quot; =&gt; {
        &quot;paging-directory&quot; =&gt; {
            &quot;path&quot; =&gt; &quot;test&quot;,
            &quot;relative-to&quot; =&gt; &quot;test&quot;
        },
        &quot;bindings-directory&quot; =&gt; {
            &quot;path&quot; =&gt; &quot;test&quot;,
            &quot;relative-to&quot; =&gt; &quot;test&quot;
        },
        &quot;journal-directory&quot; =&gt; {
            &quot;path&quot; =&gt; &quot;test&quot;,
            &quot;relative-to&quot; =&gt; &quot;test&quot;
        },
        &quot;large-messages-directory&quot; =&gt; {
            &quot;path&quot; =&gt; &quot;test&quot;,
            &quot;relative-to&quot; =&gt; &quot;test&quot;
        }
    },
    &quot;pooled-connection-factory&quot; =&gt; {
        &quot;hornetq-ra&quot; =&gt; {
            &quot;auto-group&quot; =&gt; true,
            &quot;block-on-acknowledge&quot; =&gt; false,
            &quot;block-on-durable-send&quot; =&gt; false,
            &quot;block-on-non-durable-send&quot; =&gt; false,
            &quot;cache-large-message-client&quot; =&gt; false,
            &quot;call-failover-timeout&quot; =&gt; -1L,
            &quot;call-timeout&quot; =&gt; 123L,
            &quot;client-failure-check-period&quot; =&gt; 12345L,
            &quot;client-id&quot; =&gt; &quot;myClientID&quot;,
            &quot;compress-large-messages&quot; =&gt; false,
            &quot;confirmation-window-size&quot; =&gt; -1,
            &quot;connection-load-balancing-policy-class-name&quot; =&gt; &quot;not.a.real.Class&quot;,
            &quot;connection-ttl&quot; =&gt; 56789L,
            &quot;connector&quot; =&gt; {&quot;in-vm&quot; =&gt; undefined},
            &quot;consumer-max-rate&quot; =&gt; 789,
            &quot;consumer-window-size&quot; =&gt; 456,
            &quot;discovery-group-name&quot; =&gt; undefined,
            &quot;discovery-initial-wait-timeout&quot; =&gt; undefined,
            &quot;dups-ok-batch-size&quot; =&gt; 256,
            &quot;entries&quot; =&gt; [&quot;java:/JmsXA&quot;],
            &quot;failover-on-initial-connection&quot; =&gt; true,
            &quot;failover-on-server-shutdown&quot; =&gt; true,
            &quot;group-id&quot; =&gt; &quot;myGroup&quot;,
            &quot;ha&quot; =&gt; true,
            &quot;initial-connect-attempts&quot; =&gt; 1,
            &quot;initial-message-packet-size&quot; =&gt; 1500,
            &quot;jndi-params&quot; =&gt; &quot;whatever&quot;,
            &quot;max-pool-size&quot; =&gt; 242,
            &quot;max-retry-interval&quot; =&gt; 10000L,
            &quot;min-large-message-size&quot; =&gt; 2048,
            &quot;min-pool-size&quot; =&gt; 42,
            &quot;password&quot; =&gt; &quot;alicepassword&quot;,
            &quot;pre-acknowledge&quot; =&gt; true,
            &quot;producer-max-rate&quot; =&gt; 1024,
            &quot;producer-window-size&quot; =&gt; -1,
            &quot;reconnect-attempts&quot; =&gt; 2,
            &quot;retry-interval&quot; =&gt; 500L,
            &quot;retry-interval-multiplier&quot; =&gt; big decimal 2.5,
            &quot;scheduled-thread-pool-max-size&quot; =&gt; 24,
            &quot;setup-attempts&quot; =&gt; 123,
            &quot;setup-interval&quot; =&gt; 456L,
            &quot;thread-pool-max-size&quot; =&gt; 48,
            &quot;transaction&quot; =&gt; &quot;xa&quot;,
            &quot;transaction-batch-size&quot; =&gt; 512,
            &quot;use-auto-recovery&quot; =&gt; true,
            &quot;use-global-pools&quot; =&gt; true,
            &quot;use-jndi&quot; =&gt; false,
            &quot;use-local-tx&quot; =&gt; true,
            &quot;user&quot; =&gt; &quot;alice&quot;
        },
        &quot;hornetq-ra-local&quot; =&gt; {
            &quot;auto-group&quot; =&gt; false,
            &quot;block-on-acknowledge&quot; =&gt; false,
            &quot;block-on-durable-send&quot; =&gt; true,
            &quot;block-on-non-durable-send&quot; =&gt; false,
            &quot;cache-large-message-client&quot; =&gt; false,
            &quot;call-failover-timeout&quot; =&gt; -1L,
            &quot;call-timeout&quot; =&gt; 30000L,
            &quot;client-failure-check-period&quot; =&gt; 30000L,
            &quot;client-id&quot; =&gt; undefined,
            &quot;compress-large-messages&quot; =&gt; false,
            &quot;confirmation-window-size&quot; =&gt; -1,
            &quot;connection-load-balancing-policy-class-name&quot; =&gt; &quot;org.hornetq.api.core.client.loadbalance.RoundRobinConnectionLoadBalancingPolicy&quot;,
            &quot;connection-ttl&quot; =&gt; 60000L,
            &quot;connector&quot; =&gt; {&quot;in-vm&quot; =&gt; undefined},
            &quot;consumer-max-rate&quot; =&gt; -1,
            &quot;consumer-window-size&quot; =&gt; 1048576,
            &quot;discovery-group-name&quot; =&gt; undefined,
            &quot;discovery-initial-wait-timeout&quot; =&gt; undefined,
            &quot;dups-ok-batch-size&quot; =&gt; 1048576,
            &quot;entries&quot; =&gt; [&quot;java:/JmsLocal&quot;],
            &quot;failover-on-initial-connection&quot; =&gt; false,
            &quot;failover-on-server-shutdown&quot; =&gt; undefined,
            &quot;group-id&quot; =&gt; undefined,
            &quot;ha&quot; =&gt; false,
            &quot;initial-connect-attempts&quot; =&gt; 1,
            &quot;initial-message-packet-size&quot; =&gt; 1500,
            &quot;jndi-params&quot; =&gt; undefined,
            &quot;max-pool-size&quot; =&gt; -1,
            &quot;max-retry-interval&quot; =&gt; 2000L,
            &quot;min-large-message-size&quot; =&gt; 102400,
            &quot;min-pool-size&quot; =&gt; -1,
            &quot;password&quot; =&gt; &quot;alicepassword&quot;,
            &quot;pre-acknowledge&quot; =&gt; false,
            &quot;producer-max-rate&quot; =&gt; -1,
            &quot;producer-window-size&quot; =&gt; 65536,
            &quot;reconnect-attempts&quot; =&gt; -1,
            &quot;retry-interval&quot; =&gt; 2000L,
            &quot;retry-interval-multiplier&quot; =&gt; 1.0,
            &quot;scheduled-thread-pool-max-size&quot; =&gt; 5,
            &quot;setup-attempts&quot; =&gt; undefined,
            &quot;setup-interval&quot; =&gt; undefined,
            &quot;thread-pool-max-size&quot; =&gt; 30,
            &quot;transaction&quot; =&gt; &quot;local&quot;,
            &quot;transaction-batch-size&quot; =&gt; 1048576,
            &quot;use-auto-recovery&quot; =&gt; true,
            &quot;use-global-pools&quot; =&gt; true,
            &quot;use-jndi&quot; =&gt; undefined,
            &quot;use-local-tx&quot; =&gt; undefined,
            &quot;user&quot; =&gt; &quot;alice&quot;
        },
        &quot;hornetq-ra-none&quot; =&gt; {
            &quot;auto-group&quot; =&gt; false,
            &quot;block-on-acknowledge&quot; =&gt; false,
            &quot;block-on-durable-send&quot; =&gt; true,
            &quot;block-on-non-durable-send&quot; =&gt; false,
            &quot;cache-large-message-client&quot; =&gt; false,
            &quot;call-failover-timeout&quot; =&gt; -1L,
            &quot;call-timeout&quot; =&gt; 30000L,
            &quot;client-failure-check-period&quot; =&gt; 30000L,
            &quot;client-id&quot; =&gt; undefined,
            &quot;compress-large-messages&quot; =&gt; false,
            &quot;confirmation-window-size&quot; =&gt; -1,
            &quot;connection-load-balancing-policy-class-name&quot; =&gt; &quot;org.hornetq.api.core.client.loadbalance.RoundRobinConnectionLoadBalancingPolicy&quot;,
            &quot;connection-ttl&quot; =&gt; 60000L,
            &quot;connector&quot; =&gt; {&quot;in-vm&quot; =&gt; undefined},
            &quot;consumer-max-rate&quot; =&gt; -1,
            &quot;consumer-window-size&quot; =&gt; 1048576,
            &quot;discovery-group-name&quot; =&gt; undefined,
            &quot;discovery-initial-wait-timeout&quot; =&gt; undefined,
            &quot;dups-ok-batch-size&quot; =&gt; 1048576,
            &quot;entries&quot; =&gt; [&quot;java:/JmsNone&quot;],
            &quot;failover-on-initial-connection&quot; =&gt; false,
            &quot;failover-on-server-shutdown&quot; =&gt; undefined,
            &quot;group-id&quot; =&gt; undefined,
            &quot;ha&quot; =&gt; false,
            &quot;initial-connect-attempts&quot; =&gt; 1,
            &quot;initial-message-packet-size&quot; =&gt; 1500,
            &quot;jndi-params&quot; =&gt; undefined,
            &quot;max-pool-size&quot; =&gt; -1,
            &quot;max-retry-interval&quot; =&gt; 2000L,
            &quot;min-large-message-size&quot; =&gt; 102400,
            &quot;min-pool-size&quot; =&gt; -1,
            &quot;password&quot; =&gt; &quot;alicepassword&quot;,
            &quot;pre-acknowledge&quot; =&gt; false,
            &quot;producer-max-rate&quot; =&gt; -1,
            &quot;producer-window-size&quot; =&gt; 65536,
            &quot;reconnect-attempts&quot; =&gt; -1,
            &quot;retry-interval&quot; =&gt; 2000L,
            &quot;retry-interval-multiplier&quot; =&gt; 1.0,
            &quot;scheduled-thread-pool-max-size&quot; =&gt; 5,
            &quot;setup-attempts&quot; =&gt; undefined,
            &quot;setup-interval&quot; =&gt; undefined,
            &quot;thread-pool-max-size&quot; =&gt; 30,
            &quot;transaction&quot; =&gt; &quot;none&quot;,
            &quot;transaction-batch-size&quot; =&gt; 1048576,
            &quot;use-auto-recovery&quot; =&gt; true,
            &quot;use-global-pools&quot; =&gt; true,
            &quot;use-jndi&quot; =&gt; undefined,
            &quot;use-local-tx&quot; =&gt; undefined,
            &quot;user&quot; =&gt; &quot;alice&quot;
        }
    },
    &quot;queue&quot; =&gt; {
        &quot;coreQueueA&quot; =&gt; {
            &quot;durable&quot; =&gt; true,
            &quot;filter&quot; =&gt; &quot;afilter&quot;,
            &quot;queue-address&quot; =&gt; &quot;addressA&quot;
        },
        &quot;coreQueueB&quot; =&gt; {
            &quot;durable&quot; =&gt; true,
            &quot;filter&quot; =&gt; undefined,
            &quot;queue-address&quot; =&gt; &quot;addressB&quot;
        }
    },
    &quot;remote-acceptor&quot; =&gt; {
        &quot;netty&quot; =&gt; {
            &quot;param&quot; =&gt; undefined,
            &quot;socket-binding&quot; =&gt; &quot;messaging&quot;
        },
        &quot;netty-throughput&quot; =&gt; {
            &quot;socket-binding&quot; =&gt; &quot;messaging-throughput&quot;,
            &quot;param&quot; =&gt; {
                &quot;batch-delay&quot; =&gt; {&quot;value&quot; =&gt; &quot;50&quot;},
                &quot;direct-deliver&quot; =&gt; {&quot;value&quot; =&gt; &quot;false&quot;}
            }
        }
    },
    &quot;remote-connector&quot; =&gt; {
        &quot;netty&quot; =&gt; {
            &quot;param&quot; =&gt; undefined,
            &quot;socket-binding&quot; =&gt; &quot;messaging&quot;
        },
        &quot;netty-throughput&quot; =&gt; {
            &quot;socket-binding&quot; =&gt; &quot;messaging-throughput&quot;,
            &quot;param&quot; =&gt; {&quot;batch-delay&quot; =&gt; {&quot;value&quot; =&gt; &quot;50&quot;}}
        }
    },
    &quot;security-setting&quot; =&gt; {&quot;#&quot; =&gt; {&quot;role&quot; =&gt; {
        &quot;guest&quot; =&gt; {
            &quot;consume&quot; =&gt; true,
            &quot;create-durable-queue&quot; =&gt; false,
            &quot;create-non-durable-queue&quot; =&gt; true,
            &quot;delete-durable-queue&quot; =&gt; false,
            &quot;delete-non-durable-queue&quot; =&gt; true,
            &quot;manage&quot; =&gt; false,
            &quot;send&quot; =&gt; true
        },
        &quot;adming&quot; =&gt; {
            &quot;consume&quot; =&gt; false,
            &quot;create-durable-queue&quot; =&gt; false,
            &quot;create-non-durable-queue&quot; =&gt; false,
            &quot;delete-durable-queue&quot; =&gt; false,
            &quot;delete-non-durable-queue&quot; =&gt; false,
            &quot;manage&quot; =&gt; true,
            &quot;send&quot; =&gt; false
        }
    }}}
}
{
    &quot;shared-store&quot; =&gt; true,
    &quot;thread-pool-max-size&quot; =&gt; expression &quot;${messaging.thread.pool.max.size:5}&quot;,
    &quot;remoting-interceptors&quot; =&gt; [
        &quot;foo.bar&quot;,
        &quot;bar.foo&quot;
    ],
    &quot;create-bindings-dir&quot; =&gt; false,
    &quot;journal-buffer-size&quot; =&gt; 2468L,
    &quot;security-invalidation-interval&quot; =&gt; 1234L,
    &quot;message-counter-enabled&quot; =&gt; true,
    &quot;journal-type&quot; =&gt; &quot;NIO&quot;,
    &quot;journal-sync-transactional&quot; =&gt; false,
    &quot;journal-compact-min-files&quot; =&gt; 2,
    &quot;log-journal-write-rate&quot; =&gt; true,
    &quot;journal-max-io&quot; =&gt; 50,
    &quot;scheduled-thread-pool-max-size&quot; =&gt; expression &quot;${messaging.scheduled.thread.pool.max.size:6}&quot;,
    &quot;security-enabled&quot; =&gt; false,
    &quot;memory-warning-threshold&quot; =&gt; 1024,
    &quot;journal-compact-percentage&quot; =&gt; 83,
    &quot;failover-on-shutdown&quot; =&gt; true,
    &quot;backup-group-name&quot; =&gt; undefined,
    &quot;cluster-user&quot; =&gt; expression &quot;${messaging.cluster.user.name}&quot;,
    &quot;run-sync-speed-test&quot; =&gt; false,
    &quot;jmx-domain&quot; =&gt; &quot;my.jmx.domain&quot;,
    &quot;transaction-timeout&quot; =&gt; 4321L,
    &quot;cluster-password&quot; =&gt; expression &quot;${messaging.cluster.user.password}&quot;,
    &quot;create-journal-dir&quot; =&gt; true,
    &quot;message-counter-sample-period&quot; =&gt; 7654L,
    &quot;connection-ttl-override&quot; =&gt; 5432L,
    &quot;persistence-enabled&quot; =&gt; false,
    &quot;allow-failback&quot; =&gt; false,
    &quot;remoting-outgoing-interceptors&quot; =&gt; undefined,
    &quot;transaction-timeout-scan-period&quot; =&gt; 5432L,
    &quot;persist-delivery-count-before-delivery&quot; =&gt; true,
    &quot;page-max-concurrent-io&quot; =&gt; 10,
    &quot;journal-min-files&quot; =&gt; 2,
    &quot;check-for-live-server&quot; =&gt; false,
    &quot;management-notification-address&quot; =&gt; &quot;my.management.notif.address&quot;,
    &quot;journal-buffer-timeout&quot; =&gt; 1357L,
    &quot;management-address&quot; =&gt; &quot;my.management.address&quot;,
    &quot;journal-file-size&quot; =&gt; 102400L,
    &quot;journal-sync-non-transactional&quot; =&gt; true,
    &quot;persist-id-cache&quot; =&gt; false,
    &quot;backup&quot; =&gt; false,
    &quot;jmx-management-enabled&quot; =&gt; false,
    &quot;async-connection-execution-enabled&quot; =&gt; false,
    &quot;perf-blast-pages&quot; =&gt; 70,
    &quot;memory-measure-interval&quot; =&gt; 2048L,
    &quot;server-dump-interval&quot; =&gt; 8642L,
    &quot;message-expiry-thread-priority&quot; =&gt; 7,
    &quot;live-connector-ref&quot; =&gt; undefined,
    &quot;replication-clustername&quot; =&gt; undefined,
    &quot;failback-delay&quot; =&gt; 9876L,
    &quot;id-cache-size&quot; =&gt; 102030,
    &quot;security-domain&quot; =&gt; &quot;someDomain&quot;,
    &quot;message-expiry-scan-period&quot; =&gt; 7654L,
    &quot;remoting-incoming-interceptors&quot; =&gt; undefined,
    &quot;wild-card-routing-enabled&quot; =&gt; false,
    &quot;message-counter-max-day-history&quot; =&gt; 23,
    &quot;in-vm-acceptor&quot; =&gt; {&quot;in-vm&quot; =&gt; {
        &quot;server-id&quot; =&gt; 0,
        &quot;param&quot; =&gt; {&quot;direct-deliver&quot; =&gt; {&quot;value&quot; =&gt; &quot;true&quot;}}
    }},
    &quot;jms-queue&quot; =&gt; {&quot;testQueue&quot; =&gt; {
        &quot;selector&quot; =&gt; &quot;color=&apos;red&apos;&quot;,
        &quot;durable&quot; =&gt; true,
        &quot;entries&quot; =&gt; [&quot;queue/test&quot;]
    }},
    &quot;security-setting&quot; =&gt; {&quot;#&quot; =&gt; {&quot;role&quot; =&gt; {
        &quot;guest&quot; =&gt; {
            &quot;delete-non-durable-queue&quot; =&gt; true,
            &quot;create-non-durable-queue&quot; =&gt; true,
            &quot;send&quot; =&gt; true,
            &quot;delete-durable-queue&quot; =&gt; false,
            &quot;manage&quot; =&gt; false,
            &quot;create-durable-queue&quot; =&gt; false,
            &quot;consume&quot; =&gt; true
        },
        &quot;adming&quot; =&gt; {
            &quot;delete-non-durable-queue&quot; =&gt; false,
            &quot;create-non-durable-queue&quot; =&gt; false,
            &quot;send&quot; =&gt; false,
            &quot;delete-durable-queue&quot; =&gt; false,
            &quot;manage&quot; =&gt; true,
            &quot;create-durable-queue&quot; =&gt; false,
            &quot;consume&quot; =&gt; false
        }
    }}},
    &quot;grouping-handler&quot; =&gt; {&quot;grouping-handler&quot; =&gt; {
        &quot;type&quot; =&gt; &quot;LOCAL&quot;,
        &quot;timeout&quot; =&gt; 5000,
        &quot;grouping-handler-address&quot; =&gt; &quot;handler-address&quot;
    }},
    &quot;address-setting&quot; =&gt; {&quot;#&quot; =&gt; {
        &quot;redistribution-delay&quot; =&gt; 0L,
        &quot;last-value-queue&quot; =&gt; false,
        &quot;page-size-bytes&quot; =&gt; 10485760L,
        &quot;address-full-policy&quot; =&gt; &quot;BLOCK&quot;,
        &quot;max-delivery-attempts&quot; =&gt; 5,
        &quot;max-size-bytes&quot; =&gt; 10485760L,
        &quot;expiry-address&quot; =&gt; &quot;jms.queue.ExpiryQueue&quot;,
        &quot;dead-letter-address&quot; =&gt; &quot;jms.queue.DLQ&quot;,
        &quot;page-max-cache-size&quot; =&gt; 7,
        &quot;redelivery-delay&quot; =&gt; 0L,
        &quot;send-to-dla-on-no-route&quot; =&gt; false,
        &quot;message-counter-history-day-limit&quot; =&gt; 10
    }},
    &quot;acceptor&quot; =&gt; {&quot;myacceptor&quot; =&gt; {
        &quot;factory-class&quot; =&gt; &quot;org.hornetq.core.remoting.impl.netty.NettyAcceptorFactory&quot;,
        &quot;socket-binding&quot; =&gt; undefined,
        &quot;param&quot; =&gt; {&quot;batch-delay&quot; =&gt; {&quot;value&quot; =&gt; &quot;50&quot;}}
    }},
    &quot;jms-topic&quot; =&gt; {&quot;testTopic&quot; =&gt; {&quot;entries&quot; =&gt; [&quot;topic/test&quot;]}},
    &quot;in-vm-connector&quot; =&gt; {&quot;in-vm&quot; =&gt; {&quot;server-id&quot; =&gt; 0}},
    &quot;divert&quot; =&gt; {
        &quot;testDivert1&quot; =&gt; {
            &quot;divert-address&quot; =&gt; &quot;address1&quot;,
            &quot;exclusive&quot; =&gt; true,
            &quot;routing-name&quot; =&gt; &quot;routing&quot;,
            &quot;forwarding-address&quot; =&gt; &quot;forwardingaddress1&quot;,
            &quot;filter&quot; =&gt; &quot;afilter&quot;,
            &quot;transformer-class-name&quot; =&gt; &quot;org.jboss.test.Transformer&quot;
        },
        &quot;testDivert2&quot; =&gt; {
            &quot;divert-address&quot; =&gt; &quot;address2&quot;,
            &quot;exclusive&quot; =&gt; false,
            &quot;routing-name&quot; =&gt; undefined,
            &quot;forwarding-address&quot; =&gt; &quot;forwardingaddress2&quot;,
            &quot;filter&quot; =&gt; undefined,
            &quot;transformer-class-name&quot; =&gt; undefined
        }
    },
    &quot;queue&quot; =&gt; {
        &quot;coreQueueA&quot; =&gt; {
            &quot;durable&quot; =&gt; true,
            &quot;queue-address&quot; =&gt; &quot;addressA&quot;,
            &quot;filter&quot; =&gt; &quot;afilter&quot;
        },
        &quot;coreQueueB&quot; =&gt; {
            &quot;durable&quot; =&gt; true,
            &quot;queue-address&quot; =&gt; &quot;addressB&quot;,
            &quot;filter&quot; =&gt; undefined
        }
    },
    &quot;pooled-connection-factory&quot; =&gt; {
        &quot;hornetq-ra&quot; =&gt; {
            &quot;thread-pool-max-size&quot; =&gt; 48,
            &quot;transaction&quot; =&gt; &quot;xa&quot;,
            &quot;dups-ok-batch-size&quot; =&gt; 256,
            &quot;pre-acknowledge&quot; =&gt; true,
            &quot;setup-interval&quot; =&gt; 456L,
            &quot;password&quot; =&gt; &quot;alicepassword&quot;,
            &quot;block-on-acknowledge&quot; =&gt; false,
            &quot;reconnect-attempts&quot; =&gt; 2,
            &quot;max-pool-size&quot; =&gt; 242,
            &quot;block-on-durable-send&quot; =&gt; false,
            &quot;scheduled-thread-pool-max-size&quot; =&gt; 24,
            &quot;client-failure-check-period&quot; =&gt; 12345L,
            &quot;client-id&quot; =&gt; &quot;myClientID&quot;,
            &quot;connection-load-balancing-policy-class-name&quot; =&gt; &quot;not.a.real.Class&quot;,
            &quot;group-id&quot; =&gt; &quot;myGroup&quot;,
            &quot;failover-on-server-shutdown&quot; =&gt; true,
            &quot;use-jndi&quot; =&gt; false,
            &quot;consumer-max-rate&quot; =&gt; 789,
            &quot;transaction-batch-size&quot; =&gt; 512,
            &quot;call-timeout&quot; =&gt; 123L,
            &quot;use-local-tx&quot; =&gt; true,
            &quot;ha&quot; =&gt; true,
            &quot;setup-attempts&quot; =&gt; 123,
            &quot;discovery-group-name&quot; =&gt; undefined,
            &quot;initial-message-packet-size&quot; =&gt; 1500,
            &quot;producer-window-size&quot; =&gt; -1,
            &quot;auto-group&quot; =&gt; true,
            &quot;connector&quot; =&gt; {&quot;in-vm&quot; =&gt; undefined},
            &quot;max-retry-interval&quot; =&gt; 10000L,
            &quot;min-large-message-size&quot; =&gt; 2048,
            &quot;producer-max-rate&quot; =&gt; 1024,
            &quot;discovery-initial-wait-timeout&quot; =&gt; undefined,
            &quot;compress-large-messages&quot; =&gt; false,
            &quot;retry-interval-multiplier&quot; =&gt; big decimal 2.5,
            &quot;consumer-window-size&quot; =&gt; 456,
            &quot;entries&quot; =&gt; [&quot;java:/JmsXA&quot;],
            &quot;call-failover-timeout&quot; =&gt; -1L,
            &quot;confirmation-window-size&quot; =&gt; -1,
            &quot;connection-ttl&quot; =&gt; 56789L,
            &quot;use-global-pools&quot; =&gt; true,
            &quot;use-auto-recovery&quot; =&gt; true,
            &quot;jndi-params&quot; =&gt; &quot;whatever&quot;,
            &quot;failover-on-initial-connection&quot; =&gt; true,
            &quot;min-pool-size&quot; =&gt; 42,
            &quot;retry-interval&quot; =&gt; 500L,
            &quot;block-on-non-durable-send&quot; =&gt; false,
            &quot;cache-large-message-client&quot; =&gt; false,
            &quot;user&quot; =&gt; &quot;alice&quot;,
            &quot;initial-connect-attempts&quot; =&gt; 1
        },
        &quot;hornetq-ra-local&quot; =&gt; {
            &quot;thread-pool-max-size&quot; =&gt; 30,
            &quot;transaction&quot; =&gt; &quot;local&quot;,
            &quot;dups-ok-batch-size&quot; =&gt; 1048576,
            &quot;pre-acknowledge&quot; =&gt; false,
            &quot;setup-interval&quot; =&gt; undefined,
            &quot;password&quot; =&gt; &quot;alicepassword&quot;,
            &quot;block-on-acknowledge&quot; =&gt; false,
            &quot;reconnect-attempts&quot; =&gt; -1,
            &quot;max-pool-size&quot; =&gt; -1,
            &quot;block-on-durable-send&quot; =&gt; true,
            &quot;scheduled-thread-pool-max-size&quot; =&gt; 5,
            &quot;client-failure-check-period&quot; =&gt; 30000L,
            &quot;client-id&quot; =&gt; undefined,
            &quot;connection-load-balancing-policy-class-name&quot; =&gt; &quot;org.hornetq.api.core.client.loadbalance.RoundRobinConnectionLoadBalancingPolicy&quot;,
            &quot;group-id&quot; =&gt; undefined,
            &quot;failover-on-server-shutdown&quot; =&gt; undefined,
            &quot;use-jndi&quot; =&gt; undefined,
            &quot;consumer-max-rate&quot; =&gt; -1,
            &quot;transaction-batch-size&quot; =&gt; 1048576,
            &quot;call-timeout&quot; =&gt; 30000L,
            &quot;use-local-tx&quot; =&gt; undefined,
            &quot;ha&quot; =&gt; false,
            &quot;setup-attempts&quot; =&gt; undefined,
            &quot;discovery-group-name&quot; =&gt; undefined,
            &quot;initial-message-packet-size&quot; =&gt; 1500,
            &quot;producer-window-size&quot; =&gt; 65536,
            &quot;auto-group&quot; =&gt; false,
            &quot;connector&quot; =&gt; {&quot;in-vm&quot; =&gt; undefined},
            &quot;max-retry-interval&quot; =&gt; 2000L,
            &quot;min-large-message-size&quot; =&gt; 102400,
            &quot;producer-max-rate&quot; =&gt; -1,
            &quot;discovery-initial-wait-timeout&quot; =&gt; undefined,
            &quot;compress-large-messages&quot; =&gt; false,
            &quot;retry-interval-multiplier&quot; =&gt; 1.0,
            &quot;consumer-window-size&quot; =&gt; 1048576,
            &quot;entries&quot; =&gt; [&quot;java:/JmsLocal&quot;],
            &quot;call-failover-timeout&quot; =&gt; -1L,
            &quot;confirmation-window-size&quot; =&gt; -1,
            &quot;connection-ttl&quot; =&gt; 60000L,
            &quot;use-global-pools&quot; =&gt; true,
            &quot;use-auto-recovery&quot; =&gt; true,
            &quot;jndi-params&quot; =&gt; undefined,
            &quot;failover-on-initial-connection&quot; =&gt; false,
            &quot;min-pool-size&quot; =&gt; -1,
            &quot;retry-interval&quot; =&gt; 2000L,
            &quot;block-on-non-durable-send&quot; =&gt; false,
            &quot;cache-large-message-client&quot; =&gt; false,
            &quot;user&quot; =&gt; &quot;alice&quot;,
            &quot;initial-connect-attempts&quot; =&gt; 1
        },
        &quot;hornetq-ra-none&quot; =&gt; {
            &quot;thread-pool-max-size&quot; =&gt; 30,
            &quot;transaction&quot; =&gt; &quot;none&quot;,
            &quot;dups-ok-batch-size&quot; =&gt; 1048576,
            &quot;pre-acknowledge&quot; =&gt; false,
            &quot;setup-interval&quot; =&gt; undefined,
            &quot;password&quot; =&gt; &quot;alicepassword&quot;,
            &quot;block-on-acknowledge&quot; =&gt; false,
            &quot;reconnect-attempts&quot; =&gt; -1,
            &quot;max-pool-size&quot; =&gt; -1,
            &quot;block-on-durable-send&quot; =&gt; true,
            &quot;scheduled-thread-pool-max-size&quot; =&gt; 5,
            &quot;client-failure-check-period&quot; =&gt; 30000L,
            &quot;client-id&quot; =&gt; undefined,
            &quot;connection-load-balancing-policy-class-name&quot; =&gt; &quot;org.hornetq.api.core.client.loadbalance.RoundRobinConnectionLoadBalancingPolicy&quot;,
            &quot;group-id&quot; =&gt; undefined,
            &quot;failover-on-server-shutdown&quot; =&gt; undefined,
            &quot;use-jndi&quot; =&gt; undefined,
            &quot;consumer-max-rate&quot; =&gt; -1,
            &quot;transaction-batch-size&quot; =&gt; 1048576,
            &quot;call-timeout&quot; =&gt; 30000L,
            &quot;use-local-tx&quot; =&gt; undefined,
            &quot;ha&quot; =&gt; false,
            &quot;setup-attempts&quot; =&gt; undefined,
            &quot;discovery-group-name&quot; =&gt; undefined,
            &quot;initial-message-packet-size&quot; =&gt; 1500,
            &quot;producer-window-size&quot; =&gt; 65536,
            &quot;auto-group&quot; =&gt; false,
            &quot;connector&quot; =&gt; {&quot;in-vm&quot; =&gt; undefined},
            &quot;max-retry-interval&quot; =&gt; 2000L,
            &quot;min-large-message-size&quot; =&gt; 102400,
            &quot;producer-max-rate&quot; =&gt; -1,
            &quot;discovery-initial-wait-timeout&quot; =&gt; undefined,
            &quot;compress-large-messages&quot; =&gt; false,
            &quot;retry-interval-multiplier&quot; =&gt; 1.0,
            &quot;consumer-window-size&quot; =&gt; 1048576,
            &quot;entries&quot; =&gt; [&quot;java:/JmsNone&quot;],
            &quot;call-failover-timeout&quot; =&gt; -1L,
            &quot;confirmation-window-size&quot; =&gt; -1,
            &quot;connection-ttl&quot; =&gt; 60000L,
            &quot;use-global-pools&quot; =&gt; true,
            &quot;use-auto-recovery&quot; =&gt; true,
            &quot;jndi-params&quot; =&gt; undefined,
            &quot;failover-on-initial-connection&quot; =&gt; false,
            &quot;min-pool-size&quot; =&gt; -1,
            &quot;retry-interval&quot; =&gt; 2000L,
            &quot;block-on-non-durable-send&quot; =&gt; false,
            &quot;cache-large-message-client&quot; =&gt; false,
            &quot;user&quot; =&gt; &quot;alice&quot;,
            &quot;initial-connect-attempts&quot; =&gt; 1
        }
    },
    &quot;connector&quot; =&gt; {&quot;myconnector&quot; =&gt; {
        &quot;factory-class&quot; =&gt; &quot;org.hornetq.core.remoting.impl.netty.NettyConnectorFactory&quot;,
        &quot;socket-binding&quot; =&gt; undefined,
        &quot;param&quot; =&gt; {
            &quot;host&quot; =&gt; {&quot;value&quot; =&gt; &quot;192.168.1.2&quot;},
            &quot;port&quot; =&gt; {&quot;value&quot; =&gt; &quot;5445&quot;}
        }
    }},
    &quot;remote-connector&quot; =&gt; {
        &quot;netty&quot; =&gt; {&quot;socket-binding&quot; =&gt; &quot;messaging&quot;},
        &quot;netty-throughput&quot; =&gt; {
            &quot;socket-binding&quot; =&gt; &quot;messaging-throughput&quot;,
            &quot;param&quot; =&gt; {&quot;batch-delay&quot; =&gt; {&quot;value&quot; =&gt; &quot;50&quot;}}
        }
    },
    &quot;remote-acceptor&quot; =&gt; {
        &quot;netty&quot; =&gt; {&quot;socket-binding&quot; =&gt; &quot;messaging&quot;},
        &quot;netty-throughput&quot; =&gt; {
            &quot;socket-binding&quot; =&gt; &quot;messaging-throughput&quot;,
            &quot;param&quot; =&gt; {
                &quot;batch-delay&quot; =&gt; {&quot;value&quot; =&gt; &quot;50&quot;},
                &quot;direct-deliver&quot; =&gt; {&quot;value&quot; =&gt; &quot;false&quot;}
            }
        }
    },
    &quot;cluster-connection&quot; =&gt; {
        &quot;cc1&quot; =&gt; {
            &quot;min-large-message-size&quot; =&gt; 10245,
            &quot;cluster-connection-address&quot; =&gt; &quot;cc1-address&quot;,
            &quot;retry-interval-multiplier&quot; =&gt; big decimal 3.0,
            &quot;reconnect-attempts&quot; =&gt; -1,
            &quot;max-hops&quot; =&gt; 7,
            &quot;use-duplicate-detection&quot; =&gt; true,
            &quot;call-failover-timeout&quot; =&gt; -1L,
            &quot;confirmation-window-size&quot; =&gt; 459,
            &quot;check-period&quot; =&gt; 2345L,
            &quot;connection-ttl&quot; =&gt; 1234L,
            &quot;forward-when-no-consumers&quot; =&gt; true,
            &quot;call-timeout&quot; =&gt; 3456L,
            &quot;static-connectors&quot; =&gt; [
                &quot;in-vm&quot;,
                &quot;netty&quot;
            ],
            &quot;notification-attempts&quot; =&gt; 2,
            &quot;retry-interval&quot; =&gt; 987L,
            &quot;notification-interval&quot; =&gt; 1000L,
            &quot;allow-direct-connections-only&quot; =&gt; false,
            &quot;discovery-group-name&quot; =&gt; undefined,
            &quot;max-retry-interval&quot; =&gt; 3600L,
            &quot;connector-ref&quot; =&gt; &quot;netty&quot;
        },
        &quot;cc2&quot; =&gt; {
            &quot;min-large-message-size&quot; =&gt; 102400,
            &quot;cluster-connection-address&quot; =&gt; &quot;cc2-address&quot;,
            &quot;retry-interval-multiplier&quot; =&gt; 1.0,
            &quot;reconnect-attempts&quot; =&gt; -1,
            &quot;max-hops&quot; =&gt; 1,
            &quot;use-duplicate-detection&quot; =&gt; true,
            &quot;call-failover-timeout&quot; =&gt; -1L,
            &quot;confirmation-window-size&quot; =&gt; 1048576,
            &quot;check-period&quot; =&gt; 30000L,
            &quot;connection-ttl&quot; =&gt; 60000L,
            &quot;forward-when-no-consumers&quot; =&gt; false,
            &quot;call-timeout&quot; =&gt; 30000L,
            &quot;static-connectors&quot; =&gt; [
                &quot;in-vm&quot;,
                &quot;netty&quot;
            ],
            &quot;notification-attempts&quot; =&gt; 2,
            &quot;retry-interval&quot; =&gt; 500L,
            &quot;notification-interval&quot; =&gt; 1000L,
            &quot;allow-direct-connections-only&quot; =&gt; true,
            &quot;discovery-group-name&quot; =&gt; undefined,
            &quot;max-retry-interval&quot; =&gt; 2000L,
            &quot;connector-ref&quot; =&gt; &quot;netty&quot;
        },
        &quot;cc3&quot; =&gt; {
            &quot;min-large-message-size&quot; =&gt; 102400,
            &quot;cluster-connection-address&quot; =&gt; &quot;cc3-address&quot;,
            &quot;retry-interval-multiplier&quot; =&gt; 1.0,
            &quot;reconnect-attempts&quot; =&gt; -1,
            &quot;max-hops&quot; =&gt; 1,
            &quot;use-duplicate-detection&quot; =&gt; true,
            &quot;call-failover-timeout&quot; =&gt; -1L,
            &quot;confirmation-window-size&quot; =&gt; 1048576,
            &quot;check-period&quot; =&gt; 30000L,
            &quot;connection-ttl&quot; =&gt; 60000L,
            &quot;forward-when-no-consumers&quot; =&gt; false,
            &quot;call-timeout&quot; =&gt; 30000L,
            &quot;static-connectors&quot; =&gt; undefined,
            &quot;notification-attempts&quot; =&gt; 2,
            &quot;retry-interval&quot; =&gt; 500L,
            &quot;notification-interval&quot; =&gt; 1000L,
            &quot;allow-direct-connections-only&quot; =&gt; false,
            &quot;discovery-group-name&quot; =&gt; &quot;groupC&quot;,
            &quot;max-retry-interval&quot; =&gt; 2000L,
            &quot;connector-ref&quot; =&gt; &quot;netty&quot;
        },
        &quot;cc4&quot; =&gt; {
            &quot;min-large-message-size&quot; =&gt; 102400,
            &quot;cluster-connection-address&quot; =&gt; &quot;cc4-address&quot;,
            &quot;retry-interval-multiplier&quot; =&gt; 1.0,
            &quot;reconnect-attempts&quot; =&gt; -1,
            &quot;max-hops&quot; =&gt; 1,
            &quot;use-duplicate-detection&quot; =&gt; true,
            &quot;call-failover-timeout&quot; =&gt; -1L,
            &quot;confirmation-window-size&quot; =&gt; 1048576,
            &quot;check-period&quot; =&gt; 30000L,
            &quot;connection-ttl&quot; =&gt; 60000L,
            &quot;forward-when-no-consumers&quot; =&gt; false,
            &quot;call-timeout&quot; =&gt; 30000L,
            &quot;static-connectors&quot; =&gt; [
                &quot;in-vm&quot;,
                &quot;netty&quot;
            ],
            &quot;notification-attempts&quot; =&gt; 2,
            &quot;retry-interval&quot; =&gt; 500L,
            &quot;notification-interval&quot; =&gt; 1000L,
            &quot;allow-direct-connections-only&quot; =&gt; false,
            &quot;discovery-group-name&quot; =&gt; undefined,
            &quot;max-retry-interval&quot; =&gt; 2000L,
            &quot;connector-ref&quot; =&gt; &quot;netty-throughput&quot;
        },
        &quot;cc5&quot; =&gt; {
            &quot;min-large-message-size&quot; =&gt; 102400,
            &quot;cluster-connection-address&quot; =&gt; &quot;cc3-address&quot;,
            &quot;retry-interval-multiplier&quot; =&gt; 1.0,
            &quot;reconnect-attempts&quot; =&gt; -1,
            &quot;max-hops&quot; =&gt; 1,
            &quot;use-duplicate-detection&quot; =&gt; true,
            &quot;call-failover-timeout&quot; =&gt; -1L,
            &quot;confirmation-window-size&quot; =&gt; 1048576,
            &quot;check-period&quot; =&gt; 30000L,
            &quot;connection-ttl&quot; =&gt; 60000L,
            &quot;forward-when-no-consumers&quot; =&gt; false,
            &quot;call-timeout&quot; =&gt; 30000L,
            &quot;static-connectors&quot; =&gt; undefined,
            &quot;notification-attempts&quot; =&gt; 2,
            &quot;retry-interval&quot; =&gt; 500L,
            &quot;notification-interval&quot; =&gt; 1000L,
            &quot;allow-direct-connections-only&quot; =&gt; false,
            &quot;discovery-group-name&quot; =&gt; undefined,
            &quot;max-retry-interval&quot; =&gt; 2000L,
            &quot;connector-ref&quot; =&gt; &quot;netty&quot;
        }
    },
    &quot;connection-factory&quot; =&gt; {
        &quot;InVmConnectionFactory&quot; =&gt; {
            &quot;min-large-message-size&quot; =&gt; 102400,
            &quot;producer-max-rate&quot; =&gt; -1,
            &quot;thread-pool-max-size&quot; =&gt; 30,
            &quot;discovery-initial-wait-timeout&quot; =&gt; undefined,
            &quot;compress-large-messages&quot; =&gt; false,
            &quot;retry-interval-multiplier&quot; =&gt; 1.0,
            &quot;dups-ok-batch-size&quot; =&gt; 1048576,
            &quot;pre-acknowledge&quot; =&gt; false,
            &quot;consumer-window-size&quot; =&gt; 1048576,
            &quot;reconnect-attempts&quot; =&gt; 0,
            &quot;block-on-acknowledge&quot; =&gt; false,
            &quot;block-on-durable-send&quot; =&gt; true,
            &quot;scheduled-thread-pool-max-size&quot; =&gt; 5,
            &quot;client-failure-check-period&quot; =&gt; 30000L,
            &quot;client-id&quot; =&gt; undefined,
            &quot;entries&quot; =&gt; [&quot;java:/ConnectionFactory&quot;],
            &quot;call-failover-timeout&quot; =&gt; -1L,
            &quot;confirmation-window-size&quot; =&gt; -1,
            &quot;factory-type&quot; =&gt; &quot;GENERIC&quot;,
            &quot;connection-ttl&quot; =&gt; 60000L,
            &quot;connection-load-balancing-policy-class-name&quot; =&gt; &quot;org.hornetq.api.core.client.loadbalance.RoundRobinConnectionLoadBalancingPolicy&quot;,
            &quot;use-global-pools&quot; =&gt; true,
            &quot;failover-on-server-shutdown&quot; =&gt; undefined,
            &quot;group-id&quot; =&gt; undefined,
            &quot;consumer-max-rate&quot; =&gt; -1,
            &quot;transaction-batch-size&quot; =&gt; 1048576,
            &quot;call-timeout&quot; =&gt; 30000L,
            &quot;failover-on-initial-connection&quot; =&gt; false,
            &quot;ha&quot; =&gt; false,
            &quot;retry-interval&quot; =&gt; 2000L,
            &quot;discovery-group-name&quot; =&gt; undefined,
            &quot;producer-window-size&quot; =&gt; 65536,
            &quot;block-on-non-durable-send&quot; =&gt; false,
            &quot;auto-group&quot; =&gt; false,
            &quot;connector&quot; =&gt; {&quot;in-vm&quot; =&gt; undefined},
            &quot;cache-large-message-client&quot; =&gt; false,
            &quot;max-retry-interval&quot; =&gt; 2000L
        },
        &quot;RemoteConnectionFactory&quot; =&gt; {
            &quot;min-large-message-size&quot; =&gt; 102400,
            &quot;producer-max-rate&quot; =&gt; -1,
            &quot;thread-pool-max-size&quot; =&gt; 30,
            &quot;discovery-initial-wait-timeout&quot; =&gt; undefined,
            &quot;compress-large-messages&quot; =&gt; false,
            &quot;retry-interval-multiplier&quot; =&gt; 1.0,
            &quot;dups-ok-batch-size&quot; =&gt; 1048576,
            &quot;pre-acknowledge&quot; =&gt; false,
            &quot;consumer-window-size&quot; =&gt; 1048576,
            &quot;reconnect-attempts&quot; =&gt; 0,
            &quot;block-on-acknowledge&quot; =&gt; false,
            &quot;block-on-durable-send&quot; =&gt; true,
            &quot;scheduled-thread-pool-max-size&quot; =&gt; 5,
            &quot;client-failure-check-period&quot; =&gt; 30000L,
            &quot;client-id&quot; =&gt; &quot;testClient&quot;,
            &quot;entries&quot; =&gt; [&quot;RemoteConnectionFactory&quot;],
            &quot;call-failover-timeout&quot; =&gt; -1L,
            &quot;confirmation-window-size&quot; =&gt; -1,
            &quot;factory-type&quot; =&gt; &quot;XA_QUEUE&quot;,
            &quot;connection-ttl&quot; =&gt; 60000L,
            &quot;connection-load-balancing-policy-class-name&quot; =&gt; &quot;org.hornetq.api.core.client.loadbalance.RoundRobinConnectionLoadBalancingPolicy&quot;,
            &quot;use-global-pools&quot; =&gt; true,
            &quot;failover-on-server-shutdown&quot; =&gt; undefined,
            &quot;group-id&quot; =&gt; undefined,
            &quot;consumer-max-rate&quot; =&gt; -1,
            &quot;transaction-batch-size&quot; =&gt; 1048576,
            &quot;call-timeout&quot; =&gt; 30000L,
            &quot;failover-on-initial-connection&quot; =&gt; false,
            &quot;ha&quot; =&gt; false,
            &quot;retry-interval&quot; =&gt; 2000L,
            &quot;discovery-group-name&quot; =&gt; undefined,
            &quot;producer-window-size&quot; =&gt; 65536,
            &quot;block-on-non-durable-send&quot; =&gt; false,
            &quot;auto-group&quot; =&gt; false,
            &quot;connector&quot; =&gt; {&quot;netty&quot; =&gt; undefined},
            &quot;cache-large-message-client&quot; =&gt; false,
            &quot;max-retry-interval&quot; =&gt; 2000L
        },
        &quot;otherConnectionFactory&quot; =&gt; {
            &quot;min-large-message-size&quot; =&gt; 2048,
            &quot;producer-max-rate&quot; =&gt; 1024,
            &quot;thread-pool-max-size&quot; =&gt; 48,
            &quot;discovery-initial-wait-timeout&quot; =&gt; undefined,
            &quot;compress-large-messages&quot; =&gt; false,
            &quot;retry-interval-multiplier&quot; =&gt; big decimal 2.5,
            &quot;dups-ok-batch-size&quot; =&gt; 256,
            &quot;pre-acknowledge&quot; =&gt; true,
            &quot;consumer-window-size&quot; =&gt; 456,
            &quot;reconnect-attempts&quot; =&gt; 2,
            &quot;block-on-acknowledge&quot; =&gt; false,
            &quot;block-on-durable-send&quot; =&gt; false,
            &quot;scheduled-thread-pool-max-size&quot; =&gt; 24,
            &quot;client-failure-check-period&quot; =&gt; 12345L,
            &quot;client-id&quot; =&gt; &quot;myClientID&quot;,
            &quot;entries&quot; =&gt; [&quot;otherConnectionFactory&quot;],
            &quot;call-failover-timeout&quot; =&gt; -1L,
            &quot;confirmation-window-size&quot; =&gt; -1,
            &quot;factory-type&quot; =&gt; &quot;GENERIC&quot;,
            &quot;connection-ttl&quot; =&gt; 56789L,
            &quot;connection-load-balancing-policy-class-name&quot; =&gt; &quot;not.a.real.Class&quot;,
            &quot;use-global-pools&quot; =&gt; true,
            &quot;failover-on-server-shutdown&quot; =&gt; true,
            &quot;group-id&quot; =&gt; &quot;myGroup&quot;,
            &quot;consumer-max-rate&quot; =&gt; 789,
            &quot;transaction-batch-size&quot; =&gt; 512,
            &quot;call-timeout&quot; =&gt; 123L,
            &quot;failover-on-initial-connection&quot; =&gt; true,
            &quot;ha&quot; =&gt; true,
            &quot;retry-interval&quot; =&gt; 500L,
            &quot;discovery-group-name&quot; =&gt; &quot;groupC&quot;,
            &quot;producer-window-size&quot; =&gt; -1,
            &quot;block-on-non-durable-send&quot; =&gt; false,
            &quot;auto-group&quot; =&gt; true,
            &quot;connector&quot; =&gt; undefined,
            &quot;cache-large-message-client&quot; =&gt; false,
            &quot;max-retry-interval&quot; =&gt; 10000L
        }
    },
    &quot;broadcast-group&quot; =&gt; {
        &quot;groupA&quot; =&gt; {
            &quot;jgroups-stack&quot; =&gt; undefined,
            &quot;jgroups-channel&quot; =&gt; undefined,
            &quot;group-address&quot; =&gt; &quot;224.0.1.105&quot;,
            &quot;group-port&quot; =&gt; 23456,
            &quot;socket-binding&quot; =&gt; undefined,
            &quot;broadcast-period&quot; =&gt; 2500L,
            &quot;connectors&quot; =&gt; [
                &quot;netty&quot;,
                &quot;netty-throughput&quot;
            ],
            &quot;local-bind-address&quot; =&gt; &quot;localhost&quot;,
            &quot;local-bind-port&quot; =&gt; 12345
        },
        &quot;groupB&quot; =&gt; {
            &quot;jgroups-stack&quot; =&gt; undefined,
            &quot;jgroups-channel&quot; =&gt; undefined,
            &quot;group-address&quot; =&gt; &quot;224.0.1.105&quot;,
            &quot;group-port&quot; =&gt; 34567,
            &quot;socket-binding&quot; =&gt; undefined,
            &quot;broadcast-period&quot; =&gt; 2000L,
            &quot;connectors&quot; =&gt; undefined,
            &quot;local-bind-address&quot; =&gt; undefined,
            &quot;local-bind-port&quot; =&gt; -1
        },
        &quot;groupS&quot; =&gt; {
            &quot;jgroups-stack&quot; =&gt; undefined,
            &quot;jgroups-channel&quot; =&gt; undefined,
            &quot;group-address&quot; =&gt; undefined,
            &quot;group-port&quot; =&gt; undefined,
            &quot;socket-binding&quot; =&gt; &quot;group-s-binding&quot;,
            &quot;broadcast-period&quot; =&gt; 2000L,
            &quot;connectors&quot; =&gt; undefined,
            &quot;local-bind-address&quot; =&gt; undefined,
            &quot;local-bind-port&quot; =&gt; -1
        }
    },
    &quot;path&quot; =&gt; {
        &quot;journal-directory&quot; =&gt; {
            &quot;path&quot; =&gt; &quot;test&quot;,
            &quot;relative-to&quot; =&gt; &quot;test&quot;
        },
        &quot;paging-directory&quot; =&gt; {
            &quot;path&quot; =&gt; &quot;test&quot;,
            &quot;relative-to&quot; =&gt; &quot;test&quot;
        },
        &quot;large-messages-directory&quot; =&gt; {
            &quot;path&quot; =&gt; &quot;test&quot;,
            &quot;relative-to&quot; =&gt; &quot;test&quot;
        },
        &quot;bindings-directory&quot; =&gt; {
            &quot;path&quot; =&gt; &quot;test&quot;,
            &quot;relative-to&quot; =&gt; &quot;test&quot;
        }
    },
    &quot;bridge&quot; =&gt; {
        &quot;bridge1&quot; =&gt; {
            &quot;min-large-message-size&quot; =&gt; 10240,
            &quot;retry-interval-multiplier&quot; =&gt; big decimal 2,
            &quot;reconnect-attempts&quot; =&gt; 3,
            &quot;password&quot; =&gt; expression &quot;${password:secret}&quot;,
            &quot;use-duplicate-detection&quot; =&gt; true,
            &quot;confirmation-window-size&quot; =&gt; 350,
            &quot;check-period&quot; =&gt; 666L,
            &quot;connection-ttl&quot; =&gt; 36000L,
            &quot;forwarding-address&quot; =&gt; &quot;forwardingaddress1&quot;,
            &quot;transformer-class-name&quot; =&gt; &quot;foo.bar&quot;,
            &quot;ha&quot; =&gt; true,
            &quot;static-connectors&quot; =&gt; [
                &quot;in-vm&quot;,
                &quot;netty&quot;
            ],
            &quot;retry-interval&quot; =&gt; 750L,
            &quot;discovery-group-name&quot; =&gt; undefined,
            &quot;queue-name&quot; =&gt; &quot;coreQueueA&quot;,
            &quot;max-retry-interval&quot; =&gt; 3000L,
            &quot;user&quot; =&gt; expression &quot;${user:Brian}&quot;,
            &quot;filter&quot; =&gt; &quot;afilter&quot;
        },
        &quot;bridge2&quot; =&gt; {
            &quot;min-large-message-size&quot; =&gt; 102400,
            &quot;retry-interval-multiplier&quot; =&gt; 1.0,
            &quot;reconnect-attempts&quot; =&gt; -1,
            &quot;password&quot; =&gt; &quot;CHANGE ME!!&quot;,
            &quot;use-duplicate-detection&quot; =&gt; true,
            &quot;confirmation-window-size&quot; =&gt; 1048576,
            &quot;check-period&quot; =&gt; 30000L,
            &quot;connection-ttl&quot; =&gt; 60000L,
            &quot;forwarding-address&quot; =&gt; undefined,
            &quot;transformer-class-name&quot; =&gt; undefined,
            &quot;ha&quot; =&gt; false,
            &quot;static-connectors&quot; =&gt; undefined,
            &quot;retry-interval&quot; =&gt; 2000L,
            &quot;discovery-group-name&quot; =&gt; &quot;groupC&quot;,
            &quot;queue-name&quot; =&gt; &quot;coreQueueB&quot;,
            &quot;max-retry-interval&quot; =&gt; 2000L,
            &quot;user&quot; =&gt; &quot;HORNETQ.CLUSTER.ADMIN.USER&quot;,
            &quot;filter&quot; =&gt; undefined
        }
    },
    &quot;discovery-group&quot; =&gt; {
        &quot;groupC&quot; =&gt; {
            &quot;refresh-timeout&quot; =&gt; 3500L,
            &quot;jgroups-stack&quot; =&gt; undefined,
            &quot;jgroups-channel&quot; =&gt; undefined,
            &quot;group-address&quot; =&gt; &quot;224.0.1.105&quot;,
            &quot;group-port&quot; =&gt; 45678,
            &quot;local-bind-address&quot; =&gt; &quot;localhost&quot;,
            &quot;socket-binding&quot; =&gt; undefined,
            &quot;initial-wait-timeout&quot; =&gt; 7500L
        },
        &quot;groupD&quot; =&gt; {
            &quot;refresh-timeout&quot; =&gt; 10000L,
            &quot;jgroups-stack&quot; =&gt; undefined,
            &quot;jgroups-channel&quot; =&gt; undefined,
            &quot;group-address&quot; =&gt; &quot;224.0.1.105&quot;,
            &quot;group-port&quot; =&gt; 56789,
            &quot;local-bind-address&quot; =&gt; undefined,
            &quot;socket-binding&quot; =&gt; undefined,
            &quot;initial-wait-timeout&quot; =&gt; 10000L
        },
        &quot;groupT&quot; =&gt; {
            &quot;refresh-timeout&quot; =&gt; 10000L,
            &quot;jgroups-stack&quot; =&gt; undefined,
            &quot;jgroups-channel&quot; =&gt; undefined,
            &quot;group-address&quot; =&gt; undefined,
            &quot;group-port&quot; =&gt; undefined,
            &quot;local-bind-address&quot; =&gt; undefined,
            &quot;socket-binding&quot; =&gt; &quot;group-t-binding&quot;,
            &quot;initial-wait-timeout&quot; =&gt; 10000L
        }
    },
    &quot;connector-service&quot; =&gt; {
        &quot;a&quot; =&gt; {&quot;factory-class&quot; =&gt; &quot;foo.bar&quot;},
        &quot;b&quot; =&gt; {
            &quot;factory-class&quot; =&gt; &quot;bar.foo&quot;,
            &quot;param&quot; =&gt; {
                &quot;foo&quot; =&gt; {&quot;value&quot; =&gt; &quot;bar&quot;},
                &quot;bar&quot; =&gt; {&quot;value&quot; =&gt; &quot;2&quot;}
            }
        }
    }
} expected:&lt;...ord, cluster-user, c[lustered, c]onnection-factory, c...&gt; but was:&lt;...ord, cluster-user, c[]onnection-factory, c...&gt;
	at org.junit.Assert.assertEquals(Assert.java:115)
	at org.jboss.as.model.test.ModelTestUtils.compare(ModelTestUtils.java:337)
	at org.jboss.as.model.test.ModelTestUtils.compare(ModelTestUtils.java:350)
	at org.jboss.as.model.test.ModelTestUtils.compare(ModelTestUtils.java:350)
	at org.jboss.as.model.test.ModelTestUtils.compare(ModelTestUtils.java:206)
	at org.jboss.as.subsystem.test.SubsystemTestDelegate.checkSubsystemModelTransformation(SubsystemTestDelegate.java:456)
	at org.jboss.as.subsystem.test.AbstractSubsystemTest.checkSubsystemModelTransformation(AbstractSubsystemTest.java:277)
	at org.jboss.as.subsystem.test.AbstractSubsystemTest.checkSubsystemModelTransformation(AbstractSubsystemTest.java:264)
	at org.jboss.as.messaging.test.MessagingSubsystem20TestCase.testTransformers(MessagingSubsystem20TestCase.java:514)
	at org.jboss.as.messaging.test.MessagingSubsystem20TestCase.testTransformersAS720(MessagingSubsystem20TestCase.java:133)
	at sun.reflect.NativeMethodAccessorImpl.invoke0(Native Method)
	at sun.reflect.NativeMethodAccessorImpl.invoke(NativeMethodAccessorImpl.java:57)
	at sun.reflect.DelegatingMethodAccessorImpl.invoke(DelegatingMethodAccessorImpl.java:43)
	at java.lang.reflect.Method.invoke(Method.java:606)
	at org.junit.runners.model.FrameworkMethod$1.runReflectiveCall(FrameworkMethod.java:47)
	at org.junit.internal.runners.model.ReflectiveCallable.run(ReflectiveCallable.java:12)
	at org.junit.runners.model.FrameworkMethod.invokeExplosively(FrameworkMethod.java:44)
	at org.junit.internal.runners.statements.InvokeMethod.evaluate(InvokeMethod.java:17)
	at org.junit.internal.runners.statements.RunBefores.evaluate(RunBefores.java:26)
	at org.junit.internal.runners.statements.RunAfters.evaluate(RunAfters.java:27)
	at org.junit.runners.ParentRunner.runLeaf(ParentRunner.java:271)
	at org.junit.runners.BlockJUnit4ClassRunner.runChild(BlockJUnit4ClassRunner.java:70)
	at org.junit.runners.BlockJUnit4ClassRunner.runChild(BlockJUnit4ClassRunner.java:50)
	at org.junit.runners.ParentRunner$3.run(ParentRunner.java:238)
	at org.junit.runners.ParentRunner$1.schedule(ParentRunner.java:63)
	at org.junit.runners.ParentRunner.runChildren(ParentRunner.java:236)
	at org.junit.runners.ParentRunner.access$000(ParentRunner.java:53)
	at org.junit.runners.ParentRunner$2.evaluate(ParentRunner.java:229)
	at org.junit.runners.ParentRunner.run(ParentRunner.java:309)
	at org.apache.maven.surefire.junit4.JUnit4Provider.execute(JUnit4Provider.java:234)
	at org.apache.maven.surefire.junit4.JUnit4Provider.executeTestSet(JUnit4Provider.java:133)
	at org.apache.maven.surefire.junit4.JUnit4Provider.invoke(JUnit4Provider.java:114)
	at sun.reflect.NativeMethodAccessorImpl.invoke0(Native Method)
	at sun.reflect.NativeMethodAccessorImpl.invoke(NativeMethodAccessorImpl.java:57)
	at sun.reflect.DelegatingMethodAccessorImpl.invoke(DelegatingMethodAccessorImpl.java:43)
	at java.lang.reflect.Method.invoke(Method.java:606)
	at org.apache.maven.surefire.util.ReflectionUtils.invokeMethodWithArray(ReflectionUtils.java:188)
	at org.apache.maven.surefire.booter.ProviderFactory$ProviderProxy.invoke(ProviderFactory.java:166)
	at org.apache.maven.surefire.booter.ProviderFactory.invokeProvider(ProviderFactory.java:86)
	at org.apache.maven.surefire.booter.ForkedBooter.runSuitesInProcess(ForkedBooter.java:101)
	at org.apache.maven.surefire.booter.ForkedBooter.main(ForkedBooter.java:74)
</failure>
    <system-out>Using cached maven url for org.jboss.as:jboss-as-messaging:7.2.0.Final from /home/avoka/git/wildfly/target/model-test-classpath-cache/maven-org.jboss.as-x-jboss-as-messaging-x-7.2.0.Final
Using cached maven url for org.hornetq:hornetq-server:2.3.0.CR1 from /home/avoka/git/wildfly/target/model-test-classpath-cache/maven-org.hornetq-x-hornetq-server-x-2.3.0.CR1
Using cached maven url for org.hornetq:hornetq-jms-server:2.3.0.CR1 from /home/avoka/git/wildfly/target/model-test-classpath-cache/maven-org.hornetq-x-hornetq-jms-server-x-2.3.0.CR1
Using cached maven url for org.hornetq:hornetq-core-client:2.3.0.CR1 from /home/avoka/git/wildfly/target/model-test-classpath-cache/maven-org.hornetq-x-hornetq-core-client-x-2.3.0.CR1
Using cached maven url for org.hornetq:hornetq-jms-client:2.3.0.CR1 from /home/avoka/git/wildfly/target/model-test-classpath-cache/maven-org.hornetq-x-hornetq-jms-client-x-2.3.0.CR1
Using cached maven url for org.hornetq:hornetq-ra:2.3.0.CR1 from /home/avoka/git/wildfly/target/model-test-classpath-cache/maven-org.hornetq-x-hornetq-ra-x-2.3.0.CR1
ModelTestUtils.compare: [hornetq-server, jms-bridge]
                        [hornetq-server, jms-bridge]
ModelTestUtils.compare: [default, empty]
                        [default, empty]
ModelTestUtils.compare: [acceptor, address-setting, allow-failback, async-connection-execution-enabled, backup, backup-group-name, bridge, broadcast-group, check-for-live-server, cluster-connection, cluster-password, cluster-user, clustered, connection-factory, connection-ttl-override, connector, connector-service, core-address, create-bindings-dir, create-journal-dir, discovery-group, divert, failback-delay, failover-on-shutdown, grouping-handler, id-cache-size, in-vm-acceptor, in-vm-connector, jms-queue, jms-topic, jmx-domain, jmx-management-enabled, journal-buffer-size, journal-buffer-timeout, journal-compact-min-files, journal-compact-percentage, journal-file-size, journal-max-io, journal-min-files, journal-sync-non-transactional, journal-sync-transactional, journal-type, live-connector-ref, log-journal-write-rate, management-address, management-notification-address, memory-measure-interval, memory-warning-threshold, message-counter-enabled, message-counter-max-day-history, message-counter-sample-period, message-expiry-scan-period, message-expiry-thread-priority, page-max-concurrent-io, path, perf-blast-pages, persist-delivery-count-before-delivery, persist-id-cache, persistence-enabled, pooled-connection-factory, queue, remote-acceptor, remote-connector, remoting-incoming-interceptors, remoting-interceptors, remoting-outgoing-interceptors, replication-clustername, run-sync-speed-test, runtime-queue, scheduled-thread-pool-max-size, security-domain, security-enabled, security-invalidation-interval, security-setting, server-dump-interval, servlet-connector, shared-store, thread-pool-max-size, transaction-timeout, transaction-timeout-scan-period, wild-card-routing-enabled]
                        [acceptor, address-setting, allow-failback, async-connection-execution-enabled, backup, backup-group-name, bridge, broadcast-group, check-for-live-server, cluster-connection, cluster-password, cluster-user, clustered, connection-factory, connection-ttl-override, connector, connector-service, core-address, create-bindings-dir, create-journal-dir, discovery-group, divert, failback-delay, failover-on-shutdown, grouping-handler, id-cache-size, in-vm-acceptor, in-vm-connector, jms-queue, jms-topic, jmx-domain, jmx-management-enabled, journal-buffer-size, journal-buffer-timeout, journal-compact-min-files, journal-compact-percentage, journal-file-size, journal-max-io, journal-min-files, journal-sync-non-transactional, journal-sync-transactional, journal-type, live-connector-ref, log-journal-write-rate, management-address, management-notification-address, memory-measure-interval, memory-warning-threshold, message-counter-enabled, message-counter-max-day-history, message-counter-sample-period, message-expiry-scan-period, message-expiry-thread-priority, page-max-concurrent-io, path, perf-blast-pages, persist-delivery-count-before-delivery, persist-id-cache, persistence-enabled, pooled-connection-factory, queue, remote-acceptor, remote-connector, remoting-incoming-interceptors, remoting-interceptors, remoting-outgoing-interceptors, replication-clustername, run-sync-speed-test, runtime-queue, scheduled-thread-pool-max-size, security-domain, security-enabled, security-invalidation-interval, security-setting, server-dump-interval, servlet-connector, shared-store, thread-pool-max-size, transaction-timeout, transaction-timeout-scan-period, wild-card-routing-enabled]
ModelTestUtils.compare: [myacceptor]
                        [myacceptor]
ModelTestUtils.compare: [factory-class, param, socket-binding]
                        [factory-class, param, socket-binding]
ModelTestUtils.compare: [batch-delay]
                        [batch-delay]
ModelTestUtils.compare: [value]
                        [value]
ModelTestUtils.compare: [#]
                        [#]
ModelTestUtils.compare: [address-full-policy, dead-letter-address, expiry-address, expiry-delay, last-value-queue, max-delivery-attempts, max-size-bytes, message-counter-history-day-limit, page-max-cache-size, page-size-bytes, redelivery-delay, redistribution-delay, send-to-dla-on-no-route]
                        [address-full-policy, dead-letter-address, expiry-address, expiry-delay, last-value-queue, max-delivery-attempts, max-size-bytes, message-counter-history-day-limit, page-max-cache-size, page-size-bytes, redelivery-delay, redistribution-delay, send-to-dla-on-no-route]
ModelTestUtils.compare: [bridge1, bridge2]
                        [bridge1, bridge2]
ModelTestUtils.compare: [check-period, confirmation-window-size, connection-ttl, discovery-group-name, failover-on-server-shutdown, filter, forwarding-address, ha, max-retry-interval, min-large-message-size, password, queue-name, reconnect-attempts, reconnect-attempts-on-same-node, retry-interval, retry-interval-multiplier, static-connectors, transformer-class-name, use-duplicate-detection, user]
                        [check-period, confirmation-window-size, connection-ttl, discovery-group-name, failover-on-server-shutdown, filter, forwarding-address, ha, max-retry-interval, min-large-message-size, password, queue-name, reconnect-attempts, reconnect-attempts-on-same-node, retry-interval, retry-interval-multiplier, static-connectors, transformer-class-name, use-duplicate-detection, user]
ModelTestUtils.compare: [check-period, confirmation-window-size, connection-ttl, discovery-group-name, failover-on-server-shutdown, filter, forwarding-address, ha, max-retry-interval, min-large-message-size, password, queue-name, reconnect-attempts, reconnect-attempts-on-same-node, retry-interval, retry-interval-multiplier, static-connectors, transformer-class-name, use-duplicate-detection, user]
                        [check-period, confirmation-window-size, connection-ttl, discovery-group-name, failover-on-server-shutdown, filter, forwarding-address, ha, max-retry-interval, min-large-message-size, password, queue-name, reconnect-attempts, reconnect-attempts-on-same-node, retry-interval, retry-interval-multiplier, static-connectors, transformer-class-name, use-duplicate-detection, user]
ModelTestUtils.compare: [groupA, groupB, groupS]
                        [groupA, groupB, groupS]
ModelTestUtils.compare: [broadcast-period, connectors, group-address, group-port, jgroups-channel, jgroups-stack, local-bind-address, local-bind-port, socket-binding]
                        [broadcast-period, connectors, group-address, group-port, jgroups-channel, jgroups-stack, local-bind-address, local-bind-port, socket-binding]
ModelTestUtils.compare: [broadcast-period, connectors, group-address, group-port, jgroups-channel, jgroups-stack, local-bind-address, local-bind-port, socket-binding]
                        [broadcast-period, connectors, group-address, group-port, jgroups-channel, jgroups-stack, local-bind-address, local-bind-port, socket-binding]
ModelTestUtils.compare: [broadcast-period, connectors, group-address, group-port, jgroups-channel, jgroups-stack, local-bind-address, local-bind-port, socket-binding]
                        [broadcast-period, connectors, group-address, group-port, jgroups-channel, jgroups-stack, local-bind-address, local-bind-port, socket-binding]
ModelTestUtils.compare: [cc1, cc2, cc3, cc4, cc5]
                        [cc1, cc2, cc3, cc4, cc5]
ModelTestUtils.compare: [allow-direct-connections-only, call-failover-timeout, call-timeout, check-period, cluster-connection-address, confirmation-window-size, connection-ttl, connector-ref, discovery-group-name, forward-when-no-consumers, max-hops, max-retry-interval, min-large-message-size, notification-attempts, notification-interval, reconnect-attempts, retry-interval, retry-interval-multiplier, static-connectors, use-duplicate-detection]
                        [allow-direct-connections-only, call-failover-timeout, call-timeout, check-period, cluster-connection-address, confirmation-window-size, connection-ttl, connector-ref, discovery-group-name, forward-when-no-consumers, max-hops, max-retry-interval, min-large-message-size, notification-attempts, notification-interval, reconnect-attempts, retry-interval, retry-interval-multiplier, static-connectors, use-duplicate-detection]
ModelTestUtils.compare: [allow-direct-connections-only, call-failover-timeout, call-timeout, check-period, cluster-connection-address, confirmation-window-size, connection-ttl, connector-ref, discovery-group-name, forward-when-no-consumers, max-hops, max-retry-interval, min-large-message-size, notification-attempts, notification-interval, reconnect-attempts, retry-interval, retry-interval-multiplier, static-connectors, use-duplicate-detection]
                        [allow-direct-connections-only, call-failover-timeout, call-timeout, check-period, cluster-connection-address, confirmation-window-size, connection-ttl, connector-ref, discovery-group-name, forward-when-no-consumers, max-hops, max-retry-interval, min-large-message-size, notification-attempts, notification-interval, reconnect-attempts, retry-interval, retry-interval-multiplier, static-connectors, use-duplicate-detection]
ModelTestUtils.compare: [allow-direct-connections-only, call-failover-timeout, call-timeout, check-period, cluster-connection-address, confirmation-window-size, connection-ttl, connector-ref, discovery-group-name, forward-when-no-consumers, max-hops, max-retry-interval, min-large-message-size, notification-attempts, notification-interval, reconnect-attempts, retry-interval, retry-interval-multiplier, static-connectors, use-duplicate-detection]
                        [allow-direct-connections-only, call-failover-timeout, call-timeout, check-period, cluster-connection-address, confirmation-window-size, connection-ttl, connector-ref, discovery-group-name, forward-when-no-consumers, max-hops, max-retry-interval, min-large-message-size, notification-attempts, notification-interval, reconnect-attempts, retry-interval, retry-interval-multiplier, static-connectors, use-duplicate-detection]
ModelTestUtils.compare: [allow-direct-connections-only, call-failover-timeout, call-timeout, check-period, cluster-connection-address, confirmation-window-size, connection-ttl, connector-ref, discovery-group-name, forward-when-no-consumers, max-hops, max-retry-interval, min-large-message-size, notification-attempts, notification-interval, reconnect-attempts, retry-interval, retry-interval-multiplier, static-connectors, use-duplicate-detection]
                        [allow-direct-connections-only, call-failover-timeout, call-timeout, check-period, cluster-connection-address, confirmation-window-size, connection-ttl, connector-ref, discovery-group-name, forward-when-no-consumers, max-hops, max-retry-interval, min-large-message-size, notification-attempts, notification-interval, reconnect-attempts, retry-interval, retry-interval-multiplier, static-connectors, use-duplicate-detection]
ModelTestUtils.compare: [allow-direct-connections-only, call-failover-timeout, call-timeout, check-period, cluster-connection-address, confirmation-window-size, connection-ttl, connector-ref, discovery-group-name, forward-when-no-consumers, max-hops, max-retry-interval, min-large-message-size, notification-attempts, notification-interval, reconnect-attempts, retry-interval, retry-interval-multiplier, static-connectors, use-duplicate-detection]
                        [allow-direct-connections-only, call-failover-timeout, call-timeout, check-period, cluster-connection-address, confirmation-window-size, connection-ttl, connector-ref, discovery-group-name, forward-when-no-consumers, max-hops, max-retry-interval, min-large-message-size, notification-attempts, notification-interval, reconnect-attempts, retry-interval, retry-interval-multiplier, static-connectors, use-duplicate-detection]
ModelTestUtils.compare: [InVmConnectionFactory, RemoteConnectionFactory, otherConnectionFactory]
                        [InVmConnectionFactory, RemoteConnectionFactory, otherConnectionFactory]
ModelTestUtils.compare: [auto-group, block-on-acknowledge, block-on-durable-send, block-on-non-durable-send, cache-large-message-client, call-failover-timeout, call-timeout, client-failure-check-period, client-id, compress-large-messages, confirmation-window-size, connection-load-balancing-policy-class-name, connection-ttl, connector, consumer-max-rate, consumer-window-size, discovery-group-name, discovery-initial-wait-timeout, dups-ok-batch-size, entries, factory-type, failover-on-initial-connection, failover-on-server-shutdown, group-id, ha, max-retry-interval, min-large-message-size, pre-acknowledge, producer-max-rate, producer-window-size, reconnect-attempts, retry-interval, retry-interval-multiplier, scheduled-thread-pool-max-size, thread-pool-max-size, transaction-batch-size, use-global-pools]
                        [auto-group, block-on-acknowledge, block-on-durable-send, block-on-non-durable-send, cache-large-message-client, call-failover-timeout, call-timeout, client-failure-check-period, client-id, compress-large-messages, confirmation-window-size, connection-load-balancing-policy-class-name, connection-ttl, connector, consumer-max-rate, consumer-window-size, discovery-group-name, discovery-initial-wait-timeout, dups-ok-batch-size, entries, factory-type, failover-on-initial-connection, failover-on-server-shutdown, group-id, ha, max-retry-interval, min-large-message-size, pre-acknowledge, producer-max-rate, producer-window-size, reconnect-attempts, retry-interval, retry-interval-multiplier, scheduled-thread-pool-max-size, thread-pool-max-size, transaction-batch-size, use-global-pools]
ModelTestUtils.compare: [in-vm]
                        [in-vm]
ModelTestUtils.compare: [auto-group, block-on-acknowledge, block-on-durable-send, block-on-non-durable-send, cache-large-message-client, call-failover-timeout, call-timeout, client-failure-check-period, client-id, compress-large-messages, confirmation-window-size, connection-load-balancing-policy-class-name, connection-ttl, connector, consumer-max-rate, consumer-window-size, discovery-group-name, discovery-initial-wait-timeout, dups-ok-batch-size, entries, factory-type, failover-on-initial-connection, failover-on-server-shutdown, group-id, ha, max-retry-interval, min-large-message-size, pre-acknowledge, producer-max-rate, producer-window-size, reconnect-attempts, retry-interval, retry-interval-multiplier, scheduled-thread-pool-max-size, thread-pool-max-size, transaction-batch-size, use-global-pools]
                        [auto-group, block-on-acknowledge, block-on-durable-send, block-on-non-durable-send, cache-large-message-client, call-failover-timeout, call-timeout, client-failure-check-period, client-id, compress-large-messages, confirmation-window-size, connection-load-balancing-policy-class-name, connection-ttl, connector, consumer-max-rate, consumer-window-size, discovery-group-name, discovery-initial-wait-timeout, dups-ok-batch-size, entries, factory-type, failover-on-initial-connection, failover-on-server-shutdown, group-id, ha, max-retry-interval, min-large-message-size, pre-acknowledge, producer-max-rate, producer-window-size, reconnect-attempts, retry-interval, retry-interval-multiplier, scheduled-thread-pool-max-size, thread-pool-max-size, transaction-batch-size, use-global-pools]
ModelTestUtils.compare: [netty]
                        [netty]
ModelTestUtils.compare: [auto-group, block-on-acknowledge, block-on-durable-send, block-on-non-durable-send, cache-large-message-client, call-failover-timeout, call-timeout, client-failure-check-period, client-id, compress-large-messages, confirmation-window-size, connection-load-balancing-policy-class-name, connection-ttl, connector, consumer-max-rate, consumer-window-size, discovery-group-name, discovery-initial-wait-timeout, dups-ok-batch-size, entries, factory-type, failover-on-initial-connection, failover-on-server-shutdown, group-id, ha, max-retry-interval, min-large-message-size, pre-acknowledge, producer-max-rate, producer-window-size, reconnect-attempts, retry-interval, retry-interval-multiplier, scheduled-thread-pool-max-size, thread-pool-max-size, transaction-batch-size, use-global-pools]
                        [auto-group, block-on-acknowledge, block-on-durable-send, block-on-non-durable-send, cache-large-message-client, call-failover-timeout, call-timeout, client-failure-check-period, client-id, compress-large-messages, confirmation-window-size, connection-load-balancing-policy-class-name, connection-ttl, connector, consumer-max-rate, consumer-window-size, discovery-group-name, discovery-initial-wait-timeout, dups-ok-batch-size, entries, factory-type, failover-on-initial-connection, failover-on-server-shutdown, group-id, ha, max-retry-interval, min-large-message-size, pre-acknowledge, producer-max-rate, producer-window-size, reconnect-attempts, retry-interval, retry-interval-multiplier, scheduled-thread-pool-max-size, thread-pool-max-size, transaction-batch-size, use-global-pools]
ModelTestUtils.compare: [myconnector]
                        [myconnector]
ModelTestUtils.compare: [factory-class, param, socket-binding]
                        [factory-class, param, socket-binding]
ModelTestUtils.compare: [host, port]
                        [host, port]
ModelTestUtils.compare: [value]
                        [value]
ModelTestUtils.compare: [value]
                        [value]
ModelTestUtils.compare: [a, b]
                        [a, b]
ModelTestUtils.compare: [factory-class, param]
                        [factory-class, param]
ModelTestUtils.compare: [factory-class, param]
                        [factory-class, param]
ModelTestUtils.compare: [bar, foo]
                        [bar, foo]
ModelTestUtils.compare: [value]
                        [value]
ModelTestUtils.compare: [value]
                        [value]
ModelTestUtils.compare: [groupC, groupD, groupT]
                        [groupC, groupD, groupT]
ModelTestUtils.compare: [group-address, group-port, initial-wait-timeout, jgroups-channel, jgroups-stack, local-bind-address, refresh-timeout, socket-binding]
                        [group-address, group-port, initial-wait-timeout, jgroups-channel, jgroups-stack, local-bind-address, refresh-timeout, socket-binding]
ModelTestUtils.compare: [group-address, group-port, initial-wait-timeout, jgroups-channel, jgroups-stack, local-bind-address, refresh-timeout, socket-binding]
                        [group-address, group-port, initial-wait-timeout, jgroups-channel, jgroups-stack, local-bind-address, refresh-timeout, socket-binding]
ModelTestUtils.compare: [group-address, group-port, initial-wait-timeout, jgroups-channel, jgroups-stack, local-bind-address, refresh-timeout, socket-binding]
                        [group-address, group-port, initial-wait-timeout, jgroups-channel, jgroups-stack, local-bind-address, refresh-timeout, socket-binding]
ModelTestUtils.compare: [testDivert1, testDivert2]
                        [testDivert1, testDivert2]
ModelTestUtils.compare: [divert-address, exclusive, filter, forwarding-address, routing-name, transformer-class-name]
                        [divert-address, exclusive, filter, forwarding-address, routing-name, transformer-class-name]
ModelTestUtils.compare: [divert-address, exclusive, filter, forwarding-address, routing-name, transformer-class-name]
                        [divert-address, exclusive, filter, forwarding-address, routing-name, transformer-class-name]
ModelTestUtils.compare: [grouping-handler]
                        [grouping-handler]
ModelTestUtils.compare: [grouping-handler-address, timeout, type]
                        [grouping-handler-address, timeout, type]
ModelTestUtils.compare: [in-vm]
                        [in-vm]
ModelTestUtils.compare: [param, server-id]
                        [param, server-id]
ModelTestUtils.compare: [direct-deliver]
                        [direct-deliver]
ModelTestUtils.compare: [value]
                        [value]
ModelTestUtils.compare: [in-vm]
                        [in-vm]
ModelTestUtils.compare: [param, server-id]
                        [param, server-id]
ModelTestUtils.compare: [testQueue]
                        [testQueue]
ModelTestUtils.compare: [durable, entries, selector]
                        [durable, entries, selector]
ModelTestUtils.compare: [testTopic]
                        [testTopic]
ModelTestUtils.compare: [entries]
                        [entries]
ModelTestUtils.compare: [bindings-directory, journal-directory, large-messages-directory, paging-directory]
                        [bindings-directory, journal-directory, large-messages-directory, paging-directory]
ModelTestUtils.compare: [path, relative-to]
                        [path, relative-to]
ModelTestUtils.compare: [path, relative-to]
                        [path, relative-to]
ModelTestUtils.compare: [path, relative-to]
                        [path, relative-to]
ModelTestUtils.compare: [path, relative-to]
                        [path, relative-to]
ModelTestUtils.compare: [hornetq-ra, hornetq-ra-local, hornetq-ra-none]
                        [hornetq-ra, hornetq-ra-local, hornetq-ra-none]
ModelTestUtils.compare: [auto-group, block-on-acknowledge, block-on-durable-send, block-on-non-durable-send, cache-large-message-client, call-failover-timeout, call-timeout, client-failure-check-period, client-id, compress-large-messages, confirmation-window-size, connection-load-balancing-policy-class-name, connection-ttl, connector, consumer-max-rate, consumer-window-size, discovery-group-name, discovery-initial-wait-timeout, dups-ok-batch-size, entries, failover-on-initial-connection, failover-on-server-shutdown, group-id, ha, initial-connect-attempts, initial-message-packet-size, jndi-params, max-pool-size, max-retry-interval, min-large-message-size, min-pool-size, password, pre-acknowledge, producer-max-rate, producer-window-size, reconnect-attempts, retry-interval, retry-interval-multiplier, scheduled-thread-pool-max-size, setup-attempts, setup-interval, thread-pool-max-size, transaction, transaction-batch-size, use-auto-recovery, use-global-pools, use-jndi, use-local-tx, user]
                        [auto-group, block-on-acknowledge, block-on-durable-send, block-on-non-durable-send, cache-large-message-client, call-failover-timeout, call-timeout, client-failure-check-period, client-id, compress-large-messages, confirmation-window-size, connection-load-balancing-policy-class-name, connection-ttl, connector, consumer-max-rate, consumer-window-size, discovery-group-name, discovery-initial-wait-timeout, dups-ok-batch-size, entries, failover-on-initial-connection, failover-on-server-shutdown, group-id, ha, initial-connect-attempts, initial-message-packet-size, jndi-params, max-pool-size, max-retry-interval, min-large-message-size, min-pool-size, password, pre-acknowledge, producer-max-rate, producer-window-size, reconnect-attempts, retry-interval, retry-interval-multiplier, scheduled-thread-pool-max-size, setup-attempts, setup-interval, thread-pool-max-size, transaction, transaction-batch-size, use-auto-recovery, use-global-pools, use-jndi, use-local-tx, user]
ModelTestUtils.compare: [in-vm]
                        [in-vm]
ModelTestUtils.compare: [auto-group, block-on-acknowledge, block-on-durable-send, block-on-non-durable-send, cache-large-message-client, call-failover-timeout, call-timeout, client-failure-check-period, client-id, compress-large-messages, confirmation-window-size, connection-load-balancing-policy-class-name, connection-ttl, connector, consumer-max-rate, consumer-window-size, discovery-group-name, discovery-initial-wait-timeout, dups-ok-batch-size, entries, failover-on-initial-connection, failover-on-server-shutdown, group-id, ha, initial-connect-attempts, initial-message-packet-size, jndi-params, max-pool-size, max-retry-interval, min-large-message-size, min-pool-size, password, pre-acknowledge, producer-max-rate, producer-window-size, reconnect-attempts, retry-interval, retry-interval-multiplier, scheduled-thread-pool-max-size, setup-attempts, setup-interval, thread-pool-max-size, transaction, transaction-batch-size, use-auto-recovery, use-global-pools, use-jndi, use-local-tx, user]
                        [auto-group, block-on-acknowledge, block-on-durable-send, block-on-non-durable-send, cache-large-message-client, call-failover-timeout, call-timeout, client-failure-check-period, client-id, compress-large-messages, confirmation-window-size, connection-load-balancing-policy-class-name, connection-ttl, connector, consumer-max-rate, consumer-window-size, discovery-group-name, discovery-initial-wait-timeout, dups-ok-batch-size, entries, failover-on-initial-connection, failover-on-server-shutdown, group-id, ha, initial-connect-attempts, initial-message-packet-size, jndi-params, max-pool-size, max-retry-interval, min-large-message-size, min-pool-size, password, pre-acknowledge, producer-max-rate, producer-window-size, reconnect-attempts, retry-interval, retry-interval-multiplier, scheduled-thread-pool-max-size, setup-attempts, setup-interval, thread-pool-max-size, transaction, transaction-batch-size, use-auto-recovery, use-global-pools, use-jndi, use-local-tx, user]
ModelTestUtils.compare: [in-vm]
                        [in-vm]
ModelTestUtils.compare: [auto-group, block-on-acknowledge, block-on-durable-send, block-on-non-durable-send, cache-large-message-client, call-failover-timeout, call-timeout, client-failure-check-period, client-id, compress-large-messages, confirmation-window-size, connection-load-balancing-policy-class-name, connection-ttl, connector, consumer-max-rate, consumer-window-size, discovery-group-name, discovery-initial-wait-timeout, dups-ok-batch-size, entries, failover-on-initial-connection, failover-on-server-shutdown, group-id, ha, initial-connect-attempts, initial-message-packet-size, jndi-params, max-pool-size, max-retry-interval, min-large-message-size, min-pool-size, password, pre-acknowledge, producer-max-rate, producer-window-size, reconnect-attempts, retry-interval, retry-interval-multiplier, scheduled-thread-pool-max-size, setup-attempts, setup-interval, thread-pool-max-size, transaction, transaction-batch-size, use-auto-recovery, use-global-pools, use-jndi, use-local-tx, user]
                        [auto-group, block-on-acknowledge, block-on-durable-send, block-on-non-durable-send, cache-large-message-client, call-failover-timeout, call-timeout, client-failure-check-period, client-id, compress-large-messages, confirmation-window-size, connection-load-balancing-policy-class-name, connection-ttl, connector, consumer-max-rate, consumer-window-size, discovery-group-name, discovery-initial-wait-timeout, dups-ok-batch-size, entries, failover-on-initial-connection, failover-on-server-shutdown, group-id, ha, initial-connect-attempts, initial-message-packet-size, jndi-params, max-pool-size, max-retry-interval, min-large-message-size, min-pool-size, password, pre-acknowledge, producer-max-rate, producer-window-size, reconnect-attempts, retry-interval, retry-interval-multiplier, scheduled-thread-pool-max-size, setup-attempts, setup-interval, thread-pool-max-size, transaction, transaction-batch-size, use-auto-recovery, use-global-pools, use-jndi, use-local-tx, user]
ModelTestUtils.compare: [in-vm]
                        [in-vm]
ModelTestUtils.compare: [coreQueueA, coreQueueB]
                        [coreQueueA, coreQueueB]
ModelTestUtils.compare: [durable, filter, queue-address]
                        [durable, filter, queue-address]
ModelTestUtils.compare: [durable, filter, queue-address]
                        [durable, filter, queue-address]
ModelTestUtils.compare: [netty, netty-throughput]
                        [netty, netty-throughput]
ModelTestUtils.compare: [param, socket-binding]
                        [param, socket-binding]
ModelTestUtils.compare: [param, socket-binding]
                        [param, socket-binding]
ModelTestUtils.compare: [batch-delay, direct-deliver]
                        [batch-delay, direct-deliver]
ModelTestUtils.compare: [value]
                        [value]
ModelTestUtils.compare: [value]
                        [value]
ModelTestUtils.compare: [netty, netty-throughput]
                        [netty, netty-throughput]
ModelTestUtils.compare: [param, socket-binding]
                        [param, socket-binding]
ModelTestUtils.compare: [param, socket-binding]
                        [param, socket-binding]
ModelTestUtils.compare: [batch-delay]
                        [batch-delay]
ModelTestUtils.compare: [value]
                        [value]
ModelTestUtils.compare: [#]
                        [#]
ModelTestUtils.compare: [role]
                        [role]
ModelTestUtils.compare: [adming, guest]
                        [adming, guest]
ModelTestUtils.compare: [consume, create-durable-queue, create-non-durable-queue, delete-durable-queue, delete-non-durable-queue, manage, send]
                        [consume, create-durable-queue, create-non-durable-queue, delete-durable-queue, delete-non-durable-queue, manage, send]
ModelTestUtils.compare: [consume, create-durable-queue, create-non-durable-queue, delete-durable-queue, delete-non-durable-queue, manage, send]
                        [consume, create-durable-queue, create-non-durable-queue, delete-durable-queue, delete-non-durable-queue, manage, send]
ModelTestUtils.compare: [acceptor, address-setting, allow-failback, async-connection-execution-enabled, backup, backup-group-name, bridge, broadcast-group, check-for-live-server, cluster-connection, cluster-password, cluster-user, clustered, connection-factory, connection-ttl-override, connector, connector-service, core-address, create-bindings-dir, create-journal-dir, discovery-group, divert, failback-delay, failover-on-shutdown, grouping-handler, id-cache-size, in-vm-acceptor, in-vm-connector, jms-queue, jms-topic, jmx-domain, jmx-management-enabled, journal-buffer-size, journal-buffer-timeout, journal-compact-min-files, journal-compact-percentage, journal-file-size, journal-max-io, journal-min-files, journal-sync-non-transactional, journal-sync-transactional, journal-type, live-connector-ref, log-journal-write-rate, management-address, management-notification-address, memory-measure-interval, memory-warning-threshold, message-counter-enabled, message-counter-max-day-history, message-counter-sample-period, message-expiry-scan-period, message-expiry-thread-priority, page-max-concurrent-io, path, perf-blast-pages, persist-delivery-count-before-delivery, persist-id-cache, persistence-enabled, pooled-connection-factory, queue, remote-acceptor, remote-connector, remoting-incoming-interceptors, remoting-interceptors, remoting-outgoing-interceptors, replication-clustername, run-sync-speed-test, runtime-queue, scheduled-thread-pool-max-size, security-domain, security-enabled, security-invalidation-interval, security-setting, server-dump-interval, servlet-connector, shared-store, thread-pool-max-size, transaction-timeout, transaction-timeout-scan-period, wild-card-routing-enabled]
                        [acceptor, address-setting, allow-failback, async-connection-execution-enabled, backup, backup-group-name, bridge, broadcast-group, check-for-live-server, cluster-connection, cluster-password, cluster-user, clustered, connection-factory, connection-ttl-override, connector, connector-service, core-address, create-bindings-dir, create-journal-dir, discovery-group, divert, failback-delay, failover-on-shutdown, grouping-handler, id-cache-size, in-vm-acceptor, in-vm-connector, jms-queue, jms-topic, jmx-domain, jmx-management-enabled, journal-buffer-size, journal-buffer-timeout, journal-compact-min-files, journal-compact-percentage, journal-file-size, journal-max-io, journal-min-files, journal-sync-non-transactional, journal-sync-transactional, journal-type, live-connector-ref, log-journal-write-rate, management-address, management-notification-address, memory-measure-interval, memory-warning-threshold, message-counter-enabled, message-counter-max-day-history, message-counter-sample-period, message-expiry-scan-period, message-expiry-thread-priority, page-max-concurrent-io, path, perf-blast-pages, persist-delivery-count-before-delivery, persist-id-cache, persistence-enabled, pooled-connection-factory, queue, remote-acceptor, remote-connector, remoting-incoming-interceptors, remoting-interceptors, remoting-outgoing-interceptors, replication-clustername, run-sync-speed-test, runtime-queue, scheduled-thread-pool-max-size, security-domain, security-enabled, security-invalidation-interval, security-setting, server-dump-interval, servlet-connector, shared-store, thread-pool-max-size, transaction-timeout, transaction-timeout-scan-period, wild-card-routing-enabled]
Using cached maven url for org.wildfly:wildfly-subsystem-test-framework:8.0.0.Beta2-SNAPSHOT from /home/avoka/git/wildfly/target/model-test-classpath-cache/maven-org.wildfly-x-wildfly-subsystem-test-framework-x-8.0.0.Beta2-SNAPSHOT
Using cached maven url for org.wildfly:wildfly-model-test:8.0.0.Beta2-SNAPSHOT from /home/avoka/git/wildfly/target/model-test-classpath-cache/maven-org.wildfly-x-wildfly-model-test-x-8.0.0.Beta2-SNAPSHOT
Using cached recursive maven urls for org.jboss.as:jboss-as-server:7.2.0.Final from /home/avoka/git/wildfly/target/model-test-classpath-cache/maven-recursive-org.jboss.as-x-jboss-as-server-x-7.2.0.Final
Using cached maven url for org.wildfly:wildfly-subsystem-test-controller-7.2.0:8.0.0.Beta2-SNAPSHOT from /home/avoka/git/wildfly/target/model-test-classpath-cache/maven-org.wildfly-x-wildfly-subsystem-test-controller-7.2.0-x-8.0.0.Beta2-SNAPSHOT
SubsystemTestDelegate.checkSubsystemModelTransformation: legacy
{
    &quot;jms-bridge&quot; =&gt; undefined,
    &quot;hornetq-server&quot; =&gt; {
        &quot;default&quot; =&gt; {
            &quot;allow-failback&quot; =&gt; false,
            &quot;async-connection-execution-enabled&quot; =&gt; false,
            &quot;backup&quot; =&gt; false,
            &quot;backup-group-name&quot; =&gt; undefined,
            &quot;check-for-live-server&quot; =&gt; false,
            &quot;cluster-password&quot; =&gt; expression &quot;${messaging.cluster.user.password}&quot;,
            &quot;cluster-user&quot; =&gt; expression &quot;${messaging.cluster.user.name}&quot;,
            &quot;clustered&quot; =&gt; false,
            &quot;connection-ttl-override&quot; =&gt; 5432L,
            &quot;create-bindings-dir&quot; =&gt; false,
            &quot;create-journal-dir&quot; =&gt; true,
            &quot;failback-delay&quot; =&gt; 9876L,
            &quot;failover-on-shutdown&quot; =&gt; true,
            &quot;id-cache-size&quot; =&gt; 102030,
            &quot;jmx-domain&quot; =&gt; &quot;my.jmx.domain&quot;,
            &quot;jmx-management-enabled&quot; =&gt; false,
            &quot;journal-buffer-size&quot; =&gt; 2468L,
            &quot;journal-buffer-timeout&quot; =&gt; 1357L,
            &quot;journal-compact-min-files&quot; =&gt; 2,
            &quot;journal-compact-percentage&quot; =&gt; 83,
            &quot;journal-file-size&quot; =&gt; 102400L,
            &quot;journal-max-io&quot; =&gt; 50,
            &quot;journal-min-files&quot; =&gt; 2,
            &quot;journal-sync-non-transactional&quot; =&gt; true,
            &quot;journal-sync-transactional&quot; =&gt; false,
            &quot;journal-type&quot; =&gt; &quot;NIO&quot;,
            &quot;log-journal-write-rate&quot; =&gt; true,
            &quot;management-address&quot; =&gt; &quot;my.management.address&quot;,
            &quot;management-notification-address&quot; =&gt; &quot;my.management.notif.address&quot;,
            &quot;memory-measure-interval&quot; =&gt; 2048L,
            &quot;memory-warning-threshold&quot; =&gt; 1024,
            &quot;message-counter-enabled&quot; =&gt; true,
            &quot;message-counter-max-day-history&quot; =&gt; 23,
            &quot;message-counter-sample-period&quot; =&gt; 7654L,
            &quot;message-expiry-scan-period&quot; =&gt; 7654L,
            &quot;message-expiry-thread-priority&quot; =&gt; 7,
            &quot;page-max-concurrent-io&quot; =&gt; 10,
            &quot;perf-blast-pages&quot; =&gt; 70,
            &quot;persist-delivery-count-before-delivery&quot; =&gt; true,
            &quot;persist-id-cache&quot; =&gt; false,
            &quot;persistence-enabled&quot; =&gt; false,
            &quot;remoting-incoming-interceptors&quot; =&gt; undefined,
            &quot;remoting-interceptors&quot; =&gt; [
                &quot;foo.bar&quot;,
                &quot;bar.foo&quot;
            ],
            &quot;remoting-outgoing-interceptors&quot; =&gt; undefined,
            &quot;replication-clustername&quot; =&gt; undefined,
            &quot;run-sync-speed-test&quot; =&gt; false,
            &quot;runtime-queue&quot; =&gt; undefined,
            &quot;scheduled-thread-pool-max-size&quot; =&gt; expression &quot;${messaging.scheduled.thread.pool.max.size:6}&quot;,
            &quot;security-domain&quot; =&gt; &quot;someDomain&quot;,
            &quot;security-enabled&quot; =&gt; false,
            &quot;security-invalidation-interval&quot; =&gt; 1234L,
            &quot;server-dump-interval&quot; =&gt; 8642L,
            &quot;shared-store&quot; =&gt; true,
            &quot;thread-pool-max-size&quot; =&gt; expression &quot;${messaging.thread.pool.max.size:5}&quot;,
            &quot;transaction-timeout&quot; =&gt; 4321L,
            &quot;transaction-timeout-scan-period&quot; =&gt; 5432L,
            &quot;wild-card-routing-enabled&quot; =&gt; false,
            &quot;acceptor&quot; =&gt; {&quot;myacceptor&quot; =&gt; {
                &quot;factory-class&quot; =&gt; &quot;org.hornetq.core.remoting.impl.netty.NettyAcceptorFactory&quot;,
                &quot;socket-binding&quot; =&gt; undefined,
                &quot;param&quot; =&gt; {&quot;batch-delay&quot; =&gt; {&quot;value&quot; =&gt; &quot;50&quot;}}
            }},
            &quot;address-setting&quot; =&gt; {&quot;#&quot; =&gt; {
                &quot;address-full-policy&quot; =&gt; &quot;BLOCK&quot;,
                &quot;dead-letter-address&quot; =&gt; &quot;jms.queue.DLQ&quot;,
                &quot;expiry-address&quot; =&gt; &quot;jms.queue.ExpiryQueue&quot;,
                &quot;last-value-queue&quot; =&gt; false,
                &quot;max-delivery-attempts&quot; =&gt; 5,
                &quot;max-size-bytes&quot; =&gt; 10485760L,
                &quot;message-counter-history-day-limit&quot; =&gt; 10,
                &quot;page-max-cache-size&quot; =&gt; 7,
                &quot;page-size-bytes&quot; =&gt; 10485760L,
                &quot;redelivery-delay&quot; =&gt; 0L,
                &quot;redistribution-delay&quot; =&gt; 0L,
                &quot;send-to-dla-on-no-route&quot; =&gt; false
            }},
            &quot;bridge&quot; =&gt; {
                &quot;bridge1&quot; =&gt; {
                    &quot;check-period&quot; =&gt; 666L,
                    &quot;confirmation-window-size&quot; =&gt; 350,
                    &quot;connection-ttl&quot; =&gt; 36000L,
                    &quot;discovery-group-name&quot; =&gt; undefined,
                    &quot;filter&quot; =&gt; &quot;afilter&quot;,
                    &quot;forwarding-address&quot; =&gt; &quot;forwardingaddress1&quot;,
                    &quot;ha&quot; =&gt; true,
                    &quot;max-retry-interval&quot; =&gt; 3000L,
                    &quot;min-large-message-size&quot; =&gt; 10240,
                    &quot;password&quot; =&gt; expression &quot;${password:secret}&quot;,
                    &quot;queue-name&quot; =&gt; &quot;coreQueueA&quot;,
                    &quot;reconnect-attempts&quot; =&gt; 3,
                    &quot;retry-interval&quot; =&gt; 750L,
                    &quot;retry-interval-multiplier&quot; =&gt; big decimal 2,
                    &quot;static-connectors&quot; =&gt; [
                        &quot;in-vm&quot;,
                        &quot;netty&quot;
                    ],
                    &quot;transformer-class-name&quot; =&gt; &quot;foo.bar&quot;,
                    &quot;use-duplicate-detection&quot; =&gt; true,
                    &quot;user&quot; =&gt; expression &quot;${user:Brian}&quot;
                },
                &quot;bridge2&quot; =&gt; {
                    &quot;check-period&quot; =&gt; 30000L,
                    &quot;confirmation-window-size&quot; =&gt; 1048576,
                    &quot;connection-ttl&quot; =&gt; 60000L,
                    &quot;discovery-group-name&quot; =&gt; &quot;groupC&quot;,
                    &quot;filter&quot; =&gt; undefined,
                    &quot;forwarding-address&quot; =&gt; undefined,
                    &quot;ha&quot; =&gt; false,
                    &quot;max-retry-interval&quot; =&gt; 2000L,
                    &quot;min-large-message-size&quot; =&gt; 102400,
                    &quot;password&quot; =&gt; &quot;CHANGE ME!!&quot;,
                    &quot;queue-name&quot; =&gt; &quot;coreQueueB&quot;,
                    &quot;reconnect-attempts&quot; =&gt; -1,
                    &quot;retry-interval&quot; =&gt; 2000L,
                    &quot;retry-interval-multiplier&quot; =&gt; 1.0,
                    &quot;static-connectors&quot; =&gt; undefined,
                    &quot;transformer-class-name&quot; =&gt; undefined,
                    &quot;use-duplicate-detection&quot; =&gt; true,
                    &quot;user&quot; =&gt; &quot;HORNETQ.CLUSTER.ADMIN.USER&quot;
                }
            },
            &quot;broadcast-group&quot; =&gt; {
                &quot;groupA&quot; =&gt; {
                    &quot;broadcast-period&quot; =&gt; 2500L,
                    &quot;connectors&quot; =&gt; [
                        &quot;netty&quot;,
                        &quot;netty-throughput&quot;
                    ],
                    &quot;group-address&quot; =&gt; &quot;224.0.1.105&quot;,
                    &quot;group-port&quot; =&gt; 23456,
                    &quot;local-bind-address&quot; =&gt; &quot;localhost&quot;,
                    &quot;local-bind-port&quot; =&gt; 12345
                },
                &quot;groupB&quot; =&gt; {
                    &quot;broadcast-period&quot; =&gt; 2000L,
                    &quot;group-address&quot; =&gt; &quot;224.0.1.105&quot;,
                    &quot;group-port&quot; =&gt; 34567,
                    &quot;local-bind-port&quot; =&gt; -1
                },
                &quot;groupS&quot; =&gt; {
                    &quot;broadcast-period&quot; =&gt; 2000L,
                    &quot;local-bind-port&quot; =&gt; -1,
                    &quot;socket-binding&quot; =&gt; &quot;group-s-binding&quot;
                }
            },
            &quot;cluster-connection&quot; =&gt; {
                &quot;cc1&quot; =&gt; {
                    &quot;allow-direct-connections-only&quot; =&gt; false,
                    &quot;call-failover-timeout&quot; =&gt; -1L,
                    &quot;call-timeout&quot; =&gt; 3456L,
                    &quot;check-period&quot; =&gt; 2345L,
                    &quot;cluster-connection-address&quot; =&gt; &quot;cc1-address&quot;,
                    &quot;confirmation-window-size&quot; =&gt; 459,
                    &quot;connection-ttl&quot; =&gt; 1234L,
                    &quot;connector-ref&quot; =&gt; &quot;netty&quot;,
                    &quot;discovery-group-name&quot; =&gt; undefined,
                    &quot;forward-when-no-consumers&quot; =&gt; true,
                    &quot;max-hops&quot; =&gt; 7,
                    &quot;max-retry-interval&quot; =&gt; 3600L,
                    &quot;min-large-message-size&quot; =&gt; 10245,
                    &quot;notification-attempts&quot; =&gt; 2,
                    &quot;notification-interval&quot; =&gt; 1000L,
                    &quot;reconnect-attempts&quot; =&gt; -1,
                    &quot;retry-interval&quot; =&gt; 987L,
                    &quot;retry-interval-multiplier&quot; =&gt; big decimal 3.0,
                    &quot;static-connectors&quot; =&gt; [
                        &quot;in-vm&quot;,
                        &quot;netty&quot;
                    ],
                    &quot;use-duplicate-detection&quot; =&gt; true
                },
                &quot;cc2&quot; =&gt; {
                    &quot;allow-direct-connections-only&quot; =&gt; true,
                    &quot;call-failover-timeout&quot; =&gt; -1L,
                    &quot;call-timeout&quot; =&gt; 30000L,
                    &quot;check-period&quot; =&gt; 30000L,
                    &quot;cluster-connection-address&quot; =&gt; &quot;cc2-address&quot;,
                    &quot;confirmation-window-size&quot; =&gt; 1048576,
                    &quot;connection-ttl&quot; =&gt; 60000L,
                    &quot;connector-ref&quot; =&gt; &quot;netty&quot;,
                    &quot;discovery-group-name&quot; =&gt; undefined,
                    &quot;forward-when-no-consumers&quot; =&gt; false,
                    &quot;max-hops&quot; =&gt; 1,
                    &quot;max-retry-interval&quot; =&gt; 2000L,
                    &quot;min-large-message-size&quot; =&gt; 102400,
                    &quot;notification-attempts&quot; =&gt; 2,
                    &quot;notification-interval&quot; =&gt; 1000L,
                    &quot;reconnect-attempts&quot; =&gt; -1,
                    &quot;retry-interval&quot; =&gt; 500L,
                    &quot;retry-interval-multiplier&quot; =&gt; 1.0,
                    &quot;static-connectors&quot; =&gt; [
                        &quot;in-vm&quot;,
                        &quot;netty&quot;
                    ],
                    &quot;use-duplicate-detection&quot; =&gt; true
                },
                &quot;cc3&quot; =&gt; {
                    &quot;allow-direct-connections-only&quot; =&gt; false,
                    &quot;call-failover-timeout&quot; =&gt; -1L,
                    &quot;call-timeout&quot; =&gt; 30000L,
                    &quot;check-period&quot; =&gt; 30000L,
                    &quot;cluster-connection-address&quot; =&gt; &quot;cc3-address&quot;,
                    &quot;confirmation-window-size&quot; =&gt; 1048576,
                    &quot;connection-ttl&quot; =&gt; 60000L,
                    &quot;connector-ref&quot; =&gt; &quot;netty&quot;,
                    &quot;discovery-group-name&quot; =&gt; &quot;groupC&quot;,
                    &quot;forward-when-no-consumers&quot; =&gt; false,
                    &quot;max-hops&quot; =&gt; 1,
                    &quot;max-retry-interval&quot; =&gt; 2000L,
                    &quot;min-large-message-size&quot; =&gt; 102400,
                    &quot;notification-attempts&quot; =&gt; 2,
                    &quot;notification-interval&quot; =&gt; 1000L,
                    &quot;reconnect-attempts&quot; =&gt; -1,
                    &quot;retry-interval&quot; =&gt; 500L,
                    &quot;retry-interval-multiplier&quot; =&gt; 1.0,
                    &quot;static-connectors&quot; =&gt; undefined,
                    &quot;use-duplicate-detection&quot; =&gt; true
                },
                &quot;cc4&quot; =&gt; {
                    &quot;allow-direct-connections-only&quot; =&gt; false,
                    &quot;call-failover-timeout&quot; =&gt; -1L,
                    &quot;call-timeout&quot; =&gt; 30000L,
                    &quot;check-period&quot; =&gt; 30000L,
                    &quot;cluster-connection-address&quot; =&gt; &quot;cc4-address&quot;,
                    &quot;confirmation-window-size&quot; =&gt; 1048576,
                    &quot;connection-ttl&quot; =&gt; 60000L,
                    &quot;connector-ref&quot; =&gt; &quot;netty-throughput&quot;,
                    &quot;discovery-group-name&quot; =&gt; undefined,
                    &quot;forward-when-no-consumers&quot; =&gt; false,
                    &quot;max-hops&quot; =&gt; 1,
                    &quot;max-retry-interval&quot; =&gt; 2000L,
                    &quot;min-large-message-size&quot; =&gt; 102400,
                    &quot;notification-attempts&quot; =&gt; 2,
                    &quot;notification-interval&quot; =&gt; 1000L,
                    &quot;reconnect-attempts&quot; =&gt; -1,
                    &quot;retry-interval&quot; =&gt; 500L,
                    &quot;retry-interval-multiplier&quot; =&gt; 1.0,
                    &quot;static-connectors&quot; =&gt; [
                        &quot;in-vm&quot;,
                        &quot;netty&quot;
                    ],
                    &quot;use-duplicate-detection&quot; =&gt; true
                },
                &quot;cc5&quot; =&gt; {
                    &quot;allow-direct-connections-only&quot; =&gt; false,
                    &quot;call-failover-timeout&quot; =&gt; -1L,
                    &quot;call-timeout&quot; =&gt; 30000L,
                    &quot;check-period&quot; =&gt; 30000L,
                    &quot;cluster-connection-address&quot; =&gt; &quot;cc3-address&quot;,
                    &quot;confirmation-window-size&quot; =&gt; 1048576,
                    &quot;connection-ttl&quot; =&gt; 60000L,
                    &quot;connector-ref&quot; =&gt; &quot;netty&quot;,
                    &quot;discovery-group-name&quot; =&gt; undefined,
                    &quot;forward-when-no-consumers&quot; =&gt; false,
                    &quot;max-hops&quot; =&gt; 1,
                    &quot;max-retry-interval&quot; =&gt; 2000L,
                    &quot;min-large-message-size&quot; =&gt; 102400,
                    &quot;notification-attempts&quot; =&gt; 2,
                    &quot;notification-interval&quot; =&gt; 1000L,
                    &quot;reconnect-attempts&quot; =&gt; -1,
                    &quot;retry-interval&quot; =&gt; 500L,
                    &quot;retry-interval-multiplier&quot; =&gt; 1.0,
                    &quot;static-connectors&quot; =&gt; undefined,
                    &quot;use-duplicate-detection&quot; =&gt; true
                }
            },
            &quot;connection-factory&quot; =&gt; {
                &quot;InVmConnectionFactory&quot; =&gt; {
                    &quot;auto-group&quot; =&gt; false,
                    &quot;block-on-acknowledge&quot; =&gt; false,
                    &quot;block-on-durable-send&quot; =&gt; true,
                    &quot;block-on-non-durable-send&quot; =&gt; false,
                    &quot;cache-large-message-client&quot; =&gt; false,
                    &quot;call-failover-timeout&quot; =&gt; -1L,
                    &quot;call-timeout&quot; =&gt; 30000L,
                    &quot;client-failure-check-period&quot; =&gt; 30000L,
                    &quot;client-id&quot; =&gt; undefined,
                    &quot;compress-large-messages&quot; =&gt; false,
                    &quot;confirmation-window-size&quot; =&gt; -1,
                    &quot;connection-load-balancing-policy-class-name&quot; =&gt; &quot;org.hornetq.api.core.client.loadbalance.RoundRobinConnectionLoadBalancingPolicy&quot;,
                    &quot;connection-ttl&quot; =&gt; 60000L,
                    &quot;connector&quot; =&gt; {&quot;in-vm&quot; =&gt; undefined},
                    &quot;consumer-max-rate&quot; =&gt; -1,
                    &quot;consumer-window-size&quot; =&gt; 1048576,
                    &quot;discovery-group-name&quot; =&gt; undefined,
                    &quot;discovery-initial-wait-timeout&quot; =&gt; undefined,
                    &quot;dups-ok-batch-size&quot; =&gt; 1048576,
                    &quot;entries&quot; =&gt; [&quot;java:/ConnectionFactory&quot;],
                    &quot;factory-type&quot; =&gt; &quot;GENERIC&quot;,
                    &quot;failover-on-initial-connection&quot; =&gt; false,
                    &quot;failover-on-server-shutdown&quot; =&gt; undefined,
                    &quot;group-id&quot; =&gt; undefined,
                    &quot;ha&quot; =&gt; false,
                    &quot;max-retry-interval&quot; =&gt; 2000L,
                    &quot;min-large-message-size&quot; =&gt; 102400,
                    &quot;pre-acknowledge&quot; =&gt; false,
                    &quot;producer-max-rate&quot; =&gt; -1,
                    &quot;producer-window-size&quot; =&gt; 65536,
                    &quot;reconnect-attempts&quot; =&gt; 0,
                    &quot;retry-interval&quot; =&gt; 2000L,
                    &quot;retry-interval-multiplier&quot; =&gt; 1.0,
                    &quot;scheduled-thread-pool-max-size&quot; =&gt; 5,
                    &quot;thread-pool-max-size&quot; =&gt; 30,
                    &quot;transaction-batch-size&quot; =&gt; 1048576,
                    &quot;use-global-pools&quot; =&gt; true
                },
                &quot;RemoteConnectionFactory&quot; =&gt; {
                    &quot;auto-group&quot; =&gt; false,
                    &quot;block-on-acknowledge&quot; =&gt; false,
                    &quot;block-on-durable-send&quot; =&gt; true,
                    &quot;block-on-non-durable-send&quot; =&gt; false,
                    &quot;cache-large-message-client&quot; =&gt; false,
                    &quot;call-failover-timeout&quot; =&gt; -1L,
                    &quot;call-timeout&quot; =&gt; 30000L,
                    &quot;client-failure-check-period&quot; =&gt; 30000L,
                    &quot;client-id&quot; =&gt; &quot;testClient&quot;,
                    &quot;compress-large-messages&quot; =&gt; false,
                    &quot;confirmation-window-size&quot; =&gt; -1,
                    &quot;connection-load-balancing-policy-class-name&quot; =&gt; &quot;org.hornetq.api.core.client.loadbalance.RoundRobinConnectionLoadBalancingPolicy&quot;,
                    &quot;connection-ttl&quot; =&gt; 60000L,
                    &quot;connector&quot; =&gt; {&quot;netty&quot; =&gt; undefined},
                    &quot;consumer-max-rate&quot; =&gt; -1,
                    &quot;consumer-window-size&quot; =&gt; 1048576,
                    &quot;discovery-group-name&quot; =&gt; undefined,
                    &quot;discovery-initial-wait-timeout&quot; =&gt; undefined,
                    &quot;dups-ok-batch-size&quot; =&gt; 1048576,
                    &quot;entries&quot; =&gt; [&quot;RemoteConnectionFactory&quot;],
                    &quot;factory-type&quot; =&gt; &quot;XA_QUEUE&quot;,
                    &quot;failover-on-initial-connection&quot; =&gt; false,
                    &quot;failover-on-server-shutdown&quot; =&gt; undefined,
                    &quot;group-id&quot; =&gt; undefined,
                    &quot;ha&quot; =&gt; false,
                    &quot;max-retry-interval&quot; =&gt; 2000L,
                    &quot;min-large-message-size&quot; =&gt; 102400,
                    &quot;pre-acknowledge&quot; =&gt; false,
                    &quot;producer-max-rate&quot; =&gt; -1,
                    &quot;producer-window-size&quot; =&gt; 65536,
                    &quot;reconnect-attempts&quot; =&gt; 0,
                    &quot;retry-interval&quot; =&gt; 2000L,
                    &quot;retry-interval-multiplier&quot; =&gt; 1.0,
                    &quot;scheduled-thread-pool-max-size&quot; =&gt; 5,
                    &quot;thread-pool-max-size&quot; =&gt; 30,
                    &quot;transaction-batch-size&quot; =&gt; 1048576,
                    &quot;use-global-pools&quot; =&gt; true
                },
                &quot;otherConnectionFactory&quot; =&gt; {
                    &quot;auto-group&quot; =&gt; true,
                    &quot;block-on-acknowledge&quot; =&gt; false,
                    &quot;block-on-durable-send&quot; =&gt; false,
                    &quot;block-on-non-durable-send&quot; =&gt; false,
                    &quot;cache-large-message-client&quot; =&gt; false,
                    &quot;call-failover-timeout&quot; =&gt; -1L,
                    &quot;call-timeout&quot; =&gt; 123L,
                    &quot;client-failure-check-period&quot; =&gt; 12345L,
                    &quot;client-id&quot; =&gt; &quot;myClientID&quot;,
                    &quot;compress-large-messages&quot; =&gt; false,
                    &quot;confirmation-window-size&quot; =&gt; -1,
                    &quot;connection-load-balancing-policy-class-name&quot; =&gt; &quot;not.a.real.Class&quot;,
                    &quot;connection-ttl&quot; =&gt; 56789L,
                    &quot;connector&quot; =&gt; undefined,
                    &quot;consumer-max-rate&quot; =&gt; 789,
                    &quot;consumer-window-size&quot; =&gt; 456,
                    &quot;discovery-group-name&quot; =&gt; &quot;groupC&quot;,
                    &quot;discovery-initial-wait-timeout&quot; =&gt; undefined,
                    &quot;dups-ok-batch-size&quot; =&gt; 256,
                    &quot;entries&quot; =&gt; [&quot;otherConnectionFactory&quot;],
                    &quot;factory-type&quot; =&gt; &quot;GENERIC&quot;,
                    &quot;failover-on-initial-connection&quot; =&gt; true,
                    &quot;failover-on-server-shutdown&quot; =&gt; true,
                    &quot;group-id&quot; =&gt; &quot;myGroup&quot;,
                    &quot;ha&quot; =&gt; true,
                    &quot;max-retry-interval&quot; =&gt; 10000L,
                    &quot;min-large-message-size&quot; =&gt; 2048,
                    &quot;pre-acknowledge&quot; =&gt; true,
                    &quot;producer-max-rate&quot; =&gt; 1024,
                    &quot;producer-window-size&quot; =&gt; -1,
                    &quot;reconnect-attempts&quot; =&gt; 2,
                    &quot;retry-interval&quot; =&gt; 500L,
                    &quot;retry-interval-multiplier&quot; =&gt; big decimal 2.5,
                    &quot;scheduled-thread-pool-max-size&quot; =&gt; 24,
                    &quot;thread-pool-max-size&quot; =&gt; 48,
                    &quot;transaction-batch-size&quot; =&gt; 512,
                    &quot;use-global-pools&quot; =&gt; true
                }
            },
            &quot;connector&quot; =&gt; {&quot;myconnector&quot; =&gt; {
                &quot;factory-class&quot; =&gt; &quot;org.hornetq.core.remoting.impl.netty.NettyConnectorFactory&quot;,
                &quot;socket-binding&quot; =&gt; undefined,
                &quot;param&quot; =&gt; {
                    &quot;host&quot; =&gt; {&quot;value&quot; =&gt; &quot;192.168.1.2&quot;},
                    &quot;port&quot; =&gt; {&quot;value&quot; =&gt; &quot;5445&quot;}
                }
            }},
            &quot;connector-service&quot; =&gt; {
                &quot;a&quot; =&gt; {
                    &quot;factory-class&quot; =&gt; &quot;foo.bar&quot;,
                    &quot;param&quot; =&gt; undefined
                },
                &quot;b&quot; =&gt; {
                    &quot;factory-class&quot; =&gt; &quot;bar.foo&quot;,
                    &quot;param&quot; =&gt; {
                        &quot;foo&quot; =&gt; {&quot;value&quot; =&gt; &quot;bar&quot;},
                        &quot;bar&quot; =&gt; {&quot;value&quot; =&gt; &quot;2&quot;}
                    }
                }
            },
            &quot;discovery-group&quot; =&gt; {
                &quot;groupC&quot; =&gt; {
                    &quot;group-address&quot; =&gt; &quot;224.0.1.105&quot;,
                    &quot;group-port&quot; =&gt; 45678,
                    &quot;initial-wait-timeout&quot; =&gt; 7500L,
                    &quot;local-bind-address&quot; =&gt; &quot;localhost&quot;,
                    &quot;refresh-timeout&quot; =&gt; 3500L
                },
                &quot;groupD&quot; =&gt; {
                    &quot;group-address&quot; =&gt; &quot;224.0.1.105&quot;,
                    &quot;group-port&quot; =&gt; 56789,
                    &quot;initial-wait-timeout&quot; =&gt; 10000L,
                    &quot;refresh-timeout&quot; =&gt; 10000L
                },
                &quot;groupT&quot; =&gt; {
                    &quot;initial-wait-timeout&quot; =&gt; 10000L,
                    &quot;refresh-timeout&quot; =&gt; 10000L,
                    &quot;socket-binding&quot; =&gt; &quot;group-t-binding&quot;
                }
            },
            &quot;divert&quot; =&gt; {
                &quot;testDivert1&quot; =&gt; {
                    &quot;divert-address&quot; =&gt; &quot;address1&quot;,
                    &quot;exclusive&quot; =&gt; true,
                    &quot;filter&quot; =&gt; &quot;afilter&quot;,
                    &quot;forwarding-address&quot; =&gt; &quot;forwardingaddress1&quot;,
                    &quot;routing-name&quot; =&gt; &quot;routing&quot;,
                    &quot;transformer-class-name&quot; =&gt; &quot;org.jboss.test.Transformer&quot;
                },
                &quot;testDivert2&quot; =&gt; {
                    &quot;divert-address&quot; =&gt; &quot;address2&quot;,
                    &quot;exclusive&quot; =&gt; false,
                    &quot;filter&quot; =&gt; undefined,
                    &quot;forwarding-address&quot; =&gt; &quot;forwardingaddress2&quot;,
                    &quot;routing-name&quot; =&gt; undefined,
                    &quot;transformer-class-name&quot; =&gt; undefined
                }
            },
            &quot;grouping-handler&quot; =&gt; {&quot;grouping-handler&quot; =&gt; {
                &quot;grouping-handler-address&quot; =&gt; &quot;handler-address&quot;,
                &quot;timeout&quot; =&gt; 5000,
                &quot;type&quot; =&gt; &quot;LOCAL&quot;
            }},
            &quot;in-vm-acceptor&quot; =&gt; {&quot;in-vm&quot; =&gt; {
                &quot;server-id&quot; =&gt; 0,
                &quot;param&quot; =&gt; {&quot;direct-deliver&quot; =&gt; {&quot;value&quot; =&gt; &quot;true&quot;}}
            }},
            &quot;in-vm-connector&quot; =&gt; {&quot;in-vm&quot; =&gt; {
                &quot;param&quot; =&gt; undefined,
                &quot;server-id&quot; =&gt; 0
            }},
            &quot;jms-queue&quot; =&gt; {&quot;testQueue&quot; =&gt; {
                &quot;durable&quot; =&gt; true,
                &quot;entries&quot; =&gt; [&quot;queue/test&quot;],
                &quot;selector&quot; =&gt; &quot;color=&apos;red&apos;&quot;
            }},
            &quot;jms-topic&quot; =&gt; {&quot;testTopic&quot; =&gt; {&quot;entries&quot; =&gt; [&quot;topic/test&quot;]}},
            &quot;path&quot; =&gt; {
                &quot;paging-directory&quot; =&gt; {
                    &quot;path&quot; =&gt; &quot;test&quot;,
                    &quot;relative-to&quot; =&gt; &quot;test&quot;
                },
                &quot;bindings-directory&quot; =&gt; {
                    &quot;path&quot; =&gt; &quot;test&quot;,
                    &quot;relative-to&quot; =&gt; &quot;test&quot;
                },
                &quot;journal-directory&quot; =&gt; {
                    &quot;path&quot; =&gt; &quot;test&quot;,
                    &quot;relative-to&quot; =&gt; &quot;test&quot;
                },
                &quot;large-messages-directory&quot; =&gt; {
                    &quot;path&quot; =&gt; &quot;test&quot;,
                    &quot;relative-to&quot; =&gt; &quot;test&quot;
                }
            },
            &quot;pooled-connection-factory&quot; =&gt; {
                &quot;hornetq-ra&quot; =&gt; {
                    &quot;auto-group&quot; =&gt; true,
                    &quot;block-on-acknowledge&quot; =&gt; false,
                    &quot;block-on-durable-send&quot; =&gt; false,
                    &quot;block-on-non-durable-send&quot; =&gt; false,
                    &quot;cache-large-message-client&quot; =&gt; false,
                    &quot;call-failover-timeout&quot; =&gt; -1L,
                    &quot;call-timeout&quot; =&gt; 123L,
                    &quot;client-failure-check-period&quot; =&gt; 12345L,
                    &quot;client-id&quot; =&gt; &quot;myClientID&quot;,
                    &quot;compress-large-messages&quot; =&gt; false,
                    &quot;confirmation-window-size&quot; =&gt; -1,
                    &quot;connection-load-balancing-policy-class-name&quot; =&gt; &quot;not.a.real.Class&quot;,
                    &quot;connection-ttl&quot; =&gt; 56789L,
                    &quot;connector&quot; =&gt; {&quot;in-vm&quot; =&gt; undefined},
                    &quot;consumer-max-rate&quot; =&gt; 789,
                    &quot;consumer-window-size&quot; =&gt; 456,
                    &quot;discovery-group-name&quot; =&gt; undefined,
                    &quot;discovery-initial-wait-timeout&quot; =&gt; undefined,
                    &quot;dups-ok-batch-size&quot; =&gt; 256,
                    &quot;entries&quot; =&gt; [&quot;java:/JmsXA&quot;],
                    &quot;failover-on-initial-connection&quot; =&gt; true,
                    &quot;failover-on-server-shutdown&quot; =&gt; true,
                    &quot;group-id&quot; =&gt; &quot;myGroup&quot;,
                    &quot;ha&quot; =&gt; true,
                    &quot;initial-connect-attempts&quot; =&gt; 1,
                    &quot;initial-message-packet-size&quot; =&gt; 1500,
                    &quot;jndi-params&quot; =&gt; &quot;whatever&quot;,
                    &quot;max-pool-size&quot; =&gt; 242,
                    &quot;max-retry-interval&quot; =&gt; 10000L,
                    &quot;min-large-message-size&quot; =&gt; 2048,
                    &quot;min-pool-size&quot; =&gt; 42,
                    &quot;password&quot; =&gt; &quot;alicepassword&quot;,
                    &quot;pre-acknowledge&quot; =&gt; true,
                    &quot;producer-max-rate&quot; =&gt; 1024,
                    &quot;producer-window-size&quot; =&gt; -1,
                    &quot;reconnect-attempts&quot; =&gt; 2,
                    &quot;retry-interval&quot; =&gt; 500L,
                    &quot;retry-interval-multiplier&quot; =&gt; big decimal 2.5,
                    &quot;scheduled-thread-pool-max-size&quot; =&gt; 24,
                    &quot;setup-attempts&quot; =&gt; 123,
                    &quot;setup-interval&quot; =&gt; 456L,
                    &quot;thread-pool-max-size&quot; =&gt; 48,
                    &quot;transaction&quot; =&gt; &quot;xa&quot;,
                    &quot;transaction-batch-size&quot; =&gt; 512,
                    &quot;use-auto-recovery&quot; =&gt; true,
                    &quot;use-global-pools&quot; =&gt; true,
                    &quot;use-jndi&quot; =&gt; false,
                    &quot;use-local-tx&quot; =&gt; true,
                    &quot;user&quot; =&gt; &quot;alice&quot;
                },
                &quot;hornetq-ra-local&quot; =&gt; {
                    &quot;auto-group&quot; =&gt; false,
                    &quot;block-on-acknowledge&quot; =&gt; false,
                    &quot;block-on-durable-send&quot; =&gt; true,
                    &quot;block-on-non-durable-send&quot; =&gt; false,
                    &quot;cache-large-message-client&quot; =&gt; false,
                    &quot;call-failover-timeout&quot; =&gt; -1L,
                    &quot;call-timeout&quot; =&gt; 30000L,
                    &quot;client-failure-check-period&quot; =&gt; 30000L,
                    &quot;client-id&quot; =&gt; undefined,
                    &quot;compress-large-messages&quot; =&gt; false,
                    &quot;confirmation-window-size&quot; =&gt; -1,
                    &quot;connection-load-balancing-policy-class-name&quot; =&gt; &quot;org.hornetq.api.core.client.loadbalance.RoundRobinConnectionLoadBalancingPolicy&quot;,
                    &quot;connection-ttl&quot; =&gt; 60000L,
                    &quot;connector&quot; =&gt; {&quot;in-vm&quot; =&gt; undefined},
                    &quot;consumer-max-rate&quot; =&gt; -1,
                    &quot;consumer-window-size&quot; =&gt; 1048576,
                    &quot;discovery-group-name&quot; =&gt; undefined,
                    &quot;discovery-initial-wait-timeout&quot; =&gt; undefined,
                    &quot;dups-ok-batch-size&quot; =&gt; 1048576,
                    &quot;entries&quot; =&gt; [&quot;java:/JmsLocal&quot;],
                    &quot;failover-on-initial-connection&quot; =&gt; false,
                    &quot;failover-on-server-shutdown&quot; =&gt; undefined,
                    &quot;group-id&quot; =&gt; undefined,
                    &quot;ha&quot; =&gt; false,
                    &quot;initial-connect-attempts&quot; =&gt; 1,
                    &quot;initial-message-packet-size&quot; =&gt; 1500,
                    &quot;jndi-params&quot; =&gt; undefined,
                    &quot;max-pool-size&quot; =&gt; -1,
                    &quot;max-retry-interval&quot; =&gt; 2000L,
                    &quot;min-large-message-size&quot; =&gt; 102400,
                    &quot;min-pool-size&quot; =&gt; -1,
                    &quot;password&quot; =&gt; &quot;alicepassword&quot;,
                    &quot;pre-acknowledge&quot; =&gt; false,
                    &quot;producer-max-rate&quot; =&gt; -1,
                    &quot;producer-window-size&quot; =&gt; 65536,
                    &quot;reconnect-attempts&quot; =&gt; -1,
                    &quot;retry-interval&quot; =&gt; 2000L,
                    &quot;retry-interval-multiplier&quot; =&gt; 1.0,
                    &quot;scheduled-thread-pool-max-size&quot; =&gt; 5,
                    &quot;setup-attempts&quot; =&gt; undefined,
                    &quot;setup-interval&quot; =&gt; undefined,
                    &quot;thread-pool-max-size&quot; =&gt; 30,
                    &quot;transaction&quot; =&gt; &quot;local&quot;,
                    &quot;transaction-batch-size&quot; =&gt; 1048576,
                    &quot;use-auto-recovery&quot; =&gt; true,
                    &quot;use-global-pools&quot; =&gt; true,
                    &quot;use-jndi&quot; =&gt; undefined,
                    &quot;use-local-tx&quot; =&gt; undefined,
                    &quot;user&quot; =&gt; &quot;alice&quot;
                },
                &quot;hornetq-ra-none&quot; =&gt; {
                    &quot;auto-group&quot; =&gt; false,
                    &quot;block-on-acknowledge&quot; =&gt; false,
                    &quot;block-on-durable-send&quot; =&gt; true,
                    &quot;block-on-non-durable-send&quot; =&gt; false,
                    &quot;cache-large-message-client&quot; =&gt; false,
                    &quot;call-failover-timeout&quot; =&gt; -1L,
                    &quot;call-timeout&quot; =&gt; 30000L,
                    &quot;client-failure-check-period&quot; =&gt; 30000L,
                    &quot;client-id&quot; =&gt; undefined,
                    &quot;compress-large-messages&quot; =&gt; false,
                    &quot;confirmation-window-size&quot; =&gt; -1,
                    &quot;connection-load-balancing-policy-class-name&quot; =&gt; &quot;org.hornetq.api.core.client.loadbalance.RoundRobinConnectionLoadBalancingPolicy&quot;,
                    &quot;connection-ttl&quot; =&gt; 60000L,
                    &quot;connector&quot; =&gt; {&quot;in-vm&quot; =&gt; undefined},
                    &quot;consumer-max-rate&quot; =&gt; -1,
                    &quot;consumer-window-size&quot; =&gt; 1048576,
                    &quot;discovery-group-name&quot; =&gt; undefined,
                    &quot;discovery-initial-wait-timeout&quot; =&gt; undefined,
                    &quot;dups-ok-batch-size&quot; =&gt; 1048576,
                    &quot;entries&quot; =&gt; [&quot;java:/JmsNone&quot;],
                    &quot;failover-on-initial-connection&quot; =&gt; false,
                    &quot;failover-on-server-shutdown&quot; =&gt; undefined,
                    &quot;group-id&quot; =&gt; undefined,
                    &quot;ha&quot; =&gt; false,
                    &quot;initial-connect-attempts&quot; =&gt; 1,
                    &quot;initial-message-packet-size&quot; =&gt; 1500,
                    &quot;jndi-params&quot; =&gt; undefined,
                    &quot;max-pool-size&quot; =&gt; -1,
                    &quot;max-retry-interval&quot; =&gt; 2000L,
                    &quot;min-large-message-size&quot; =&gt; 102400,
                    &quot;min-pool-size&quot; =&gt; -1,
                    &quot;password&quot; =&gt; &quot;alicepassword&quot;,
                    &quot;pre-acknowledge&quot; =&gt; false,
                    &quot;producer-max-rate&quot; =&gt; -1,
                    &quot;producer-window-size&quot; =&gt; 65536,
                    &quot;reconnect-attempts&quot; =&gt; -1,
                    &quot;retry-interval&quot; =&gt; 2000L,
                    &quot;retry-interval-multiplier&quot; =&gt; 1.0,
                    &quot;scheduled-thread-pool-max-size&quot; =&gt; 5,
                    &quot;setup-attempts&quot; =&gt; undefined,
                    &quot;setup-interval&quot; =&gt; undefined,
                    &quot;thread-pool-max-size&quot; =&gt; 30,
                    &quot;transaction&quot; =&gt; &quot;none&quot;,
                    &quot;transaction-batch-size&quot; =&gt; 1048576,
                    &quot;use-auto-recovery&quot; =&gt; true,
                    &quot;use-global-pools&quot; =&gt; true,
                    &quot;use-jndi&quot; =&gt; undefined,
                    &quot;use-local-tx&quot; =&gt; undefined,
                    &quot;user&quot; =&gt; &quot;alice&quot;
                }
            },
            &quot;queue&quot; =&gt; {
                &quot;coreQueueA&quot; =&gt; {
                    &quot;durable&quot; =&gt; true,
                    &quot;filter&quot; =&gt; &quot;afilter&quot;,
                    &quot;queue-address&quot; =&gt; &quot;addressA&quot;
                },
                &quot;coreQueueB&quot; =&gt; {
                    &quot;durable&quot; =&gt; true,
                    &quot;filter&quot; =&gt; undefined,
                    &quot;queue-address&quot; =&gt; &quot;addressB&quot;
                }
            },
            &quot;remote-acceptor&quot; =&gt; {
                &quot;netty&quot; =&gt; {
                    &quot;param&quot; =&gt; undefined,
                    &quot;socket-binding&quot; =&gt; &quot;messaging&quot;
                },
                &quot;netty-throughput&quot; =&gt; {
                    &quot;socket-binding&quot; =&gt; &quot;messaging-throughput&quot;,
                    &quot;param&quot; =&gt; {
                        &quot;batch-delay&quot; =&gt; {&quot;value&quot; =&gt; &quot;50&quot;},
                        &quot;direct-deliver&quot; =&gt; {&quot;value&quot; =&gt; &quot;false&quot;}
                    }
                }
            },
            &quot;remote-connector&quot; =&gt; {
                &quot;netty&quot; =&gt; {
                    &quot;param&quot; =&gt; undefined,
                    &quot;socket-binding&quot; =&gt; &quot;messaging&quot;
                },
                &quot;netty-throughput&quot; =&gt; {
                    &quot;socket-binding&quot; =&gt; &quot;messaging-throughput&quot;,
                    &quot;param&quot; =&gt; {&quot;batch-delay&quot; =&gt; {&quot;value&quot; =&gt; &quot;50&quot;}}
                }
            },
            &quot;security-setting&quot; =&gt; {&quot;#&quot; =&gt; {&quot;role&quot; =&gt; {
                &quot;guest&quot; =&gt; {
                    &quot;consume&quot; =&gt; true,
                    &quot;create-durable-queue&quot; =&gt; false,
                    &quot;create-non-durable-queue&quot; =&gt; true,
                    &quot;delete-durable-queue&quot; =&gt; false,
                    &quot;delete-non-durable-queue&quot; =&gt; true,
                    &quot;manage&quot; =&gt; false,
                    &quot;send&quot; =&gt; true
                },
                &quot;adming&quot; =&gt; {
                    &quot;consume&quot; =&gt; false,
                    &quot;create-durable-queue&quot; =&gt; false,
                    &quot;create-non-durable-queue&quot; =&gt; false,
                    &quot;delete-durable-queue&quot; =&gt; false,
                    &quot;delete-non-durable-queue&quot; =&gt; false,
                    &quot;manage&quot; =&gt; true,
                    &quot;send&quot; =&gt; false
                }
            }}}
        },
        &quot;empty&quot; =&gt; {
            &quot;acceptor&quot; =&gt; undefined,
            &quot;address-setting&quot; =&gt; undefined,
            &quot;allow-failback&quot; =&gt; true,
            &quot;async-connection-execution-enabled&quot; =&gt; true,
            &quot;backup&quot; =&gt; false,
            &quot;backup-group-name&quot; =&gt; undefined,
            &quot;bridge&quot; =&gt; undefined,
            &quot;broadcast-group&quot; =&gt; undefined,
            &quot;check-for-live-server&quot; =&gt; false,
            &quot;cluster-connection&quot; =&gt; undefined,
            &quot;cluster-password&quot; =&gt; &quot;CHANGE ME!!&quot;,
            &quot;cluster-user&quot; =&gt; &quot;HORNETQ.CLUSTER.ADMIN.USER&quot;,
            &quot;clustered&quot; =&gt; false,
            &quot;connection-factory&quot; =&gt; undefined,
            &quot;connection-ttl-override&quot; =&gt; -1L,
            &quot;connector&quot; =&gt; undefined,
            &quot;connector-service&quot; =&gt; undefined,
            &quot;create-bindings-dir&quot; =&gt; true,
            &quot;create-journal-dir&quot; =&gt; true,
            &quot;discovery-group&quot; =&gt; undefined,
            &quot;divert&quot; =&gt; undefined,
            &quot;failback-delay&quot; =&gt; 5000L,
            &quot;failover-on-shutdown&quot; =&gt; false,
            &quot;grouping-handler&quot; =&gt; undefined,
            &quot;id-cache-size&quot; =&gt; 20000,
            &quot;in-vm-acceptor&quot; =&gt; undefined,
            &quot;in-vm-connector&quot; =&gt; undefined,
            &quot;jms-queue&quot; =&gt; undefined,
            &quot;jms-topic&quot; =&gt; undefined,
            &quot;jmx-domain&quot; =&gt; &quot;org.hornetq&quot;,
            &quot;jmx-management-enabled&quot; =&gt; false,
            &quot;journal-buffer-size&quot; =&gt; undefined,
            &quot;journal-buffer-timeout&quot; =&gt; undefined,
            &quot;journal-compact-min-files&quot; =&gt; 10,
            &quot;journal-compact-percentage&quot; =&gt; 30,
            &quot;journal-file-size&quot; =&gt; 10485760,
            &quot;journal-max-io&quot; =&gt; undefined,
            &quot;journal-min-files&quot; =&gt; 2,
            &quot;journal-sync-non-transactional&quot; =&gt; true,
            &quot;journal-sync-transactional&quot; =&gt; true,
            &quot;journal-type&quot; =&gt; &quot;ASYNCIO&quot;,
            &quot;log-journal-write-rate&quot; =&gt; false,
            &quot;management-address&quot; =&gt; &quot;jms.queue.hornetq.management&quot;,
            &quot;management-notification-address&quot; =&gt; &quot;hornetq.notifications&quot;,
            &quot;memory-measure-interval&quot; =&gt; -1L,
            &quot;memory-warning-threshold&quot; =&gt; 25,
            &quot;message-counter-enabled&quot; =&gt; false,
            &quot;message-counter-max-day-history&quot; =&gt; 10,
            &quot;message-counter-sample-period&quot; =&gt; 10000L,
            &quot;message-expiry-scan-period&quot; =&gt; 30000L,
            &quot;message-expiry-thread-priority&quot; =&gt; 3,
            &quot;page-max-concurrent-io&quot; =&gt; 5,
            &quot;path&quot; =&gt; undefined,
            &quot;perf-blast-pages&quot; =&gt; -1,
            &quot;persist-delivery-count-before-delivery&quot; =&gt; false,
            &quot;persist-id-cache&quot; =&gt; true,
            &quot;persistence-enabled&quot; =&gt; true,
            &quot;pooled-connection-factory&quot; =&gt; undefined,
            &quot;queue&quot; =&gt; undefined,
            &quot;remote-acceptor&quot; =&gt; undefined,
            &quot;remote-connector&quot; =&gt; undefined,
            &quot;remoting-incoming-interceptors&quot; =&gt; undefined,
            &quot;remoting-interceptors&quot; =&gt; undefined,
            &quot;remoting-outgoing-interceptors&quot; =&gt; undefined,
            &quot;replication-clustername&quot; =&gt; undefined,
            &quot;run-sync-speed-test&quot; =&gt; false,
            &quot;runtime-queue&quot; =&gt; undefined,
            &quot;scheduled-thread-pool-max-size&quot; =&gt; 5,
            &quot;security-domain&quot; =&gt; &quot;other&quot;,
            &quot;security-enabled&quot; =&gt; true,
            &quot;security-invalidation-interval&quot; =&gt; 10000L,
            &quot;security-setting&quot; =&gt; undefined,
            &quot;server-dump-interval&quot; =&gt; -1L,
            &quot;shared-store&quot; =&gt; true,
            &quot;thread-pool-max-size&quot; =&gt; 30,
            &quot;transaction-timeout&quot; =&gt; 300000L,
            &quot;transaction-timeout-scan-period&quot; =&gt; 1000L,
            &quot;wild-card-routing-enabled&quot; =&gt; true
        }
    }
}
SubsystemTestDelegate.checkSubsystemModelTransformation: transformed
{
    &quot;jms-bridge&quot; =&gt; undefined,
    &quot;hornetq-server&quot; =&gt; {
        &quot;default&quot; =&gt; {
            &quot;allow-failback&quot; =&gt; false,
            &quot;async-connection-execution-enabled&quot; =&gt; false,
            &quot;backup&quot; =&gt; false,
            &quot;backup-group-name&quot; =&gt; undefined,
            &quot;check-for-live-server&quot; =&gt; false,
            &quot;cluster-password&quot; =&gt; expression &quot;${messaging.cluster.user.password}&quot;,
            &quot;cluster-user&quot; =&gt; expression &quot;${messaging.cluster.user.name}&quot;,
            &quot;clustered&quot; =&gt; false,
            &quot;connection-ttl-override&quot; =&gt; 5432L,
            &quot;create-bindings-dir&quot; =&gt; false,
            &quot;create-journal-dir&quot; =&gt; true,
            &quot;failback-delay&quot; =&gt; 9876L,
            &quot;failover-on-shutdown&quot; =&gt; true,
            &quot;id-cache-size&quot; =&gt; 102030,
            &quot;jmx-domain&quot; =&gt; &quot;my.jmx.domain&quot;,
            &quot;jmx-management-enabled&quot; =&gt; false,
            &quot;journal-buffer-size&quot; =&gt; 2468L,
            &quot;journal-buffer-timeout&quot; =&gt; 1357L,
            &quot;journal-compact-min-files&quot; =&gt; 2,
            &quot;journal-compact-percentage&quot; =&gt; 83,
            &quot;journal-file-size&quot; =&gt; 102400L,
            &quot;journal-max-io&quot; =&gt; 50,
            &quot;journal-min-files&quot; =&gt; 2,
            &quot;journal-sync-non-transactional&quot; =&gt; true,
            &quot;journal-sync-transactional&quot; =&gt; false,
            &quot;journal-type&quot; =&gt; &quot;NIO&quot;,
            &quot;log-journal-write-rate&quot; =&gt; true,
            &quot;management-address&quot; =&gt; &quot;my.management.address&quot;,
            &quot;management-notification-address&quot; =&gt; &quot;my.management.notif.address&quot;,
            &quot;memory-measure-interval&quot; =&gt; 2048L,
            &quot;memory-warning-threshold&quot; =&gt; 1024,
            &quot;message-counter-enabled&quot; =&gt; true,
            &quot;message-counter-max-day-history&quot; =&gt; 23,
            &quot;message-counter-sample-period&quot; =&gt; 7654L,
            &quot;message-expiry-scan-period&quot; =&gt; 7654L,
            &quot;message-expiry-thread-priority&quot; =&gt; 7,
            &quot;page-max-concurrent-io&quot; =&gt; 10,
            &quot;perf-blast-pages&quot; =&gt; 70,
            &quot;persist-delivery-count-before-delivery&quot; =&gt; true,
            &quot;persist-id-cache&quot; =&gt; false,
            &quot;persistence-enabled&quot; =&gt; false,
            &quot;remoting-incoming-interceptors&quot; =&gt; undefined,
            &quot;remoting-interceptors&quot; =&gt; [
                &quot;foo.bar&quot;,
                &quot;bar.foo&quot;
            ],
            &quot;remoting-outgoing-interceptors&quot; =&gt; undefined,
            &quot;replication-clustername&quot; =&gt; undefined,
            &quot;run-sync-speed-test&quot; =&gt; false,
            &quot;runtime-queue&quot; =&gt; undefined,
            &quot;scheduled-thread-pool-max-size&quot; =&gt; expression &quot;${messaging.scheduled.thread.pool.max.size:6}&quot;,
            &quot;security-domain&quot; =&gt; &quot;someDomain&quot;,
            &quot;security-enabled&quot; =&gt; false,
            &quot;security-invalidation-interval&quot; =&gt; 1234L,
            &quot;server-dump-interval&quot; =&gt; 8642L,
            &quot;shared-store&quot; =&gt; true,
            &quot;thread-pool-max-size&quot; =&gt; expression &quot;${messaging.thread.pool.max.size:5}&quot;,
            &quot;transaction-timeout&quot; =&gt; 4321L,
            &quot;transaction-timeout-scan-period&quot; =&gt; 5432L,
            &quot;wild-card-routing-enabled&quot; =&gt; false,
            &quot;acceptor&quot; =&gt; {&quot;myacceptor&quot; =&gt; {
                &quot;factory-class&quot; =&gt; &quot;org.hornetq.core.remoting.impl.netty.NettyAcceptorFactory&quot;,
                &quot;socket-binding&quot; =&gt; undefined,
                &quot;param&quot; =&gt; {&quot;batch-delay&quot; =&gt; {&quot;value&quot; =&gt; &quot;50&quot;}}
            }},
            &quot;address-setting&quot; =&gt; {&quot;#&quot; =&gt; {
                &quot;address-full-policy&quot; =&gt; &quot;BLOCK&quot;,
                &quot;dead-letter-address&quot; =&gt; &quot;jms.queue.DLQ&quot;,
                &quot;expiry-address&quot; =&gt; &quot;jms.queue.ExpiryQueue&quot;,
                &quot;last-value-queue&quot; =&gt; false,
                &quot;max-delivery-attempts&quot; =&gt; 5,
                &quot;max-size-bytes&quot; =&gt; 10485760L,
                &quot;message-counter-history-day-limit&quot; =&gt; 10,
                &quot;page-max-cache-size&quot; =&gt; 7,
                &quot;page-size-bytes&quot; =&gt; 10485760L,
                &quot;redelivery-delay&quot; =&gt; 0L,
                &quot;redistribution-delay&quot; =&gt; 0L,
                &quot;send-to-dla-on-no-route&quot; =&gt; false
            }},
            &quot;bridge&quot; =&gt; {
                &quot;bridge1&quot; =&gt; {
                    &quot;check-period&quot; =&gt; 666L,
                    &quot;confirmation-window-size&quot; =&gt; 350,
                    &quot;connection-ttl&quot; =&gt; 36000L,
                    &quot;discovery-group-name&quot; =&gt; undefined,
                    &quot;filter&quot; =&gt; &quot;afilter&quot;,
                    &quot;forwarding-address&quot; =&gt; &quot;forwardingaddress1&quot;,
                    &quot;ha&quot; =&gt; true,
                    &quot;max-retry-interval&quot; =&gt; 3000L,
                    &quot;min-large-message-size&quot; =&gt; 10240,
                    &quot;password&quot; =&gt; expression &quot;${password:secret}&quot;,
                    &quot;queue-name&quot; =&gt; &quot;coreQueueA&quot;,
                    &quot;reconnect-attempts&quot; =&gt; 3,
                    &quot;retry-interval&quot; =&gt; 750L,
                    &quot;retry-interval-multiplier&quot; =&gt; big decimal 2,
                    &quot;static-connectors&quot; =&gt; [
                        &quot;in-vm&quot;,
                        &quot;netty&quot;
                    ],
                    &quot;transformer-class-name&quot; =&gt; &quot;foo.bar&quot;,
                    &quot;use-duplicate-detection&quot; =&gt; true,
                    &quot;user&quot; =&gt; expression &quot;${user:Brian}&quot;
                },
                &quot;bridge2&quot; =&gt; {
                    &quot;check-period&quot; =&gt; 30000L,
                    &quot;confirmation-window-size&quot; =&gt; 1048576,
                    &quot;connection-ttl&quot; =&gt; 60000L,
                    &quot;discovery-group-name&quot; =&gt; &quot;groupC&quot;,
                    &quot;filter&quot; =&gt; undefined,
                    &quot;forwarding-address&quot; =&gt; undefined,
                    &quot;ha&quot; =&gt; false,
                    &quot;max-retry-interval&quot; =&gt; 2000L,
                    &quot;min-large-message-size&quot; =&gt; 102400,
                    &quot;password&quot; =&gt; &quot;CHANGE ME!!&quot;,
                    &quot;queue-name&quot; =&gt; &quot;coreQueueB&quot;,
                    &quot;reconnect-attempts&quot; =&gt; -1,
                    &quot;retry-interval&quot; =&gt; 2000L,
                    &quot;retry-interval-multiplier&quot; =&gt; 1.0,
                    &quot;static-connectors&quot; =&gt; undefined,
                    &quot;transformer-class-name&quot; =&gt; undefined,
                    &quot;use-duplicate-detection&quot; =&gt; true,
                    &quot;user&quot; =&gt; &quot;HORNETQ.CLUSTER.ADMIN.USER&quot;
                }
            },
            &quot;broadcast-group&quot; =&gt; {
                &quot;groupA&quot; =&gt; {
                    &quot;broadcast-period&quot; =&gt; 2500L,
                    &quot;connectors&quot; =&gt; [
                        &quot;netty&quot;,
                        &quot;netty-throughput&quot;
                    ],
                    &quot;group-address&quot; =&gt; &quot;224.0.1.105&quot;,
                    &quot;group-port&quot; =&gt; 23456,
                    &quot;local-bind-address&quot; =&gt; &quot;localhost&quot;,
                    &quot;local-bind-port&quot; =&gt; 12345
                },
                &quot;groupB&quot; =&gt; {
                    &quot;broadcast-period&quot; =&gt; 2000L,
                    &quot;group-address&quot; =&gt; &quot;224.0.1.105&quot;,
                    &quot;group-port&quot; =&gt; 34567,
                    &quot;local-bind-port&quot; =&gt; -1
                },
                &quot;groupS&quot; =&gt; {
                    &quot;broadcast-period&quot; =&gt; 2000L,
                    &quot;local-bind-port&quot; =&gt; -1,
                    &quot;socket-binding&quot; =&gt; &quot;group-s-binding&quot;
                }
            },
            &quot;cluster-connection&quot; =&gt; {
                &quot;cc1&quot; =&gt; {
                    &quot;allow-direct-connections-only&quot; =&gt; false,
                    &quot;call-failover-timeout&quot; =&gt; -1L,
                    &quot;call-timeout&quot; =&gt; 3456L,
                    &quot;check-period&quot; =&gt; 2345L,
                    &quot;cluster-connection-address&quot; =&gt; &quot;cc1-address&quot;,
                    &quot;confirmation-window-size&quot; =&gt; 459,
                    &quot;connection-ttl&quot; =&gt; 1234L,
                    &quot;connector-ref&quot; =&gt; &quot;netty&quot;,
                    &quot;discovery-group-name&quot; =&gt; undefined,
                    &quot;forward-when-no-consumers&quot; =&gt; true,
                    &quot;max-hops&quot; =&gt; 7,
                    &quot;max-retry-interval&quot; =&gt; 3600L,
                    &quot;min-large-message-size&quot; =&gt; 10245,
                    &quot;notification-attempts&quot; =&gt; 2,
                    &quot;notification-interval&quot; =&gt; 1000L,
                    &quot;reconnect-attempts&quot; =&gt; -1,
                    &quot;retry-interval&quot; =&gt; 987L,
                    &quot;retry-interval-multiplier&quot; =&gt; big decimal 3.0,
                    &quot;static-connectors&quot; =&gt; [
                        &quot;in-vm&quot;,
                        &quot;netty&quot;
                    ],
                    &quot;use-duplicate-detection&quot; =&gt; true
                },
                &quot;cc2&quot; =&gt; {
                    &quot;allow-direct-connections-only&quot; =&gt; true,
                    &quot;call-failover-timeout&quot; =&gt; -1L,
                    &quot;call-timeout&quot; =&gt; 30000L,
                    &quot;check-period&quot; =&gt; 30000L,
                    &quot;cluster-connection-address&quot; =&gt; &quot;cc2-address&quot;,
                    &quot;confirmation-window-size&quot; =&gt; 1048576,
                    &quot;connection-ttl&quot; =&gt; 60000L,
                    &quot;connector-ref&quot; =&gt; &quot;netty&quot;,
                    &quot;discovery-group-name&quot; =&gt; undefined,
                    &quot;forward-when-no-consumers&quot; =&gt; false,
                    &quot;max-hops&quot; =&gt; 1,
                    &quot;max-retry-interval&quot; =&gt; 2000L,
                    &quot;min-large-message-size&quot; =&gt; 102400,
                    &quot;notification-attempts&quot; =&gt; 2,
                    &quot;notification-interval&quot; =&gt; 1000L,
                    &quot;reconnect-attempts&quot; =&gt; -1,
                    &quot;retry-interval&quot; =&gt; 500L,
                    &quot;retry-interval-multiplier&quot; =&gt; 1.0,
                    &quot;static-connectors&quot; =&gt; [
                        &quot;in-vm&quot;,
                        &quot;netty&quot;
                    ],
                    &quot;use-duplicate-detection&quot; =&gt; true
                },
                &quot;cc3&quot; =&gt; {
                    &quot;allow-direct-connections-only&quot; =&gt; false,
                    &quot;call-failover-timeout&quot; =&gt; -1L,
                    &quot;call-timeout&quot; =&gt; 30000L,
                    &quot;check-period&quot; =&gt; 30000L,
                    &quot;cluster-connection-address&quot; =&gt; &quot;cc3-address&quot;,
                    &quot;confirmation-window-size&quot; =&gt; 1048576,
                    &quot;connection-ttl&quot; =&gt; 60000L,
                    &quot;connector-ref&quot; =&gt; &quot;netty&quot;,
                    &quot;discovery-group-name&quot; =&gt; &quot;groupC&quot;,
                    &quot;forward-when-no-consumers&quot; =&gt; false,
                    &quot;max-hops&quot; =&gt; 1,
                    &quot;max-retry-interval&quot; =&gt; 2000L,
                    &quot;min-large-message-size&quot; =&gt; 102400,
                    &quot;notification-attempts&quot; =&gt; 2,
                    &quot;notification-interval&quot; =&gt; 1000L,
                    &quot;reconnect-attempts&quot; =&gt; -1,
                    &quot;retry-interval&quot; =&gt; 500L,
                    &quot;retry-interval-multiplier&quot; =&gt; 1.0,
                    &quot;static-connectors&quot; =&gt; undefined,
                    &quot;use-duplicate-detection&quot; =&gt; true
                },
                &quot;cc4&quot; =&gt; {
                    &quot;allow-direct-connections-only&quot; =&gt; false,
                    &quot;call-failover-timeout&quot; =&gt; -1L,
                    &quot;call-timeout&quot; =&gt; 30000L,
                    &quot;check-period&quot; =&gt; 30000L,
                    &quot;cluster-connection-address&quot; =&gt; &quot;cc4-address&quot;,
                    &quot;confirmation-window-size&quot; =&gt; 1048576,
                    &quot;connection-ttl&quot; =&gt; 60000L,
                    &quot;connector-ref&quot; =&gt; &quot;netty-throughput&quot;,
                    &quot;discovery-group-name&quot; =&gt; undefined,
                    &quot;forward-when-no-consumers&quot; =&gt; false,
                    &quot;max-hops&quot; =&gt; 1,
                    &quot;max-retry-interval&quot; =&gt; 2000L,
                    &quot;min-large-message-size&quot; =&gt; 102400,
                    &quot;notification-attempts&quot; =&gt; 2,
                    &quot;notification-interval&quot; =&gt; 1000L,
                    &quot;reconnect-attempts&quot; =&gt; -1,
                    &quot;retry-interval&quot; =&gt; 500L,
                    &quot;retry-interval-multiplier&quot; =&gt; 1.0,
                    &quot;static-connectors&quot; =&gt; [
                        &quot;in-vm&quot;,
                        &quot;netty&quot;
                    ],
                    &quot;use-duplicate-detection&quot; =&gt; true
                },
                &quot;cc5&quot; =&gt; {
                    &quot;allow-direct-connections-only&quot; =&gt; false,
                    &quot;call-failover-timeout&quot; =&gt; -1L,
                    &quot;call-timeout&quot; =&gt; 30000L,
                    &quot;check-period&quot; =&gt; 30000L,
                    &quot;cluster-connection-address&quot; =&gt; &quot;cc3-address&quot;,
                    &quot;confirmation-window-size&quot; =&gt; 1048576,
                    &quot;connection-ttl&quot; =&gt; 60000L,
                    &quot;connector-ref&quot; =&gt; &quot;netty&quot;,
                    &quot;discovery-group-name&quot; =&gt; undefined,
                    &quot;forward-when-no-consumers&quot; =&gt; false,
                    &quot;max-hops&quot; =&gt; 1,
                    &quot;max-retry-interval&quot; =&gt; 2000L,
                    &quot;min-large-message-size&quot; =&gt; 102400,
                    &quot;notification-attempts&quot; =&gt; 2,
                    &quot;notification-interval&quot; =&gt; 1000L,
                    &quot;reconnect-attempts&quot; =&gt; -1,
                    &quot;retry-interval&quot; =&gt; 500L,
                    &quot;retry-interval-multiplier&quot; =&gt; 1.0,
                    &quot;static-connectors&quot; =&gt; undefined,
                    &quot;use-duplicate-detection&quot; =&gt; true
                }
            },
            &quot;connection-factory&quot; =&gt; {
                &quot;InVmConnectionFactory&quot; =&gt; {
                    &quot;auto-group&quot; =&gt; false,
                    &quot;block-on-acknowledge&quot; =&gt; false,
                    &quot;block-on-durable-send&quot; =&gt; true,
                    &quot;block-on-non-durable-send&quot; =&gt; false,
                    &quot;cache-large-message-client&quot; =&gt; false,
                    &quot;call-failover-timeout&quot; =&gt; -1L,
                    &quot;call-timeout&quot; =&gt; 30000L,
                    &quot;client-failure-check-period&quot; =&gt; 30000L,
                    &quot;client-id&quot; =&gt; undefined,
                    &quot;compress-large-messages&quot; =&gt; false,
                    &quot;confirmation-window-size&quot; =&gt; -1,
                    &quot;connection-load-balancing-policy-class-name&quot; =&gt; &quot;org.hornetq.api.core.client.loadbalance.RoundRobinConnectionLoadBalancingPolicy&quot;,
                    &quot;connection-ttl&quot; =&gt; 60000L,
                    &quot;connector&quot; =&gt; {&quot;in-vm&quot; =&gt; undefined},
                    &quot;consumer-max-rate&quot; =&gt; -1,
                    &quot;consumer-window-size&quot; =&gt; 1048576,
                    &quot;discovery-group-name&quot; =&gt; undefined,
                    &quot;discovery-initial-wait-timeout&quot; =&gt; undefined,
                    &quot;dups-ok-batch-size&quot; =&gt; 1048576,
                    &quot;entries&quot; =&gt; [&quot;java:/ConnectionFactory&quot;],
                    &quot;factory-type&quot; =&gt; &quot;GENERIC&quot;,
                    &quot;failover-on-initial-connection&quot; =&gt; false,
                    &quot;failover-on-server-shutdown&quot; =&gt; undefined,
                    &quot;group-id&quot; =&gt; undefined,
                    &quot;ha&quot; =&gt; false,
                    &quot;max-retry-interval&quot; =&gt; 2000L,
                    &quot;min-large-message-size&quot; =&gt; 102400,
                    &quot;pre-acknowledge&quot; =&gt; false,
                    &quot;producer-max-rate&quot; =&gt; -1,
                    &quot;producer-window-size&quot; =&gt; 65536,
                    &quot;reconnect-attempts&quot; =&gt; 0,
                    &quot;retry-interval&quot; =&gt; 2000L,
                    &quot;retry-interval-multiplier&quot; =&gt; 1.0,
                    &quot;scheduled-thread-pool-max-size&quot; =&gt; 5,
                    &quot;thread-pool-max-size&quot; =&gt; 30,
                    &quot;transaction-batch-size&quot; =&gt; 1048576,
                    &quot;use-global-pools&quot; =&gt; true
                },
                &quot;RemoteConnectionFactory&quot; =&gt; {
                    &quot;auto-group&quot; =&gt; false,
                    &quot;block-on-acknowledge&quot; =&gt; false,
                    &quot;block-on-durable-send&quot; =&gt; true,
                    &quot;block-on-non-durable-send&quot; =&gt; false,
                    &quot;cache-large-message-client&quot; =&gt; false,
                    &quot;call-failover-timeout&quot; =&gt; -1L,
                    &quot;call-timeout&quot; =&gt; 30000L,
                    &quot;client-failure-check-period&quot; =&gt; 30000L,
                    &quot;client-id&quot; =&gt; &quot;testClient&quot;,
                    &quot;compress-large-messages&quot; =&gt; false,
                    &quot;confirmation-window-size&quot; =&gt; -1,
                    &quot;connection-load-balancing-policy-class-name&quot; =&gt; &quot;org.hornetq.api.core.client.loadbalance.RoundRobinConnectionLoadBalancingPolicy&quot;,
                    &quot;connection-ttl&quot; =&gt; 60000L,
                    &quot;connector&quot; =&gt; {&quot;netty&quot; =&gt; undefined},
                    &quot;consumer-max-rate&quot; =&gt; -1,
                    &quot;consumer-window-size&quot; =&gt; 1048576,
                    &quot;discovery-group-name&quot; =&gt; undefined,
                    &quot;discovery-initial-wait-timeout&quot; =&gt; undefined,
                    &quot;dups-ok-batch-size&quot; =&gt; 1048576,
                    &quot;entries&quot; =&gt; [&quot;RemoteConnectionFactory&quot;],
                    &quot;factory-type&quot; =&gt; &quot;XA_QUEUE&quot;,
                    &quot;failover-on-initial-connection&quot; =&gt; false,
                    &quot;failover-on-server-shutdown&quot; =&gt; undefined,
                    &quot;group-id&quot; =&gt; undefined,
                    &quot;ha&quot; =&gt; false,
                    &quot;max-retry-interval&quot; =&gt; 2000L,
                    &quot;min-large-message-size&quot; =&gt; 102400,
                    &quot;pre-acknowledge&quot; =&gt; false,
                    &quot;producer-max-rate&quot; =&gt; -1,
                    &quot;producer-window-size&quot; =&gt; 65536,
                    &quot;reconnect-attempts&quot; =&gt; 0,
                    &quot;retry-interval&quot; =&gt; 2000L,
                    &quot;retry-interval-multiplier&quot; =&gt; 1.0,
                    &quot;scheduled-thread-pool-max-size&quot; =&gt; 5,
                    &quot;thread-pool-max-size&quot; =&gt; 30,
                    &quot;transaction-batch-size&quot; =&gt; 1048576,
                    &quot;use-global-pools&quot; =&gt; true
                },
                &quot;otherConnectionFactory&quot; =&gt; {
                    &quot;auto-group&quot; =&gt; true,
                    &quot;block-on-acknowledge&quot; =&gt; false,
                    &quot;block-on-durable-send&quot; =&gt; false,
                    &quot;block-on-non-durable-send&quot; =&gt; false,
                    &quot;cache-large-message-client&quot; =&gt; false,
                    &quot;call-failover-timeout&quot; =&gt; -1L,
                    &quot;call-timeout&quot; =&gt; 123L,
                    &quot;client-failure-check-period&quot; =&gt; 12345L,
                    &quot;client-id&quot; =&gt; &quot;myClientID&quot;,
                    &quot;compress-large-messages&quot; =&gt; false,
                    &quot;confirmation-window-size&quot; =&gt; -1,
                    &quot;connection-load-balancing-policy-class-name&quot; =&gt; &quot;not.a.real.Class&quot;,
                    &quot;connection-ttl&quot; =&gt; 56789L,
                    &quot;connector&quot; =&gt; undefined,
                    &quot;consumer-max-rate&quot; =&gt; 789,
                    &quot;consumer-window-size&quot; =&gt; 456,
                    &quot;discovery-group-name&quot; =&gt; &quot;groupC&quot;,
                    &quot;discovery-initial-wait-timeout&quot; =&gt; undefined,
                    &quot;dups-ok-batch-size&quot; =&gt; 256,
                    &quot;entries&quot; =&gt; [&quot;otherConnectionFactory&quot;],
                    &quot;factory-type&quot; =&gt; &quot;GENERIC&quot;,
                    &quot;failover-on-initial-connection&quot; =&gt; true,
                    &quot;failover-on-server-shutdown&quot; =&gt; true,
                    &quot;group-id&quot; =&gt; &quot;myGroup&quot;,
                    &quot;ha&quot; =&gt; true,
                    &quot;max-retry-interval&quot; =&gt; 10000L,
                    &quot;min-large-message-size&quot; =&gt; 2048,
                    &quot;pre-acknowledge&quot; =&gt; true,
                    &quot;producer-max-rate&quot; =&gt; 1024,
                    &quot;producer-window-size&quot; =&gt; -1,
                    &quot;reconnect-attempts&quot; =&gt; 2,
                    &quot;retry-interval&quot; =&gt; 500L,
                    &quot;retry-interval-multiplier&quot; =&gt; big decimal 2.5,
                    &quot;scheduled-thread-pool-max-size&quot; =&gt; 24,
                    &quot;thread-pool-max-size&quot; =&gt; 48,
                    &quot;transaction-batch-size&quot; =&gt; 512,
                    &quot;use-global-pools&quot; =&gt; true
                }
            },
            &quot;connector&quot; =&gt; {&quot;myconnector&quot; =&gt; {
                &quot;factory-class&quot; =&gt; &quot;org.hornetq.core.remoting.impl.netty.NettyConnectorFactory&quot;,
                &quot;socket-binding&quot; =&gt; undefined,
                &quot;param&quot; =&gt; {
                    &quot;host&quot; =&gt; {&quot;value&quot; =&gt; &quot;192.168.1.2&quot;},
                    &quot;port&quot; =&gt; {&quot;value&quot; =&gt; &quot;5445&quot;}
                }
            }},
            &quot;connector-service&quot; =&gt; {
                &quot;a&quot; =&gt; {
                    &quot;factory-class&quot; =&gt; &quot;foo.bar&quot;,
                    &quot;param&quot; =&gt; undefined
                },
                &quot;b&quot; =&gt; {
                    &quot;factory-class&quot; =&gt; &quot;bar.foo&quot;,
                    &quot;param&quot; =&gt; {
                        &quot;foo&quot; =&gt; {&quot;value&quot; =&gt; &quot;bar&quot;},
                        &quot;bar&quot; =&gt; {&quot;value&quot; =&gt; &quot;2&quot;}
                    }
                }
            },
            &quot;discovery-group&quot; =&gt; {
                &quot;groupC&quot; =&gt; {
                    &quot;group-address&quot; =&gt; &quot;224.0.1.105&quot;,
                    &quot;group-port&quot; =&gt; 45678,
                    &quot;initial-wait-timeout&quot; =&gt; 7500L,
                    &quot;local-bind-address&quot; =&gt; &quot;localhost&quot;,
                    &quot;refresh-timeout&quot; =&gt; 3500L
                },
                &quot;groupD&quot; =&gt; {
                    &quot;group-address&quot; =&gt; &quot;224.0.1.105&quot;,
                    &quot;group-port&quot; =&gt; 56789,
                    &quot;initial-wait-timeout&quot; =&gt; 10000L,
                    &quot;refresh-timeout&quot; =&gt; 10000L
                },
                &quot;groupT&quot; =&gt; {
                    &quot;initial-wait-timeout&quot; =&gt; 10000L,
                    &quot;refresh-timeout&quot; =&gt; 10000L,
                    &quot;socket-binding&quot; =&gt; &quot;group-t-binding&quot;
                }
            },
            &quot;divert&quot; =&gt; {
                &quot;testDivert1&quot; =&gt; {
                    &quot;divert-address&quot; =&gt; &quot;address1&quot;,
                    &quot;exclusive&quot; =&gt; true,
                    &quot;filter&quot; =&gt; &quot;afilter&quot;,
                    &quot;forwarding-address&quot; =&gt; &quot;forwardingaddress1&quot;,
                    &quot;routing-name&quot; =&gt; &quot;routing&quot;,
                    &quot;transformer-class-name&quot; =&gt; &quot;org.jboss.test.Transformer&quot;
                },
                &quot;testDivert2&quot; =&gt; {
                    &quot;divert-address&quot; =&gt; &quot;address2&quot;,
                    &quot;exclusive&quot; =&gt; false,
                    &quot;filter&quot; =&gt; undefined,
                    &quot;forwarding-address&quot; =&gt; &quot;forwardingaddress2&quot;,
                    &quot;routing-name&quot; =&gt; undefined,
                    &quot;transformer-class-name&quot; =&gt; undefined
                }
            },
            &quot;grouping-handler&quot; =&gt; {&quot;grouping-handler&quot; =&gt; {
                &quot;grouping-handler-address&quot; =&gt; &quot;handler-address&quot;,
                &quot;timeout&quot; =&gt; 5000,
                &quot;type&quot; =&gt; &quot;LOCAL&quot;
            }},
            &quot;in-vm-acceptor&quot; =&gt; {&quot;in-vm&quot; =&gt; {
                &quot;server-id&quot; =&gt; 0,
                &quot;param&quot; =&gt; {&quot;direct-deliver&quot; =&gt; {&quot;value&quot; =&gt; &quot;true&quot;}}
            }},
            &quot;in-vm-connector&quot; =&gt; {&quot;in-vm&quot; =&gt; {
                &quot;param&quot; =&gt; undefined,
                &quot;server-id&quot; =&gt; 0
            }},
            &quot;jms-queue&quot; =&gt; {&quot;testQueue&quot; =&gt; {
                &quot;durable&quot; =&gt; true,
                &quot;entries&quot; =&gt; [&quot;queue/test&quot;],
                &quot;selector&quot; =&gt; &quot;color=&apos;red&apos;&quot;
            }},
            &quot;jms-topic&quot; =&gt; {&quot;testTopic&quot; =&gt; {&quot;entries&quot; =&gt; [&quot;topic/test&quot;]}},
            &quot;path&quot; =&gt; {
                &quot;paging-directory&quot; =&gt; {
                    &quot;path&quot; =&gt; &quot;test&quot;,
                    &quot;relative-to&quot; =&gt; &quot;test&quot;
                },
                &quot;bindings-directory&quot; =&gt; {
                    &quot;path&quot; =&gt; &quot;test&quot;,
                    &quot;relative-to&quot; =&gt; &quot;test&quot;
                },
                &quot;journal-directory&quot; =&gt; {
                    &quot;path&quot; =&gt; &quot;test&quot;,
                    &quot;relative-to&quot; =&gt; &quot;test&quot;
                },
                &quot;large-messages-directory&quot; =&gt; {
                    &quot;path&quot; =&gt; &quot;test&quot;,
                    &quot;relative-to&quot; =&gt; &quot;test&quot;
                }
            },
            &quot;pooled-connection-factory&quot; =&gt; {
                &quot;hornetq-ra&quot; =&gt; {
                    &quot;auto-group&quot; =&gt; true,
                    &quot;block-on-acknowledge&quot; =&gt; false,
                    &quot;block-on-durable-send&quot; =&gt; false,
                    &quot;block-on-non-durable-send&quot; =&gt; false,
                    &quot;cache-large-message-client&quot; =&gt; false,
                    &quot;call-failover-timeout&quot; =&gt; -1L,
                    &quot;call-timeout&quot; =&gt; 123L,
                    &quot;client-failure-check-period&quot; =&gt; 12345L,
                    &quot;client-id&quot; =&gt; &quot;myClientID&quot;,
                    &quot;compress-large-messages&quot; =&gt; false,
                    &quot;confirmation-window-size&quot; =&gt; -1,
                    &quot;connection-load-balancing-policy-class-name&quot; =&gt; &quot;not.a.real.Class&quot;,
                    &quot;connection-ttl&quot; =&gt; 56789L,
                    &quot;connector&quot; =&gt; {&quot;in-vm&quot; =&gt; undefined},
                    &quot;consumer-max-rate&quot; =&gt; 789,
                    &quot;consumer-window-size&quot; =&gt; 456,
                    &quot;discovery-group-name&quot; =&gt; undefined,
                    &quot;discovery-initial-wait-timeout&quot; =&gt; undefined,
                    &quot;dups-ok-batch-size&quot; =&gt; 256,
                    &quot;entries&quot; =&gt; [&quot;java:/JmsXA&quot;],
                    &quot;failover-on-initial-connection&quot; =&gt; true,
                    &quot;failover-on-server-shutdown&quot; =&gt; true,
                    &quot;group-id&quot; =&gt; &quot;myGroup&quot;,
                    &quot;ha&quot; =&gt; true,
                    &quot;initial-connect-attempts&quot; =&gt; 1,
                    &quot;initial-message-packet-size&quot; =&gt; 1500,
                    &quot;jndi-params&quot; =&gt; &quot;whatever&quot;,
                    &quot;max-pool-size&quot; =&gt; 242,
                    &quot;max-retry-interval&quot; =&gt; 10000L,
                    &quot;min-large-message-size&quot; =&gt; 2048,
                    &quot;min-pool-size&quot; =&gt; 42,
                    &quot;password&quot; =&gt; &quot;alicepassword&quot;,
                    &quot;pre-acknowledge&quot; =&gt; true,
                    &quot;producer-max-rate&quot; =&gt; 1024,
                    &quot;producer-window-size&quot; =&gt; -1,
                    &quot;reconnect-attempts&quot; =&gt; 2,
                    &quot;retry-interval&quot; =&gt; 500L,
                    &quot;retry-interval-multiplier&quot; =&gt; big decimal 2.5,
                    &quot;scheduled-thread-pool-max-size&quot; =&gt; 24,
                    &quot;setup-attempts&quot; =&gt; 123,
                    &quot;setup-interval&quot; =&gt; 456L,
                    &quot;thread-pool-max-size&quot; =&gt; 48,
                    &quot;transaction&quot; =&gt; &quot;xa&quot;,
                    &quot;transaction-batch-size&quot; =&gt; 512,
                    &quot;use-auto-recovery&quot; =&gt; true,
                    &quot;use-global-pools&quot; =&gt; true,
                    &quot;use-jndi&quot; =&gt; false,
                    &quot;use-local-tx&quot; =&gt; true,
                    &quot;user&quot; =&gt; &quot;alice&quot;
                },
                &quot;hornetq-ra-local&quot; =&gt; {
                    &quot;auto-group&quot; =&gt; false,
                    &quot;block-on-acknowledge&quot; =&gt; false,
                    &quot;block-on-durable-send&quot; =&gt; true,
                    &quot;block-on-non-durable-send&quot; =&gt; false,
                    &quot;cache-large-message-client&quot; =&gt; false,
                    &quot;call-failover-timeout&quot; =&gt; -1L,
                    &quot;call-timeout&quot; =&gt; 30000L,
                    &quot;client-failure-check-period&quot; =&gt; 30000L,
                    &quot;client-id&quot; =&gt; undefined,
                    &quot;compress-large-messages&quot; =&gt; false,
                    &quot;confirmation-window-size&quot; =&gt; -1,
                    &quot;connection-load-balancing-policy-class-name&quot; =&gt; &quot;org.hornetq.api.core.client.loadbalance.RoundRobinConnectionLoadBalancingPolicy&quot;,
                    &quot;connection-ttl&quot; =&gt; 60000L,
                    &quot;connector&quot; =&gt; {&quot;in-vm&quot; =&gt; undefined},
                    &quot;consumer-max-rate&quot; =&gt; -1,
                    &quot;consumer-window-size&quot; =&gt; 1048576,
                    &quot;discovery-group-name&quot; =&gt; undefined,
                    &quot;discovery-initial-wait-timeout&quot; =&gt; undefined,
                    &quot;dups-ok-batch-size&quot; =&gt; 1048576,
                    &quot;entries&quot; =&gt; [&quot;java:/JmsLocal&quot;],
                    &quot;failover-on-initial-connection&quot; =&gt; false,
                    &quot;failover-on-server-shutdown&quot; =&gt; undefined,
                    &quot;group-id&quot; =&gt; undefined,
                    &quot;ha&quot; =&gt; false,
                    &quot;initial-connect-attempts&quot; =&gt; 1,
                    &quot;initial-message-packet-size&quot; =&gt; 1500,
                    &quot;jndi-params&quot; =&gt; undefined,
                    &quot;max-pool-size&quot; =&gt; -1,
                    &quot;max-retry-interval&quot; =&gt; 2000L,
                    &quot;min-large-message-size&quot; =&gt; 102400,
                    &quot;min-pool-size&quot; =&gt; -1,
                    &quot;password&quot; =&gt; &quot;alicepassword&quot;,
                    &quot;pre-acknowledge&quot; =&gt; false,
                    &quot;producer-max-rate&quot; =&gt; -1,
                    &quot;producer-window-size&quot; =&gt; 65536,
                    &quot;reconnect-attempts&quot; =&gt; -1,
                    &quot;retry-interval&quot; =&gt; 2000L,
                    &quot;retry-interval-multiplier&quot; =&gt; 1.0,
                    &quot;scheduled-thread-pool-max-size&quot; =&gt; 5,
                    &quot;setup-attempts&quot; =&gt; undefined,
                    &quot;setup-interval&quot; =&gt; undefined,
                    &quot;thread-pool-max-size&quot; =&gt; 30,
                    &quot;transaction&quot; =&gt; &quot;local&quot;,
                    &quot;transaction-batch-size&quot; =&gt; 1048576,
                    &quot;use-auto-recovery&quot; =&gt; true,
                    &quot;use-global-pools&quot; =&gt; true,
                    &quot;use-jndi&quot; =&gt; undefined,
                    &quot;use-local-tx&quot; =&gt; undefined,
                    &quot;user&quot; =&gt; &quot;alice&quot;
                },
                &quot;hornetq-ra-none&quot; =&gt; {
                    &quot;auto-group&quot; =&gt; false,
                    &quot;block-on-acknowledge&quot; =&gt; false,
                    &quot;block-on-durable-send&quot; =&gt; true,
                    &quot;block-on-non-durable-send&quot; =&gt; false,
                    &quot;cache-large-message-client&quot; =&gt; false,
                    &quot;call-failover-timeout&quot; =&gt; -1L,
                    &quot;call-timeout&quot; =&gt; 30000L,
                    &quot;client-failure-check-period&quot; =&gt; 30000L,
                    &quot;client-id&quot; =&gt; undefined,
                    &quot;compress-large-messages&quot; =&gt; false,
                    &quot;confirmation-window-size&quot; =&gt; -1,
                    &quot;connection-load-balancing-policy-class-name&quot; =&gt; &quot;org.hornetq.api.core.client.loadbalance.RoundRobinConnectionLoadBalancingPolicy&quot;,
                    &quot;connection-ttl&quot; =&gt; 60000L,
                    &quot;connector&quot; =&gt; {&quot;in-vm&quot; =&gt; undefined},
                    &quot;consumer-max-rate&quot; =&gt; -1,
                    &quot;consumer-window-size&quot; =&gt; 1048576,
                    &quot;discovery-group-name&quot; =&gt; undefined,
                    &quot;discovery-initial-wait-timeout&quot; =&gt; undefined,
                    &quot;dups-ok-batch-size&quot; =&gt; 1048576,
                    &quot;entries&quot; =&gt; [&quot;java:/JmsNone&quot;],
                    &quot;failover-on-initial-connection&quot; =&gt; false,
                    &quot;failover-on-server-shutdown&quot; =&gt; undefined,
                    &quot;group-id&quot; =&gt; undefined,
                    &quot;ha&quot; =&gt; false,
                    &quot;initial-connect-attempts&quot; =&gt; 1,
                    &quot;initial-message-packet-size&quot; =&gt; 1500,
                    &quot;jndi-params&quot; =&gt; undefined,
                    &quot;max-pool-size&quot; =&gt; -1,
                    &quot;max-retry-interval&quot; =&gt; 2000L,
                    &quot;min-large-message-size&quot; =&gt; 102400,
                    &quot;min-pool-size&quot; =&gt; -1,
                    &quot;password&quot; =&gt; &quot;alicepassword&quot;,
                    &quot;pre-acknowledge&quot; =&gt; false,
                    &quot;producer-max-rate&quot; =&gt; -1,
                    &quot;producer-window-size&quot; =&gt; 65536,
                    &quot;reconnect-attempts&quot; =&gt; -1,
                    &quot;retry-interval&quot; =&gt; 2000L,
                    &quot;retry-interval-multiplier&quot; =&gt; 1.0,
                    &quot;scheduled-thread-pool-max-size&quot; =&gt; 5,
                    &quot;setup-attempts&quot; =&gt; undefined,
                    &quot;setup-interval&quot; =&gt; undefined,
                    &quot;thread-pool-max-size&quot; =&gt; 30,
                    &quot;transaction&quot; =&gt; &quot;none&quot;,
                    &quot;transaction-batch-size&quot; =&gt; 1048576,
                    &quot;use-auto-recovery&quot; =&gt; true,
                    &quot;use-global-pools&quot; =&gt; true,
                    &quot;use-jndi&quot; =&gt; undefined,
                    &quot;use-local-tx&quot; =&gt; undefined,
                    &quot;user&quot; =&gt; &quot;alice&quot;
                }
            },
            &quot;queue&quot; =&gt; {
                &quot;coreQueueA&quot; =&gt; {
                    &quot;durable&quot; =&gt; true,
                    &quot;filter&quot; =&gt; &quot;afilter&quot;,
                    &quot;queue-address&quot; =&gt; &quot;addressA&quot;
                },
                &quot;coreQueueB&quot; =&gt; {
                    &quot;durable&quot; =&gt; true,
                    &quot;filter&quot; =&gt; undefined,
                    &quot;queue-address&quot; =&gt; &quot;addressB&quot;
                }
            },
            &quot;remote-acceptor&quot; =&gt; {
                &quot;netty&quot; =&gt; {
                    &quot;param&quot; =&gt; undefined,
                    &quot;socket-binding&quot; =&gt; &quot;messaging&quot;
                },
                &quot;netty-throughput&quot; =&gt; {
                    &quot;socket-binding&quot; =&gt; &quot;messaging-throughput&quot;,
                    &quot;param&quot; =&gt; {
                        &quot;batch-delay&quot; =&gt; {&quot;value&quot; =&gt; &quot;50&quot;},
                        &quot;direct-deliver&quot; =&gt; {&quot;value&quot; =&gt; &quot;false&quot;}
                    }
                }
            },
            &quot;remote-connector&quot; =&gt; {
                &quot;netty&quot; =&gt; {
                    &quot;param&quot; =&gt; undefined,
                    &quot;socket-binding&quot; =&gt; &quot;messaging&quot;
                },
                &quot;netty-throughput&quot; =&gt; {
                    &quot;socket-binding&quot; =&gt; &quot;messaging-throughput&quot;,
                    &quot;param&quot; =&gt; {&quot;batch-delay&quot; =&gt; {&quot;value&quot; =&gt; &quot;50&quot;}}
                }
            },
            &quot;security-setting&quot; =&gt; {&quot;#&quot; =&gt; {&quot;role&quot; =&gt; {
                &quot;guest&quot; =&gt; {
                    &quot;consume&quot; =&gt; true,
                    &quot;create-durable-queue&quot; =&gt; false,
                    &quot;create-non-durable-queue&quot; =&gt; true,
                    &quot;delete-durable-queue&quot; =&gt; false,
                    &quot;delete-non-durable-queue&quot; =&gt; true,
                    &quot;manage&quot; =&gt; false,
                    &quot;send&quot; =&gt; true
                },
                &quot;adming&quot; =&gt; {
                    &quot;consume&quot; =&gt; false,
                    &quot;create-durable-queue&quot; =&gt; false,
                    &quot;create-non-durable-queue&quot; =&gt; false,
                    &quot;delete-durable-queue&quot; =&gt; false,
                    &quot;delete-non-durable-queue&quot; =&gt; false,
                    &quot;manage&quot; =&gt; true,
                    &quot;send&quot; =&gt; false
                }
            }}}
        },
        &quot;empty&quot; =&gt; {
            &quot;acceptor&quot; =&gt; undefined,
            &quot;address-setting&quot; =&gt; undefined,
            &quot;allow-failback&quot; =&gt; true,
            &quot;async-connection-execution-enabled&quot; =&gt; true,
            &quot;backup&quot; =&gt; false,
            &quot;backup-group-name&quot; =&gt; undefined,
            &quot;bridge&quot; =&gt; undefined,
            &quot;broadcast-group&quot; =&gt; undefined,
            &quot;check-for-live-server&quot; =&gt; false,
            &quot;cluster-connection&quot; =&gt; undefined,
            &quot;cluster-password&quot; =&gt; &quot;CHANGE ME!!&quot;,
            &quot;cluster-user&quot; =&gt; &quot;HORNETQ.CLUSTER.ADMIN.USER&quot;,
            &quot;clustered&quot; =&gt; false,
            &quot;connection-factory&quot; =&gt; undefined,
            &quot;connection-ttl-override&quot; =&gt; -1L,
            &quot;connector&quot; =&gt; undefined,
            &quot;connector-service&quot; =&gt; undefined,
            &quot;create-bindings-dir&quot; =&gt; true,
            &quot;create-journal-dir&quot; =&gt; true,
            &quot;discovery-group&quot; =&gt; undefined,
            &quot;divert&quot; =&gt; undefined,
            &quot;failback-delay&quot; =&gt; 5000L,
            &quot;failover-on-shutdown&quot; =&gt; false,
            &quot;grouping-handler&quot; =&gt; undefined,
            &quot;id-cache-size&quot; =&gt; 20000,
            &quot;in-vm-acceptor&quot; =&gt; undefined,
            &quot;in-vm-connector&quot; =&gt; undefined,
            &quot;jms-queue&quot; =&gt; undefined,
            &quot;jms-topic&quot; =&gt; undefined,
            &quot;jmx-domain&quot; =&gt; &quot;org.hornetq&quot;,
            &quot;jmx-management-enabled&quot; =&gt; false,
            &quot;journal-buffer-size&quot; =&gt; undefined,
            &quot;journal-buffer-timeout&quot; =&gt; undefined,
            &quot;journal-compact-min-files&quot; =&gt; 10,
            &quot;journal-compact-percentage&quot; =&gt; 30,
            &quot;journal-file-size&quot; =&gt; 10485760,
            &quot;journal-max-io&quot; =&gt; undefined,
            &quot;journal-min-files&quot; =&gt; 2,
            &quot;journal-sync-non-transactional&quot; =&gt; true,
            &quot;journal-sync-transactional&quot; =&gt; true,
            &quot;journal-type&quot; =&gt; &quot;ASYNCIO&quot;,
            &quot;log-journal-write-rate&quot; =&gt; false,
            &quot;management-address&quot; =&gt; &quot;jms.queue.hornetq.management&quot;,
            &quot;management-notification-address&quot; =&gt; &quot;hornetq.notifications&quot;,
            &quot;memory-measure-interval&quot; =&gt; -1L,
            &quot;memory-warning-threshold&quot; =&gt; 25,
            &quot;message-counter-enabled&quot; =&gt; false,
            &quot;message-counter-max-day-history&quot; =&gt; 10,
            &quot;message-counter-sample-period&quot; =&gt; 10000L,
            &quot;message-expiry-scan-period&quot; =&gt; 30000L,
            &quot;message-expiry-thread-priority&quot; =&gt; 3,
            &quot;page-max-concurrent-io&quot; =&gt; 5,
            &quot;path&quot; =&gt; undefined,
            &quot;perf-blast-pages&quot; =&gt; -1,
            &quot;persist-delivery-count-before-delivery&quot; =&gt; false,
            &quot;persist-id-cache&quot; =&gt; true,
            &quot;persistence-enabled&quot; =&gt; true,
            &quot;pooled-connection-factory&quot; =&gt; undefined,
            &quot;queue&quot; =&gt; undefined,
            &quot;remote-acceptor&quot; =&gt; undefined,
            &quot;remote-connector&quot; =&gt; undefined,
            &quot;remoting-incoming-interceptors&quot; =&gt; undefined,
            &quot;remoting-interceptors&quot; =&gt; undefined,
            &quot;remoting-outgoing-interceptors&quot; =&gt; undefined,
            &quot;replication-clustername&quot; =&gt; undefined,
            &quot;run-sync-speed-test&quot; =&gt; false,
            &quot;runtime-queue&quot; =&gt; undefined,
            &quot;scheduled-thread-pool-max-size&quot; =&gt; 5,
            &quot;security-domain&quot; =&gt; &quot;other&quot;,
            &quot;security-enabled&quot; =&gt; true,
            &quot;security-invalidation-interval&quot; =&gt; 10000L,
            &quot;security-setting&quot; =&gt; undefined,
            &quot;server-dump-interval&quot; =&gt; -1L,
            &quot;shared-store&quot; =&gt; true,
            &quot;thread-pool-max-size&quot; =&gt; 30,
            &quot;transaction-timeout&quot; =&gt; 300000L,
            &quot;transaction-timeout-scan-period&quot; =&gt; 1000L,
            &quot;wild-card-routing-enabled&quot; =&gt; true
        }
    }
}
ModelTestUtils.compare: [hornetq-server]
                        [hornetq-server]
ModelTestUtils.compare: [default, empty]
                        [default, empty]
ModelTestUtils.compare: [acceptor, address-setting, allow-failback, async-connection-execution-enabled, backup, bridge, broadcast-group, check-for-live-server, cluster-connection, cluster-password, cluster-user, clustered, connection-factory, connection-ttl-override, connector, connector-service, create-bindings-dir, create-journal-dir, discovery-group, divert, failback-delay, failover-on-shutdown, grouping-handler, id-cache-size, in-vm-acceptor, in-vm-connector, jms-queue, jms-topic, jmx-domain, jmx-management-enabled, journal-buffer-size, journal-buffer-timeout, journal-compact-min-files, journal-compact-percentage, journal-file-size, journal-max-io, journal-min-files, journal-sync-non-transactional, journal-sync-transactional, journal-type, log-journal-write-rate, management-address, management-notification-address, memory-measure-interval, memory-warning-threshold, message-counter-enabled, message-counter-max-day-history, message-counter-sample-period, message-expiry-scan-period, message-expiry-thread-priority, page-max-concurrent-io, path, perf-blast-pages, persist-delivery-count-before-delivery, persist-id-cache, persistence-enabled, pooled-connection-factory, queue, remote-acceptor, remote-connector, remoting-interceptors, run-sync-speed-test, scheduled-thread-pool-max-size, security-domain, security-enabled, security-invalidation-interval, security-setting, server-dump-interval, shared-store, thread-pool-max-size, transaction-timeout, transaction-timeout-scan-period, wild-card-routing-enabled]
                        [acceptor, address-setting, allow-failback, async-connection-execution-enabled, backup, bridge, broadcast-group, check-for-live-server, cluster-connection, cluster-password, cluster-user, connection-factory, connection-ttl-override, connector, connector-service, create-bindings-dir, create-journal-dir, discovery-group, divert, failback-delay, failover-on-shutdown, grouping-handler, id-cache-size, in-vm-acceptor, in-vm-connector, jms-queue, jms-topic, jmx-domain, jmx-management-enabled, journal-buffer-size, journal-buffer-timeout, journal-compact-min-files, journal-compact-percentage, journal-file-size, journal-max-io, journal-min-files, journal-sync-non-transactional, journal-sync-transactional, journal-type, log-journal-write-rate, management-address, management-notification-address, memory-measure-interval, memory-warning-threshold, message-counter-enabled, message-counter-max-day-history, message-counter-sample-period, message-expiry-scan-period, message-expiry-thread-priority, page-max-concurrent-io, path, perf-blast-pages, persist-delivery-count-before-delivery, persist-id-cache, persistence-enabled, pooled-connection-factory, queue, remote-acceptor, remote-connector, remoting-interceptors, run-sync-speed-test, scheduled-thread-pool-max-size, security-domain, security-enabled, security-invalidation-interval, security-setting, server-dump-interval, shared-store, thread-pool-max-size, transaction-timeout, transaction-timeout-scan-period, wild-card-routing-enabled]
</system-out>
    <system-err>Nov 19, 2013 2:23:57 PM org.jboss.as.messaging.MessagingSubsystemParser processHornetQServer
WARN: JBAS011608: Element CLUSTERED is deprecated and will not be taken into account
Nov 19, 2013 2:23:57 PM org.jboss.as.messaging.Messaging12SubsystemParser processBridge
WARN: JBAS011608: Element FAILOVER_ON_SERVER_SHUTDOWN is deprecated and will not be taken into account
Nov 19, 2013 2:23:58 PM org.jboss.msc.service.ServiceContainerImpl &lt;clinit&gt;
INFO: JBoss MSC version 1.2.0.CR1
Nov 19, 2013 2:23:58 PM org.jboss.as.controller.AttributeDefinition validateAndSet
INFO: JBAS014627: Attribute clustered is deprecated, and it might be removed in future version!
Nov 19, 2013 2:23:58 PM org.jboss.as.controller.AttributeDefinition validateAndSet
INFO: JBAS014627: Attribute remoting-interceptors is deprecated, and it might be removed in future version!
Nov 19, 2013 2:23:58 PM org.jboss.as.controller.AttributeDefinition validateAndSet
INFO: JBAS014627: Attribute local-bind-address is deprecated, and it might be removed in future version!
Nov 19, 2013 2:23:58 PM org.jboss.as.controller.AttributeDefinition validateAndSet
INFO: JBAS014627: Attribute local-bind-port is deprecated, and it might be removed in future version!
Nov 19, 2013 2:23:58 PM org.jboss.as.controller.AttributeDefinition validateAndSet
INFO: JBAS014627: Attribute group-address is deprecated, and it might be removed in future version!
Nov 19, 2013 2:23:58 PM org.jboss.as.controller.AttributeDefinition validateAndSet
INFO: JBAS014627: Attribute group-port is deprecated, and it might be removed in future version!
Nov 19, 2013 2:23:58 PM org.jboss.as.controller.AttributeDefinition validateAndSet
INFO: JBAS014627: Attribute group-address is deprecated, and it might be removed in future version!
Nov 19, 2013 2:23:58 PM org.jboss.as.controller.AttributeDefinition validateAndSet
INFO: JBAS014627: Attribute group-port is deprecated, and it might be removed in future version!
Nov 19, 2013 2:23:58 PM org.jboss.as.controller.AttributeDefinition validateAndSet
INFO: JBAS014627: Attribute local-bind-address is deprecated, and it might be removed in future version!
Nov 19, 2013 2:23:58 PM org.jboss.as.controller.AttributeDefinition validateAndSet
INFO: JBAS014627: Attribute group-address is deprecated, and it might be removed in future version!
Nov 19, 2013 2:23:58 PM org.jboss.as.controller.AttributeDefinition validateAndSet
INFO: JBAS014627: Attribute group-port is deprecated, and it might be removed in future version!
Nov 19, 2013 2:23:58 PM org.jboss.as.controller.AttributeDefinition validateAndSet
INFO: JBAS014627: Attribute group-address is deprecated, and it might be removed in future version!
Nov 19, 2013 2:23:58 PM org.jboss.as.controller.AttributeDefinition validateAndSet
INFO: JBAS014627: Attribute group-port is deprecated, and it might be removed in future version!
Nov 19, 2013 2:23:58 PM org.jboss.as.controller.AttributeDefinition validateAndSet
INFO: JBAS014627: Attribute failover-on-server-shutdown is deprecated, and it might be removed in future version!
Nov 19, 2013 2:23:58 PM org.jboss.as.controller.AttributeDefinition validateAndSet
INFO: JBAS014627: Attribute failover-on-server-shutdown is deprecated, and it might be removed in future version!
Nov 19, 2013 2:23:58 PM org.jboss.as.controller.AttributeDefinition validateAndSet
INFO: JBAS014627: Attribute failover-on-server-shutdown is deprecated, and it might be removed in future version!
Nov 19, 2013 2:23:59 PM org.jboss.as.controller.AttributeDefinition validateAndSet
INFO: JBAS014627: Attribute remoting-interceptors is deprecated, and it might be removed in future version!
Nov 19, 2013 2:23:59 PM org.jboss.as.controller.AttributeDefinition validateAndSet
INFO: JBAS014627: Attribute local-bind-address is deprecated, and it might be removed in future version!
Nov 19, 2013 2:23:59 PM org.jboss.as.controller.AttributeDefinition validateAndSet
INFO: JBAS014627: Attribute local-bind-port is deprecated, and it might be removed in future version!
Nov 19, 2013 2:23:59 PM org.jboss.as.controller.AttributeDefinition validateAndSet
INFO: JBAS014627: Attribute group-address is deprecated, and it might be removed in future version!
Nov 19, 2013 2:23:59 PM org.jboss.as.controller.AttributeDefinition validateAndSet
INFO: JBAS014627: Attribute group-port is deprecated, and it might be removed in future version!
Nov 19, 2013 2:23:59 PM org.jboss.as.controller.AttributeDefinition validateAndSet
INFO: JBAS014627: Attribute group-address is deprecated, and it might be removed in future version!
Nov 19, 2013 2:23:59 PM org.jboss.as.controller.AttributeDefinition validateAndSet
INFO: JBAS014627: Attribute group-port is deprecated, and it might be removed in future version!
Nov 19, 2013 2:23:59 PM org.jboss.as.controller.AttributeDefinition validateAndSet
INFO: JBAS014627: Attribute local-bind-address is deprecated, and it might be removed in future version!
Nov 19, 2013 2:23:59 PM org.jboss.as.controller.AttributeDefinition validateAndSet
INFO: JBAS014627: Attribute group-address is deprecated, and it might be removed in future version!
Nov 19, 2013 2:23:59 PM org.jboss.as.controller.AttributeDefinition validateAndSet
INFO: JBAS014627: Attribute group-port is deprecated, and it might be removed in future version!
Nov 19, 2013 2:23:59 PM org.jboss.as.controller.AttributeDefinition validateAndSet
INFO: JBAS014627: Attribute group-address is deprecated, and it might be removed in future version!
Nov 19, 2013 2:23:59 PM org.jboss.as.controller.AttributeDefinition validateAndSet
INFO: JBAS014627: Attribute group-port is deprecated, and it might be removed in future version!
Nov 19, 2013 2:23:59 PM org.jboss.as.controller.AttributeDefinition validateAndSet
INFO: JBAS014627: Attribute failover-on-server-shutdown is deprecated, and it might be removed in future version!
Nov 19, 2013 2:23:59 PM org.jboss.as.controller.AttributeDefinition validateAndSet
INFO: JBAS014627: Attribute failover-on-server-shutdown is deprecated, and it might be removed in future version!
Nov 19, 2013 2:23:59 PM org.jboss.as.controller.AbstractOperationContext executeStep
ERROR: JBAS014613: Operation (&quot;add&quot;) failed - address: ([
    (&quot;subsystem&quot; =&gt; &quot;messaging&quot;),
    (&quot;hornetq-server&quot; =&gt; &quot;default&quot;)
]) - failure description: &quot;JBAS014802: Cannot resolve expression &apos;expression \&quot;${messaging.cluster.user.password}\&quot;&apos; -- java.lang.IllegalStateException: Failed to resolve expression: ${messaging.cluster.user.password}&quot;
Nov 19, 2013 2:23:59 PM org.jboss.as.controller.AbstractOperationContext executeStep
ERROR: JBAS014613: Operation (&quot;add&quot;) failed - address: ([
    (&quot;subsystem&quot; =&gt; &quot;messaging&quot;),
    (&quot;hornetq-server&quot; =&gt; &quot;default&quot;)
]) - failure description: &quot;JBAS014802: Cannot resolve expression &apos;expression \&quot;${messaging.cluster.user.password}\&quot;&apos; -- java.lang.IllegalStateException: Failed to resolve expression: ${messaging.cluster.user.password}&quot;
Nov 19, 2013 2:23:59 PM org.jboss.as.controller.AbstractOperationContext executeStep
ERROR: JBAS014613: Operation (&quot;add&quot;) failed - address: ([
    (&quot;subsystem&quot; =&gt; &quot;messaging&quot;),
    (&quot;hornetq-server&quot; =&gt; &quot;empty&quot;)
]) - failure description: {&quot;JBAS014771: Services with missing/unavailable dependencies&quot; =&gt; [
    &quot;jboss.messaging.empty is missing [jboss.security.security-domain.other]&quot;,
    &quot;jboss.messaging.empty.jms.manager is missing [jboss.as.server-executor]&quot;
]}
Nov 19, 2013 2:23:59 PM org.jboss.as.controller.ContainerStateMonitor release
INFO: JBAS014774: Service status report
JBAS014775:    New missing/unsatisfied dependencies:
      service jboss.as.server-executor (missing) dependents: [service jboss.messaging.empty.jms.manager] 
      service jboss.binding.group-s-binding (missing) dependents: [service jboss.messaging.default.bindings.broadcast.groupS] 
      service jboss.binding.group-t-binding (missing) dependents: [service jboss.messaging.default.bindings.discovery.groupT] 
      service jboss.security.security-domain.other (missing) dependents: [service jboss.messaging.empty] 

</system-err>
  </testcase>
  <testcase time="5.129" classname="org.jboss.as.messaging.test.MessagingSubsystem20TestCase" name="testTransformersEAP600">
    <skipped/>
  </testcase>
  <testcase time="5.129" classname="org.jboss.as.messaging.test.MessagingSubsystem20TestCase" name="testTransformersEAP601">
    <skipped/>
  </testcase>
  <testcase time="5.129" classname="org.jboss.as.messaging.test.MessagingSubsystem20TestCase" name="testTransformersEAP610">
    <skipped/>
  </testcase>
  <testcase time="5.129" classname="org.jboss.as.messaging.test.MessagingSubsystem20TestCase" name="testTransformersEAP611">
    <skipped/>
  </testcase>
  <testcase time="5.129" classname="org.jboss.as.messaging.test.MessagingSubsystem20TestCase" name="testExpressions">
    <skipped/>
  </testcase>
  <testcase time="5.13" classname="org.jboss.as.messaging.test.MessagingSubsystem20TestCase" name="testClusteredTo120">
    <skipped/>
  </testcase>
  <testcase time="5.13" classname="org.jboss.as.messaging.test.MessagingSubsystem20TestCase" name="testRejectExpressionsAS712">
    <skipped/>
  </testcase>
  <testcase time="5.13" classname="org.jboss.as.messaging.test.MessagingSubsystem20TestCase" name="testRejectExpressionsAS713">
    <skipped/>
  </testcase>
  <testcase time="5.13" classname="org.jboss.as.messaging.test.MessagingSubsystem20TestCase" name="testRejectExpressionsAS720">
    <skipped/>
  </testcase>
  <testcase time="5.13" classname="org.jboss.as.messaging.test.MessagingSubsystem20TestCase" name="testRejectExpressionsEAP600">
    <skipped/>
  </testcase>
  <testcase time="5.13" classname="org.jboss.as.messaging.test.MessagingSubsystem20TestCase" name="testRejectExpressionsEAP601">
    <skipped/>
  </testcase>
  <testcase time="5.13" classname="org.jboss.as.messaging.test.MessagingSubsystem20TestCase" name="testRejectExpressionsEAP610">
    <skipped/>
  </testcase>
  <testcase time="5.13" classname="org.jboss.as.messaging.test.MessagingSubsystem20TestCase" name="testRejectExpressionsEAP611">
    <skipped/>
  </testcase>
  <testcase time="2.05" classname="org.jboss.as.messaging.test.MessagingSubsystem20TestCase" name="testSubsystem"/>
</testsuite>